{"/Users/alpha300uk/workspace/alpha300uk/0.toy-project/markdown-explorer/project/markdown-explorer-v1/components/Editor.tsx": {"path":"/Users/alpha300uk/workspace/alpha300uk/0.toy-project/markdown-explorer/project/markdown-explorer-v1/components/Editor.tsx","statementMap":{"0":{"start":{"line":5,"column":2},"end":{"line":19,"column":4}}},"fnMap":{"0":{"name":"Editor","decl":{"start":{"line":4,"column":24},"end":{"line":4,"column":30}},"loc":{"start":{"line":4,"column":374},"end":{"line":20,"column":1}},"line":4}},"branchMap":{"0":{"loc":{"start":{"line":13,"column":15},"end":{"line":13,"column":45}},"type":"cond-expr","locations":[{"start":{"line":13,"column":24},"end":{"line":13,"column":33}},{"start":{"line":13,"column":36},"end":{"line":13,"column":45}}],"line":13}},"s":{"0":0},"f":{"0":0},"b":{"0":[0,0]}}
,"/Users/alpha300uk/workspace/alpha300uk/0.toy-project/markdown-explorer/project/markdown-explorer-v1/components/Editor.web.tsx": {"path":"/Users/alpha300uk/workspace/alpha300uk/0.toy-project/markdown-explorer/project/markdown-explorer-v1/components/Editor.web.tsx","statementMap":{"0":{"start":{"line":19,"column":0},"end":{"line":19,"column":61}},"1":{"start":{"line":21,"column":21},"end":{"line":21,"column":59}},"2":{"start":{"line":24,"column":24},"end":{"line":24,"column":44}},"3":{"start":{"line":25,"column":28},"end":{"line":25,"column":48}},"4":{"start":{"line":27,"column":2},"end":{"line":41,"column":22}},"5":{"start":{"line":29,"column":4},"end":{"line":29,"column":83}},"6":{"start":{"line":30,"column":24},"end":{"line":39,"column":5}},"7":{"start":{"line":31,"column":6},"end":{"line":38,"column":7}},"8":{"start":{"line":32,"column":19},"end":{"line":32,"column":71}},"9":{"start":{"line":33,"column":24},"end":{"line":33,"column":55}},"10":{"start":{"line":34,"column":8},"end":{"line":34,"column":20}},"11":{"start":{"line":35,"column":8},"end":{"line":35,"column":21}},"12":{"start":{"line":37,"column":8},"end":{"line":37,"column":57}},"13":{"start":{"line":40,"column":4},"end":{"line":40,"column":29}},"14":{"start":{"line":40,"column":15},"end":{"line":40,"column":29}},"15":{"start":{"line":43,"column":2},"end":{"line":45,"column":3}},"16":{"start":{"line":44,"column":4},"end":{"line":44,"column":252}},"17":{"start":{"line":47,"column":2},"end":{"line":47,"column":159}},"18":{"start":{"line":50,"column":27},"end":{"line":209,"column":1}},"19":{"start":{"line":51,"column":21},"end":{"line":51,"column":51}},"20":{"start":{"line":52,"column":36},"end":{"line":57,"column":4}},"21":{"start":{"line":53,"column":4},"end":{"line":53,"column":51}},"22":{"start":{"line":53,"column":38},"end":{"line":53,"column":51}},"23":{"start":{"line":54,"column":16},"end":{"line":54,"column":24}},"24":{"start":{"line":55,"column":25},"end":{"line":55,"column":47}},"25":{"start":{"line":56,"column":4},"end":{"line":56,"column":52}},"26":{"start":{"line":59,"column":19},"end":{"line":59,"column":44}},"27":{"start":{"line":60,"column":20},"end":{"line":60,"column":56}},"28":{"start":{"line":62,"column":23},"end":{"line":62,"column":27}},"29":{"start":{"line":64,"column":2},"end":{"line":92,"column":49}},"30":{"start":{"line":65,"column":34},"end":{"line":85,"column":5}},"31":{"start":{"line":66,"column":6},"end":{"line":66,"column":47}},"32":{"start":{"line":66,"column":40},"end":{"line":66,"column":47}},"33":{"start":{"line":68,"column":24},"end":{"line":68,"column":46}},"34":{"start":{"line":79,"column":18},"end":{"line":79,"column":26}},"35":{"start":{"line":80,"column":23},"end":{"line":80,"column":75}},"36":{"start":{"line":82,"column":6},"end":{"line":84,"column":7}},"37":{"start":{"line":83,"column":8},"end":{"line":83,"column":31}},"38":{"start":{"line":88,"column":4},"end":{"line":88,"column":28}},"39":{"start":{"line":90,"column":4},"end":{"line":90,"column":56}},"40":{"start":{"line":91,"column":4},"end":{"line":91,"column":70}},"41":{"start":{"line":91,"column":17},"end":{"line":91,"column":69}},"42":{"start":{"line":94,"column":21},"end":{"line":100,"column":3}},"43":{"start":{"line":95,"column":4},"end":{"line":99,"column":5}},"44":{"start":{"line":96,"column":6},"end":{"line":98,"column":42}},"45":{"start":{"line":97,"column":20},"end":{"line":97,"column":54}},"46":{"start":{"line":98,"column":22},"end":{"line":98,"column":40}},"47":{"start":{"line":102,"column":26},"end":{"line":111,"column":3}},"48":{"start":{"line":103,"column":4},"end":{"line":103,"column":24}},"49":{"start":{"line":104,"column":4},"end":{"line":104,"column":23}},"50":{"start":{"line":105,"column":4},"end":{"line":110,"column":5}},"51":{"start":{"line":106,"column":6},"end":{"line":109,"column":12}},"52":{"start":{"line":107,"column":8},"end":{"line":107,"column":55}},"53":{"start":{"line":108,"column":8},"end":{"line":108,"column":28}},"54":{"start":{"line":113,"column":25},"end":{"line":113,"column":41}},"55":{"start":{"line":115,"column":2},"end":{"line":208,"column":4}},"56":{"start":{"line":178,"column":37},"end":{"line":178,"column":57}},"57":{"start":{"line":178,"column":58},"end":{"line":178,"column":71}},"58":{"start":{"line":211,"column":35},"end":{"line":211,"column":65}},"59":{"start":{"line":213,"column":24},"end":{"line":217,"column":2}},"60":{"start":{"line":215,"column":4},"end":{"line":215,"column":61}},"61":{"start":{"line":219,"column":25},"end":{"line":290,"column":1}},"62":{"start":{"line":220,"column":21},"end":{"line":220,"column":51}},"63":{"start":{"line":221,"column":36},"end":{"line":221,"column":51}},"64":{"start":{"line":222,"column":36},"end":{"line":227,"column":4}},"65":{"start":{"line":223,"column":4},"end":{"line":223,"column":51}},"66":{"start":{"line":223,"column":38},"end":{"line":223,"column":51}},"67":{"start":{"line":224,"column":27},"end":{"line":224,"column":49}},"68":{"start":{"line":225,"column":16},"end":{"line":225,"column":24}},"69":{"start":{"line":226,"column":4},"end":{"line":226,"column":62}},"70":{"start":{"line":229,"column":2},"end":{"line":247,"column":49}},"71":{"start":{"line":230,"column":34},"end":{"line":241,"column":5}},"72":{"start":{"line":231,"column":6},"end":{"line":231,"column":47}},"73":{"start":{"line":231,"column":40},"end":{"line":231,"column":47}},"74":{"start":{"line":233,"column":29},"end":{"line":233,"column":51}},"75":{"start":{"line":234,"column":18},"end":{"line":234,"column":26}},"76":{"start":{"line":236,"column":23},"end":{"line":236,"column":73}},"77":{"start":{"line":238,"column":6},"end":{"line":240,"column":7}},"78":{"start":{"line":239,"column":8},"end":{"line":239,"column":31}},"79":{"start":{"line":243,"column":4},"end":{"line":243,"column":56}},"80":{"start":{"line":244,"column":4},"end":{"line":246,"column":6}},"81":{"start":{"line":245,"column":6},"end":{"line":245,"column":59}},"82":{"start":{"line":249,"column":16},"end":{"line":249,"column":32}},"83":{"start":{"line":250,"column":21},"end":{"line":250,"column":39}},"84":{"start":{"line":251,"column":29},"end":{"line":251,"column":51}},"85":{"start":{"line":253,"column":22},"end":{"line":259,"column":3}},"86":{"start":{"line":254,"column":4},"end":{"line":254,"column":23}},"87":{"start":{"line":255,"column":4},"end":{"line":255,"column":24}},"88":{"start":{"line":256,"column":22},"end":{"line":256,"column":49}},"89":{"start":{"line":257,"column":4},"end":{"line":257,"column":43}},"90":{"start":{"line":258,"column":4},"end":{"line":258,"column":24}},"91":{"start":{"line":261,"column":2},"end":{"line":289,"column":4}},"92":{"start":{"line":264,"column":26},"end":{"line":264,"column":44}},"93":{"start":{"line":265,"column":26},"end":{"line":265,"column":45}},"94":{"start":{"line":292,"column":33},"end":{"line":292,"column":61}},"95":{"start":{"line":294,"column":22},"end":{"line":340,"column":2}},"96":{"start":{"line":296,"column":4},"end":{"line":335,"column":6}},"97":{"start":{"line":299,"column":30},"end":{"line":299,"column":47}},"98":{"start":{"line":300,"column":33},"end":{"line":300,"column":42}},"99":{"start":{"line":301,"column":8},"end":{"line":301,"column":73}},"100":{"start":{"line":301,"column":60},"end":{"line":301,"column":73}},"101":{"start":{"line":303,"column":8},"end":{"line":306,"column":17}},"102":{"start":{"line":309,"column":30},"end":{"line":309,"column":47}},"103":{"start":{"line":310,"column":33},"end":{"line":310,"column":42}},"104":{"start":{"line":311,"column":8},"end":{"line":311,"column":73}},"105":{"start":{"line":311,"column":60},"end":{"line":311,"column":73}},"106":{"start":{"line":313,"column":8},"end":{"line":318,"column":9}},"107":{"start":{"line":314,"column":24},"end":{"line":314,"column":48}},"108":{"start":{"line":315,"column":10},"end":{"line":317,"column":11}},"109":{"start":{"line":316,"column":12},"end":{"line":316,"column":85}},"110":{"start":{"line":319,"column":8},"end":{"line":319,"column":21}},"111":{"start":{"line":322,"column":30},"end":{"line":322,"column":47}},"112":{"start":{"line":323,"column":33},"end":{"line":323,"column":42}},"113":{"start":{"line":324,"column":8},"end":{"line":324,"column":73}},"114":{"start":{"line":324,"column":60},"end":{"line":324,"column":73}},"115":{"start":{"line":326,"column":8},"end":{"line":332,"column":9}},"116":{"start":{"line":327,"column":24},"end":{"line":327,"column":48}},"117":{"start":{"line":328,"column":10},"end":{"line":330,"column":11}},"118":{"start":{"line":329,"column":12},"end":{"line":329,"column":85}},"119":{"start":{"line":331,"column":10},"end":{"line":331,"column":22}},"120":{"start":{"line":333,"column":8},"end":{"line":333,"column":21}},"121":{"start":{"line":338,"column":4},"end":{"line":338,"column":59}},"122":{"start":{"line":342,"column":28},"end":{"line":391,"column":1}},"123":{"start":{"line":343,"column":21},"end":{"line":343,"column":51}},"124":{"start":{"line":344,"column":36},"end":{"line":349,"column":4}},"125":{"start":{"line":345,"column":4},"end":{"line":345,"column":51}},"126":{"start":{"line":345,"column":38},"end":{"line":345,"column":51}},"127":{"start":{"line":346,"column":27},"end":{"line":346,"column":49}},"128":{"start":{"line":347,"column":16},"end":{"line":347,"column":24}},"129":{"start":{"line":348,"column":4},"end":{"line":348,"column":62}},"130":{"start":{"line":351,"column":2},"end":{"line":367,"column":49}},"131":{"start":{"line":352,"column":34},"end":{"line":361,"column":5}},"132":{"start":{"line":353,"column":6},"end":{"line":353,"column":47}},"133":{"start":{"line":353,"column":40},"end":{"line":353,"column":47}},"134":{"start":{"line":354,"column":29},"end":{"line":354,"column":51}},"135":{"start":{"line":355,"column":18},"end":{"line":355,"column":26}},"136":{"start":{"line":356,"column":23},"end":{"line":356,"column":73}},"137":{"start":{"line":358,"column":6},"end":{"line":360,"column":7}},"138":{"start":{"line":359,"column":8},"end":{"line":359,"column":31}},"139":{"start":{"line":363,"column":4},"end":{"line":363,"column":56}},"140":{"start":{"line":364,"column":4},"end":{"line":366,"column":6}},"141":{"start":{"line":365,"column":6},"end":{"line":365,"column":59}},"142":{"start":{"line":369,"column":2},"end":{"line":390,"column":4}},"143":{"start":{"line":393,"column":36},"end":{"line":393,"column":67}},"144":{"start":{"line":395,"column":25},"end":{"line":399,"column":2}},"145":{"start":{"line":397,"column":4},"end":{"line":397,"column":62}},"146":{"start":{"line":401,"column":30},"end":{"line":700,"column":2}},"147":{"start":{"line":404,"column":4},"end":{"line":627,"column":6}},"148":{"start":{"line":410,"column":14},"end":{"line":410,"column":53}},"149":{"start":{"line":411,"column":14},"end":{"line":411,"column":27}},"150":{"start":{"line":414,"column":14},"end":{"line":414,"column":54}},"151":{"start":{"line":415,"column":14},"end":{"line":419,"column":21}},"152":{"start":{"line":416,"column":16},"end":{"line":418,"column":17}},"153":{"start":{"line":417,"column":18},"end":{"line":417,"column":77}},"154":{"start":{"line":420,"column":14},"end":{"line":420,"column":27}},"155":{"start":{"line":425,"column":10},"end":{"line":425,"column":111}},"156":{"start":{"line":425,"column":39},"end":{"line":425,"column":101}},"157":{"start":{"line":425,"column":104},"end":{"line":425,"column":111}},"158":{"start":{"line":427,"column":19},"end":{"line":427,"column":30}},"159":{"start":{"line":428,"column":54},"end":{"line":433,"column":11}},"160":{"start":{"line":435,"column":29},"end":{"line":484,"column":11}},"161":{"start":{"line":436,"column":35},"end":{"line":436,"column":53}},"162":{"start":{"line":437,"column":30},"end":{"line":440,"column":67}},"163":{"start":{"line":440,"column":26},"end":{"line":440,"column":66}},"164":{"start":{"line":442,"column":12},"end":{"line":482,"column":13}},"165":{"start":{"line":443,"column":27},"end":{"line":443,"column":52}},"166":{"start":{"line":444,"column":14},"end":{"line":481,"column":15}},"167":{"start":{"line":445,"column":28},"end":{"line":445,"column":55}},"168":{"start":{"line":446,"column":16},"end":{"line":480,"column":17}},"169":{"start":{"line":447,"column":32},"end":{"line":447,"column":61}},"170":{"start":{"line":448,"column":18},"end":{"line":479,"column":19}},"171":{"start":{"line":449,"column":20},"end":{"line":449,"column":67}},"172":{"start":{"line":450,"column":20},"end":{"line":450,"column":49}},"173":{"start":{"line":451,"column":20},"end":{"line":451,"column":51}},"174":{"start":{"line":453,"column":36},"end":{"line":453,"column":59}},"175":{"start":{"line":454,"column":34},"end":{"line":454,"column":55}},"176":{"start":{"line":456,"column":34},"end":{"line":456,"column":41}},"177":{"start":{"line":457,"column":32},"end":{"line":457,"column":37}},"178":{"start":{"line":460,"column":20},"end":{"line":462,"column":75}},"179":{"start":{"line":460,"column":45},"end":{"line":460,"column":71}},"180":{"start":{"line":461,"column":25},"end":{"line":462,"column":75}},"181":{"start":{"line":461,"column":51},"end":{"line":461,"column":73}},"182":{"start":{"line":462,"column":25},"end":{"line":462,"column":75}},"183":{"start":{"line":462,"column":53},"end":{"line":462,"column":75}},"184":{"start":{"line":464,"column":20},"end":{"line":466,"column":71}},"185":{"start":{"line":464,"column":43},"end":{"line":464,"column":67}},"186":{"start":{"line":465,"column":25},"end":{"line":466,"column":71}},"187":{"start":{"line":465,"column":49},"end":{"line":465,"column":69}},"188":{"start":{"line":466,"column":25},"end":{"line":466,"column":71}},"189":{"start":{"line":466,"column":51},"end":{"line":466,"column":71}},"190":{"start":{"line":468,"column":20},"end":{"line":471,"column":21}},"191":{"start":{"line":469,"column":22},"end":{"line":469,"column":42}},"192":{"start":{"line":470,"column":22},"end":{"line":470,"column":38}},"193":{"start":{"line":473,"column":20},"end":{"line":477,"column":23}},"194":{"start":{"line":478,"column":20},"end":{"line":478,"column":32}},"195":{"start":{"line":483,"column":12},"end":{"line":483,"column":25}},"196":{"start":{"line":486,"column":30},"end":{"line":521,"column":11}},"197":{"start":{"line":487,"column":12},"end":{"line":487,"column":62}},"198":{"start":{"line":487,"column":49},"end":{"line":487,"column":62}},"199":{"start":{"line":488,"column":24},"end":{"line":488,"column":29}},"200":{"start":{"line":489,"column":12},"end":{"line":519,"column":15}},"201":{"start":{"line":490,"column":14},"end":{"line":490,"column":38}},"202":{"start":{"line":490,"column":25},"end":{"line":490,"column":38}},"203":{"start":{"line":491,"column":14},"end":{"line":518,"column":15}},"204":{"start":{"line":492,"column":45},"end":{"line":492,"column":81}},"205":{"start":{"line":493,"column":44},"end":{"line":493,"column":96}},"206":{"start":{"line":494,"column":35},"end":{"line":494,"column":113}},"207":{"start":{"line":495,"column":35},"end":{"line":495,"column":92}},"208":{"start":{"line":497,"column":16},"end":{"line":517,"column":17}},"209":{"start":{"line":498,"column":32},"end":{"line":498,"column":34}},"210":{"start":{"line":499,"column":18},"end":{"line":505,"column":19}},"211":{"start":{"line":500,"column":20},"end":{"line":500,"column":71}},"212":{"start":{"line":502,"column":32},"end":{"line":502,"column":52}},"213":{"start":{"line":503,"column":32},"end":{"line":503,"column":52}},"214":{"start":{"line":504,"column":20},"end":{"line":504,"column":52}},"215":{"start":{"line":507,"column":18},"end":{"line":507,"column":54}},"216":{"start":{"line":508,"column":18},"end":{"line":508,"column":46}},"217":{"start":{"line":510,"column":18},"end":{"line":514,"column":19}},"218":{"start":{"line":511,"column":21},"end":{"line":511,"column":89}},"219":{"start":{"line":513,"column":21},"end":{"line":513,"column":72}},"220":{"start":{"line":516,"column":18},"end":{"line":516,"column":31}},"221":{"start":{"line":520,"column":12},"end":{"line":520,"column":25}},"222":{"start":{"line":523,"column":31},"end":{"line":618,"column":11}},"223":{"start":{"line":524,"column":24},"end":{"line":524,"column":29}},"224":{"start":{"line":525,"column":12},"end":{"line":616,"column":15}},"225":{"start":{"line":526,"column":14},"end":{"line":526,"column":38}},"226":{"start":{"line":526,"column":25},"end":{"line":526,"column":38}},"227":{"start":{"line":527,"column":14},"end":{"line":615,"column":15}},"228":{"start":{"line":528,"column":29},"end":{"line":528,"column":45}},"229":{"start":{"line":529,"column":16},"end":{"line":529,"column":145}},"230":{"start":{"line":529,"column":138},"end":{"line":529,"column":145}},"231":{"start":{"line":531,"column":32},"end":{"line":536,"column":17}},"232":{"start":{"line":538,"column":16},"end":{"line":562,"column":17}},"233":{"start":{"line":540,"column":35},"end":{"line":540,"column":62}},"234":{"start":{"line":541,"column":18},"end":{"line":541,"column":42}},"235":{"start":{"line":541,"column":33},"end":{"line":541,"column":42}},"236":{"start":{"line":543,"column":18},"end":{"line":560,"column":19}},"237":{"start":{"line":544,"column":35},"end":{"line":544,"column":66}},"238":{"start":{"line":545,"column":38},"end":{"line":545,"column":62}},"239":{"start":{"line":546,"column":34},"end":{"line":546,"column":64}},"240":{"start":{"line":547,"column":32},"end":{"line":547,"column":72}},"241":{"start":{"line":550,"column":22},"end":{"line":551,"column":96}},"242":{"start":{"line":553,"column":20},"end":{"line":559,"column":21}},"243":{"start":{"line":554,"column":22},"end":{"line":554,"column":44}},"244":{"start":{"line":555,"column":22},"end":{"line":555,"column":54}},"245":{"start":{"line":556,"column":22},"end":{"line":556,"column":85}},"246":{"start":{"line":557,"column":22},"end":{"line":557,"column":35}},"247":{"start":{"line":558,"column":22},"end":{"line":558,"column":28}},"248":{"start":{"line":561,"column":18},"end":{"line":561,"column":35}},"249":{"start":{"line":561,"column":29},"end":{"line":561,"column":35}},"250":{"start":{"line":564,"column":16},"end":{"line":564,"column":40}},"251":{"start":{"line":564,"column":27},"end":{"line":564,"column":40}},"252":{"start":{"line":565,"column":16},"end":{"line":565,"column":66}},"253":{"start":{"line":565,"column":53},"end":{"line":565,"column":66}},"254":{"start":{"line":568,"column":33},"end":{"line":568,"column":74}},"255":{"start":{"line":570,"column":16},"end":{"line":588,"column":17}},"256":{"start":{"line":571,"column":32},"end":{"line":571,"column":56}},"257":{"start":{"line":572,"column":31},"end":{"line":572,"column":57}},"258":{"start":{"line":575,"column":20},"end":{"line":576,"column":94}},"259":{"start":{"line":578,"column":18},"end":{"line":587,"column":19}},"260":{"start":{"line":579,"column":38},"end":{"line":579,"column":102}},"261":{"start":{"line":580,"column":20},"end":{"line":584,"column":21}},"262":{"start":{"line":581,"column":35},"end":{"line":581,"column":61}},"263":{"start":{"line":582,"column":39},"end":{"line":582,"column":82}},"264":{"start":{"line":583,"column":23},"end":{"line":583,"column":59}},"265":{"start":{"line":585,"column":20},"end":{"line":585,"column":33}},"266":{"start":{"line":586,"column":20},"end":{"line":586,"column":26}},"267":{"start":{"line":590,"column":16},"end":{"line":590,"column":40}},"268":{"start":{"line":590,"column":27},"end":{"line":590,"column":40}},"269":{"start":{"line":593,"column":32},"end":{"line":593,"column":132}},"270":{"start":{"line":595,"column":16},"end":{"line":613,"column":17}},"271":{"start":{"line":596,"column":32},"end":{"line":596,"column":55}},"272":{"start":{"line":597,"column":30},"end":{"line":597,"column":55}},"273":{"start":{"line":600,"column":20},"end":{"line":601,"column":94}},"274":{"start":{"line":603,"column":18},"end":{"line":612,"column":19}},"275":{"start":{"line":604,"column":35},"end":{"line":604,"column":70}},"276":{"start":{"line":605,"column":20},"end":{"line":609,"column":21}},"277":{"start":{"line":606,"column":35},"end":{"line":606,"column":80}},"278":{"start":{"line":607,"column":38},"end":{"line":607,"column":85}},"279":{"start":{"line":608,"column":23},"end":{"line":608,"column":58}},"280":{"start":{"line":610,"column":20},"end":{"line":610,"column":33}},"281":{"start":{"line":611,"column":20},"end":{"line":611,"column":26}},"282":{"start":{"line":617,"column":12},"end":{"line":617,"column":25}},"283":{"start":{"line":620,"column":10},"end":{"line":620,"column":38}},"284":{"start":{"line":620,"column":28},"end":{"line":620,"column":38}},"285":{"start":{"line":621,"column":10},"end":{"line":621,"column":39}},"286":{"start":{"line":621,"column":29},"end":{"line":621,"column":39}},"287":{"start":{"line":622,"column":10},"end":{"line":622,"column":40}},"288":{"start":{"line":622,"column":30},"end":{"line":622,"column":40}},"289":{"start":{"line":624,"column":10},"end":{"line":624,"column":22}},"290":{"start":{"line":630,"column":33},"end":{"line":670,"column":5}},"291":{"start":{"line":631,"column":34},"end":{"line":631,"column":50}},"292":{"start":{"line":632,"column":36},"end":{"line":632,"column":51}},"293":{"start":{"line":634,"column":6},"end":{"line":634,"column":30}},"294":{"start":{"line":634,"column":17},"end":{"line":634,"column":30}},"295":{"start":{"line":636,"column":19},"end":{"line":636,"column":66}},"296":{"start":{"line":638,"column":25},"end":{"line":638,"column":100}},"297":{"start":{"line":639,"column":24},"end":{"line":639,"column":116}},"298":{"start":{"line":641,"column":6},"end":{"line":669,"column":7}},"299":{"start":{"line":643,"column":8},"end":{"line":648,"column":9}},"300":{"start":{"line":644,"column":21},"end":{"line":644,"column":29}},"301":{"start":{"line":645,"column":10},"end":{"line":645,"column":51}},"302":{"start":{"line":646,"column":10},"end":{"line":646,"column":55}},"303":{"start":{"line":647,"column":10},"end":{"line":647,"column":23}},"304":{"start":{"line":649,"column":8},"end":{"line":649,"column":20}},"305":{"start":{"line":650,"column":13},"end":{"line":669,"column":7}},"306":{"start":{"line":652,"column":8},"end":{"line":657,"column":9}},"307":{"start":{"line":653,"column":21},"end":{"line":653,"column":29}},"308":{"start":{"line":654,"column":10},"end":{"line":654,"column":51}},"309":{"start":{"line":655,"column":10},"end":{"line":655,"column":55}},"310":{"start":{"line":656,"column":10},"end":{"line":656,"column":23}},"311":{"start":{"line":658,"column":8},"end":{"line":658,"column":20}},"312":{"start":{"line":661,"column":8},"end":{"line":667,"column":9}},"313":{"start":{"line":662,"column":21},"end":{"line":662,"column":29}},"314":{"start":{"line":663,"column":10},"end":{"line":663,"column":38}},"315":{"start":{"line":664,"column":10},"end":{"line":664,"column":40}},"316":{"start":{"line":665,"column":10},"end":{"line":665,"column":102}},"317":{"start":{"line":666,"column":10},"end":{"line":666,"column":23}},"318":{"start":{"line":668,"column":8},"end":{"line":668,"column":20}},"319":{"start":{"line":672,"column":25},"end":{"line":686,"column":5}},"320":{"start":{"line":673,"column":34},"end":{"line":673,"column":50}},"321":{"start":{"line":674,"column":36},"end":{"line":674,"column":51}},"322":{"start":{"line":676,"column":6},"end":{"line":676,"column":30}},"323":{"start":{"line":676,"column":17},"end":{"line":676,"column":30}},"324":{"start":{"line":678,"column":6},"end":{"line":684,"column":7}},"325":{"start":{"line":679,"column":19},"end":{"line":679,"column":27}},"326":{"start":{"line":680,"column":8},"end":{"line":680,"column":38}},"327":{"start":{"line":681,"column":8},"end":{"line":681,"column":39}},"328":{"start":{"line":682,"column":8},"end":{"line":682,"column":102}},"329":{"start":{"line":683,"column":8},"end":{"line":683,"column":21}},"330":{"start":{"line":685,"column":6},"end":{"line":685,"column":18}},"331":{"start":{"line":688,"column":4},"end":{"line":698,"column":6}},"332":{"start":{"line":689,"column":21},"end":{"line":689,"column":47}},"333":{"start":{"line":690,"column":21},"end":{"line":690,"column":46}},"334":{"start":{"line":691,"column":21},"end":{"line":691,"column":46}},"335":{"start":{"line":692,"column":27},"end":{"line":692,"column":53}},"336":{"start":{"line":693,"column":18},"end":{"line":693,"column":42}},"337":{"start":{"line":694,"column":17},"end":{"line":694,"column":39}},"338":{"start":{"line":695,"column":17},"end":{"line":695,"column":39}},"339":{"start":{"line":696,"column":17},"end":{"line":696,"column":39}},"340":{"start":{"line":697,"column":17},"end":{"line":697,"column":39}},"341":{"start":{"line":705,"column":30},"end":{"line":745,"column":2}},"342":{"start":{"line":708,"column":4},"end":{"line":710,"column":6}},"343":{"start":{"line":713,"column":4},"end":{"line":743,"column":6}},"344":{"start":{"line":718,"column":37},"end":{"line":718,"column":49}},"345":{"start":{"line":719,"column":12},"end":{"line":719,"column":44}},"346":{"start":{"line":719,"column":31},"end":{"line":719,"column":44}},"347":{"start":{"line":721,"column":26},"end":{"line":721,"column":70}},"348":{"start":{"line":722,"column":30},"end":{"line":722,"column":80}},"349":{"start":{"line":722,"column":49},"end":{"line":722,"column":79}},"350":{"start":{"line":724,"column":12},"end":{"line":738,"column":13}},"351":{"start":{"line":725,"column":27},"end":{"line":725,"column":48}},"352":{"start":{"line":726,"column":14},"end":{"line":737,"column":15}},"353":{"start":{"line":727,"column":16},"end":{"line":727,"column":39}},"354":{"start":{"line":728,"column":16},"end":{"line":735,"column":19}},"355":{"start":{"line":729,"column":18},"end":{"line":734,"column":19}},"356":{"start":{"line":730,"column":48},"end":{"line":730,"column":52}},"357":{"start":{"line":731,"column":33},"end":{"line":731,"column":103}},"358":{"start":{"line":732,"column":31},"end":{"line":732,"column":66}},"359":{"start":{"line":733,"column":20},"end":{"line":733,"column":33}},"360":{"start":{"line":736,"column":16},"end":{"line":736,"column":28}},"361":{"start":{"line":739,"column":12},"end":{"line":739,"column":25}},"362":{"start":{"line":747,"column":20},"end":{"line":1013,"column":2}},"363":{"start":{"line":749,"column":4},"end":{"line":753,"column":6}},"364":{"start":{"line":756,"column":4},"end":{"line":1011,"column":6}},"365":{"start":{"line":757,"column":24},"end":{"line":757,"column":54}},"366":{"start":{"line":758,"column":6},"end":{"line":758,"column":44}},"367":{"start":{"line":759,"column":6},"end":{"line":759,"column":40}},"368":{"start":{"line":760,"column":6},"end":{"line":760,"column":40}},"369":{"start":{"line":761,"column":6},"end":{"line":761,"column":40}},"370":{"start":{"line":763,"column":18},"end":{"line":763,"column":47}},"371":{"start":{"line":764,"column":27},"end":{"line":764,"column":37}},"372":{"start":{"line":766,"column":20},"end":{"line":766,"column":29}},"373":{"start":{"line":767,"column":23},"end":{"line":767,"column":29}},"374":{"start":{"line":768,"column":6},"end":{"line":772,"column":7}},"375":{"start":{"line":769,"column":22},"end":{"line":769,"column":46}},"376":{"start":{"line":770,"column":8},"end":{"line":770,"column":27}},"377":{"start":{"line":771,"column":8},"end":{"line":771,"column":30}},"378":{"start":{"line":774,"column":6},"end":{"line":774,"column":39}},"379":{"start":{"line":775,"column":6},"end":{"line":775,"column":34}},"380":{"start":{"line":776,"column":6},"end":{"line":776,"column":35}},"381":{"start":{"line":777,"column":6},"end":{"line":777,"column":37}},"382":{"start":{"line":778,"column":6},"end":{"line":778,"column":35}},"383":{"start":{"line":779,"column":6},"end":{"line":779,"column":34}},"384":{"start":{"line":781,"column":6},"end":{"line":787,"column":7}},"385":{"start":{"line":782,"column":8},"end":{"line":784,"column":11}},"386":{"start":{"line":783,"column":10},"end":{"line":783,"column":48}},"387":{"start":{"line":783,"column":19},"end":{"line":783,"column":48}},"388":{"start":{"line":785,"column":13},"end":{"line":787,"column":7}},"389":{"start":{"line":786,"column":8},"end":{"line":786,"column":37}},"390":{"start":{"line":789,"column":28},"end":{"line":789,"column":57}},"391":{"start":{"line":790,"column":6},"end":{"line":790,"column":43}},"392":{"start":{"line":791,"column":6},"end":{"line":791,"column":48}},"393":{"start":{"line":792,"column":6},"end":{"line":792,"column":44}},"394":{"start":{"line":793,"column":6},"end":{"line":793,"column":38}},"395":{"start":{"line":795,"column":19},"end":{"line":795,"column":48}},"396":{"start":{"line":796,"column":6},"end":{"line":796,"column":61}},"397":{"start":{"line":797,"column":6},"end":{"line":797,"column":35}},"398":{"start":{"line":798,"column":6},"end":{"line":798,"column":35}},"399":{"start":{"line":799,"column":6},"end":{"line":799,"column":41}},"400":{"start":{"line":800,"column":6},"end":{"line":800,"column":39}},"401":{"start":{"line":801,"column":6},"end":{"line":801,"column":37}},"402":{"start":{"line":802,"column":6},"end":{"line":802,"column":43}},"403":{"start":{"line":803,"column":6},"end":{"line":803,"column":28}},"404":{"start":{"line":805,"column":6},"end":{"line":808,"column":9}},"405":{"start":{"line":806,"column":8},"end":{"line":806,"column":27}},"406":{"start":{"line":807,"column":8},"end":{"line":807,"column":28}},"407":{"start":{"line":810,"column":25},"end":{"line":810,"column":54}},"408":{"start":{"line":811,"column":6},"end":{"line":811,"column":40}},"409":{"start":{"line":812,"column":6},"end":{"line":812,"column":45}},"410":{"start":{"line":813,"column":6},"end":{"line":813,"column":35}},"411":{"start":{"line":815,"column":25},"end":{"line":815,"column":55}},"412":{"start":{"line":816,"column":6},"end":{"line":816,"column":38}},"413":{"start":{"line":817,"column":6},"end":{"line":817,"column":41}},"414":{"start":{"line":818,"column":6},"end":{"line":818,"column":41}},"415":{"start":{"line":820,"column":25},"end":{"line":820,"column":56}},"416":{"start":{"line":821,"column":6},"end":{"line":821,"column":65}},"417":{"start":{"line":822,"column":6},"end":{"line":822,"column":38}},"418":{"start":{"line":823,"column":6},"end":{"line":823,"column":38}},"419":{"start":{"line":824,"column":6},"end":{"line":824,"column":41}},"420":{"start":{"line":825,"column":6},"end":{"line":825,"column":43}},"421":{"start":{"line":826,"column":6},"end":{"line":826,"column":52}},"422":{"start":{"line":827,"column":6},"end":{"line":827,"column":44}},"423":{"start":{"line":828,"column":6},"end":{"line":828,"column":50}},"424":{"start":{"line":829,"column":6},"end":{"line":829,"column":41}},"425":{"start":{"line":830,"column":6},"end":{"line":830,"column":40}},"426":{"start":{"line":832,"column":24},"end":{"line":832,"column":56}},"427":{"start":{"line":833,"column":6},"end":{"line":833,"column":37}},"428":{"start":{"line":834,"column":6},"end":{"line":834,"column":40}},"429":{"start":{"line":835,"column":6},"end":{"line":835,"column":42}},"430":{"start":{"line":836,"column":6},"end":{"line":836,"column":41}},"431":{"start":{"line":837,"column":6},"end":{"line":837,"column":45}},"432":{"start":{"line":838,"column":6},"end":{"line":838,"column":51}},"433":{"start":{"line":839,"column":6},"end":{"line":839,"column":43}},"434":{"start":{"line":840,"column":6},"end":{"line":840,"column":40}},"435":{"start":{"line":842,"column":6},"end":{"line":842,"column":41}},"436":{"start":{"line":843,"column":6},"end":{"line":843,"column":41}},"437":{"start":{"line":844,"column":6},"end":{"line":844,"column":40}},"438":{"start":{"line":846,"column":22},"end":{"line":846,"column":51}},"439":{"start":{"line":847,"column":6},"end":{"line":847,"column":37}},"440":{"start":{"line":848,"column":6},"end":{"line":848,"column":42}},"441":{"start":{"line":849,"column":6},"end":{"line":849,"column":32}},"442":{"start":{"line":851,"column":26},"end":{"line":851,"column":57}},"443":{"start":{"line":852,"column":6},"end":{"line":852,"column":40}},"444":{"start":{"line":853,"column":6},"end":{"line":853,"column":42}},"445":{"start":{"line":854,"column":6},"end":{"line":854,"column":44}},"446":{"start":{"line":855,"column":6},"end":{"line":855,"column":53}},"447":{"start":{"line":856,"column":6},"end":{"line":856,"column":45}},"448":{"start":{"line":857,"column":6},"end":{"line":857,"column":51}},"449":{"start":{"line":858,"column":6},"end":{"line":858,"column":42}},"450":{"start":{"line":859,"column":6},"end":{"line":859,"column":41}},"451":{"start":{"line":861,"column":22},"end":{"line":861,"column":54}},"452":{"start":{"line":862,"column":6},"end":{"line":862,"column":30}},"453":{"start":{"line":863,"column":6},"end":{"line":863,"column":39}},"454":{"start":{"line":864,"column":6},"end":{"line":864,"column":38}},"455":{"start":{"line":865,"column":6},"end":{"line":865,"column":40}},"456":{"start":{"line":866,"column":6},"end":{"line":866,"column":43}},"457":{"start":{"line":867,"column":6},"end":{"line":867,"column":36}},"458":{"start":{"line":868,"column":6},"end":{"line":868,"column":36}},"459":{"start":{"line":869,"column":6},"end":{"line":869,"column":41}},"460":{"start":{"line":870,"column":6},"end":{"line":870,"column":30}},"461":{"start":{"line":872,"column":24},"end":{"line":872,"column":56}},"462":{"start":{"line":873,"column":6},"end":{"line":873,"column":32}},"463":{"start":{"line":874,"column":6},"end":{"line":874,"column":41}},"464":{"start":{"line":875,"column":6},"end":{"line":875,"column":40}},"465":{"start":{"line":876,"column":6},"end":{"line":876,"column":42}},"466":{"start":{"line":877,"column":6},"end":{"line":877,"column":45}},"467":{"start":{"line":878,"column":6},"end":{"line":878,"column":38}},"468":{"start":{"line":879,"column":6},"end":{"line":879,"column":38}},"469":{"start":{"line":880,"column":6},"end":{"line":880,"column":43}},"470":{"start":{"line":881,"column":6},"end":{"line":881,"column":33}},"471":{"start":{"line":883,"column":6},"end":{"line":883,"column":39}},"472":{"start":{"line":884,"column":6},"end":{"line":884,"column":35}},"473":{"start":{"line":885,"column":6},"end":{"line":885,"column":37}},"474":{"start":{"line":887,"column":6},"end":{"line":887,"column":38}},"475":{"start":{"line":888,"column":6},"end":{"line":888,"column":44}},"476":{"start":{"line":889,"column":6},"end":{"line":889,"column":41}},"477":{"start":{"line":891,"column":6},"end":{"line":891,"column":33}},"478":{"start":{"line":892,"column":6},"end":{"line":892,"column":43}},"479":{"start":{"line":894,"column":24},"end":{"line":894,"column":29}},"480":{"start":{"line":896,"column":27},"end":{"line":917,"column":8}},"481":{"start":{"line":897,"column":9},"end":{"line":897,"column":33}},"482":{"start":{"line":897,"column":26},"end":{"line":897,"column":33}},"483":{"start":{"line":898,"column":9},"end":{"line":916,"column":10}},"484":{"start":{"line":899,"column":12},"end":{"line":915,"column":13}},"485":{"start":{"line":900,"column":26},"end":{"line":900,"column":34}},"486":{"start":{"line":901,"column":14},"end":{"line":901,"column":44}},"487":{"start":{"line":901,"column":37},"end":{"line":901,"column":44}},"488":{"start":{"line":903,"column":31},"end":{"line":903,"column":54}},"489":{"start":{"line":904,"column":14},"end":{"line":907,"column":15}},"490":{"start":{"line":905,"column":16},"end":{"line":905,"column":34}},"491":{"start":{"line":906,"column":16},"end":{"line":906,"column":46}},"492":{"start":{"line":909,"column":14},"end":{"line":909,"column":64}},"493":{"start":{"line":909,"column":57},"end":{"line":909,"column":64}},"494":{"start":{"line":910,"column":29},"end":{"line":910,"column":84}},"495":{"start":{"line":911,"column":25},"end":{"line":911,"column":102}},"496":{"start":{"line":912,"column":14},"end":{"line":912,"column":39}},"497":{"start":{"line":914,"column":14},"end":{"line":914,"column":53}},"498":{"start":{"line":919,"column":6},"end":{"line":925,"column":9}},"499":{"start":{"line":920,"column":8},"end":{"line":920,"column":28}},"500":{"start":{"line":921,"column":8},"end":{"line":924,"column":9}},"501":{"start":{"line":922,"column":10},"end":{"line":922,"column":29}},"502":{"start":{"line":923,"column":10},"end":{"line":923,"column":28}},"503":{"start":{"line":926,"column":6},"end":{"line":926,"column":55}},"504":{"start":{"line":928,"column":6},"end":{"line":934,"column":9}},"505":{"start":{"line":929,"column":8},"end":{"line":929,"column":27}},"506":{"start":{"line":930,"column":8},"end":{"line":930,"column":42}},"507":{"start":{"line":931,"column":8},"end":{"line":931,"column":39}},"508":{"start":{"line":932,"column":8},"end":{"line":932,"column":55}},"509":{"start":{"line":933,"column":8},"end":{"line":933,"column":49}},"510":{"start":{"line":933,"column":25},"end":{"line":933,"column":44}},"511":{"start":{"line":936,"column":6},"end":{"line":940,"column":9}},"512":{"start":{"line":937,"column":8},"end":{"line":937,"column":27}},"513":{"start":{"line":938,"column":8},"end":{"line":938,"column":39}},"514":{"start":{"line":939,"column":8},"end":{"line":939,"column":42}},"515":{"start":{"line":942,"column":28},"end":{"line":973,"column":7}},"516":{"start":{"line":943,"column":8},"end":{"line":943,"column":32}},"517":{"start":{"line":943,"column":25},"end":{"line":943,"column":32}},"518":{"start":{"line":944,"column":24},"end":{"line":944,"column":50}},"519":{"start":{"line":945,"column":24},"end":{"line":945,"column":48}},"520":{"start":{"line":946,"column":8},"end":{"line":972,"column":9}},"521":{"start":{"line":947,"column":11},"end":{"line":947,"column":39}},"522":{"start":{"line":948,"column":11},"end":{"line":948,"column":35}},"523":{"start":{"line":949,"column":11},"end":{"line":949,"column":37}},"524":{"start":{"line":950,"column":11},"end":{"line":968,"column":14}},"525":{"start":{"line":951,"column":14},"end":{"line":967,"column":15}},"526":{"start":{"line":952,"column":17},"end":{"line":958,"column":48}},"527":{"start":{"line":953,"column":31},"end":{"line":953,"column":39}},"528":{"start":{"line":954,"column":19},"end":{"line":957,"column":20}},"529":{"start":{"line":955,"column":32},"end":{"line":955,"column":179}},"530":{"start":{"line":956,"column":21},"end":{"line":956,"column":46}},"531":{"start":{"line":958,"column":30},"end":{"line":958,"column":46}},"532":{"start":{"line":960,"column":17},"end":{"line":966,"column":18}},"533":{"start":{"line":961,"column":19},"end":{"line":961,"column":48}},"534":{"start":{"line":962,"column":19},"end":{"line":962,"column":44}},"535":{"start":{"line":963,"column":19},"end":{"line":963,"column":43}},"536":{"start":{"line":964,"column":19},"end":{"line":964,"column":50}},"537":{"start":{"line":965,"column":19},"end":{"line":965,"column":53}},"538":{"start":{"line":970,"column":11},"end":{"line":970,"column":42}},"539":{"start":{"line":971,"column":11},"end":{"line":971,"column":45}},"540":{"start":{"line":975,"column":6},"end":{"line":978,"column":9}},"541":{"start":{"line":976,"column":8},"end":{"line":976,"column":27}},"542":{"start":{"line":977,"column":8},"end":{"line":977,"column":24}},"543":{"start":{"line":980,"column":6},"end":{"line":989,"column":9}},"544":{"start":{"line":981,"column":8},"end":{"line":981,"column":28}},"545":{"start":{"line":982,"column":8},"end":{"line":988,"column":9}},"546":{"start":{"line":983,"column":10},"end":{"line":983,"column":29}},"547":{"start":{"line":984,"column":10},"end":{"line":984,"column":26}},"548":{"start":{"line":985,"column":15},"end":{"line":988,"column":9}},"549":{"start":{"line":986,"column":10},"end":{"line":986,"column":41}},"550":{"start":{"line":987,"column":10},"end":{"line":987,"column":44}},"551":{"start":{"line":991,"column":6},"end":{"line":993,"column":9}},"552":{"start":{"line":992,"column":8},"end":{"line":992,"column":69}},"553":{"start":{"line":992,"column":48},"end":{"line":992,"column":67}},"554":{"start":{"line":995,"column":6},"end":{"line":1003,"column":9}},"555":{"start":{"line":996,"column":8},"end":{"line":996,"column":27}},"556":{"start":{"line":997,"column":8},"end":{"line":1002,"column":9}},"557":{"start":{"line":998,"column":10},"end":{"line":1001,"column":22}},"558":{"start":{"line":999,"column":24},"end":{"line":999,"column":32}},"559":{"start":{"line":1000,"column":12},"end":{"line":1000,"column":73}},"560":{"start":{"line":1000,"column":35},"end":{"line":1000,"column":73}},"561":{"start":{"line":1005,"column":6},"end":{"line":1010,"column":8}},"562":{"start":{"line":1008,"column":10},"end":{"line":1008,"column":29}},"563":{"start":{"line":1015,"column":22},"end":{"line":1151,"column":2}},"564":{"start":{"line":1021,"column":4},"end":{"line":1024,"column":5}},"565":{"start":{"line":1027,"column":4},"end":{"line":1027,"column":44}},"566":{"start":{"line":1030,"column":4},"end":{"line":1030,"column":68}},"567":{"start":{"line":1033,"column":4},"end":{"line":1149,"column":5}},"568":{"start":{"line":1034,"column":18},"end":{"line":1034,"column":48}},"569":{"start":{"line":1035,"column":6},"end":{"line":1035,"column":37}},"570":{"start":{"line":1036,"column":6},"end":{"line":1036,"column":33}},"571":{"start":{"line":1037,"column":6},"end":{"line":1037,"column":30}},"572":{"start":{"line":1038,"column":6},"end":{"line":1038,"column":34}},"573":{"start":{"line":1039,"column":6},"end":{"line":1039,"column":40}},"574":{"start":{"line":1041,"column":21},"end":{"line":1041,"column":53}},"575":{"start":{"line":1042,"column":6},"end":{"line":1042,"column":33}},"576":{"start":{"line":1043,"column":6},"end":{"line":1043,"column":27}},"577":{"start":{"line":1044,"column":6},"end":{"line":1044,"column":27}},"578":{"start":{"line":1045,"column":6},"end":{"line":1045,"column":39}},"579":{"start":{"line":1046,"column":6},"end":{"line":1046,"column":45}},"580":{"start":{"line":1047,"column":6},"end":{"line":1047,"column":52}},"581":{"start":{"line":1050,"column":22},"end":{"line":1050,"column":51}},"582":{"start":{"line":1051,"column":6},"end":{"line":1051,"column":41}},"583":{"start":{"line":1052,"column":6},"end":{"line":1052,"column":29}},"584":{"start":{"line":1053,"column":6},"end":{"line":1053,"column":30}},"585":{"start":{"line":1054,"column":6},"end":{"line":1054,"column":31}},"586":{"start":{"line":1055,"column":6},"end":{"line":1055,"column":35}},"587":{"start":{"line":1056,"column":6},"end":{"line":1056,"column":33}},"588":{"start":{"line":1057,"column":6},"end":{"line":1057,"column":38}},"589":{"start":{"line":1058,"column":6},"end":{"line":1058,"column":42}},"590":{"start":{"line":1059,"column":6},"end":{"line":1059,"column":91}},"591":{"start":{"line":1060,"column":6},"end":{"line":1060,"column":47}},"592":{"start":{"line":1061,"column":6},"end":{"line":1061,"column":48}},"593":{"start":{"line":1063,"column":6},"end":{"line":1063,"column":29}},"594":{"start":{"line":1064,"column":6},"end":{"line":1064,"column":30}},"595":{"start":{"line":1066,"column":28},"end":{"line":1066,"column":57}},"596":{"start":{"line":1067,"column":6},"end":{"line":1067,"column":42}},"597":{"start":{"line":1068,"column":6},"end":{"line":1068,"column":47}},"598":{"start":{"line":1069,"column":6},"end":{"line":1069,"column":43}},"599":{"start":{"line":1070,"column":6},"end":{"line":1070,"column":37}},"600":{"start":{"line":1072,"column":19},"end":{"line":1072,"column":46}},"601":{"start":{"line":1073,"column":6},"end":{"line":1073,"column":58}},"602":{"start":{"line":1074,"column":6},"end":{"line":1074,"column":28}},"603":{"start":{"line":1075,"column":6},"end":{"line":1075,"column":38}},"604":{"start":{"line":1076,"column":6},"end":{"line":1076,"column":63}},"605":{"start":{"line":1077,"column":6},"end":{"line":1077,"column":34}},"606":{"start":{"line":1078,"column":6},"end":{"line":1078,"column":34}},"607":{"start":{"line":1079,"column":6},"end":{"line":1079,"column":40}},"608":{"start":{"line":1080,"column":6},"end":{"line":1080,"column":40}},"609":{"start":{"line":1081,"column":6},"end":{"line":1081,"column":38}},"610":{"start":{"line":1082,"column":6},"end":{"line":1082,"column":36}},"611":{"start":{"line":1083,"column":6},"end":{"line":1083,"column":42}},"612":{"start":{"line":1084,"column":6},"end":{"line":1084,"column":27}},"613":{"start":{"line":1086,"column":6},"end":{"line":1088,"column":8}},"614":{"start":{"line":1087,"column":8},"end":{"line":1087,"column":47}},"615":{"start":{"line":1089,"column":6},"end":{"line":1091,"column":8}},"616":{"start":{"line":1090,"column":8},"end":{"line":1090,"column":42}},"617":{"start":{"line":1092,"column":6},"end":{"line":1095,"column":8}},"618":{"start":{"line":1093,"column":8},"end":{"line":1093,"column":26}},"619":{"start":{"line":1094,"column":8},"end":{"line":1094,"column":27}},"620":{"start":{"line":1097,"column":25},"end":{"line":1097,"column":57}},"621":{"start":{"line":1098,"column":6},"end":{"line":1098,"column":353}},"622":{"start":{"line":1099,"column":6},"end":{"line":1099,"column":39}},"623":{"start":{"line":1100,"column":6},"end":{"line":1100,"column":44}},"624":{"start":{"line":1101,"column":6},"end":{"line":1101,"column":48}},"625":{"start":{"line":1102,"column":6},"end":{"line":1102,"column":38}},"626":{"start":{"line":1103,"column":6},"end":{"line":1103,"column":49}},"627":{"start":{"line":1104,"column":6},"end":{"line":1104,"column":38}},"628":{"start":{"line":1105,"column":6},"end":{"line":1105,"column":41}},"629":{"start":{"line":1106,"column":6},"end":{"line":1106,"column":40}},"630":{"start":{"line":1107,"column":6},"end":{"line":1107,"column":43}},"631":{"start":{"line":1108,"column":6},"end":{"line":1108,"column":39}},"632":{"start":{"line":1110,"column":6},"end":{"line":1112,"column":8}},"633":{"start":{"line":1111,"column":8},"end":{"line":1111,"column":56}},"634":{"start":{"line":1113,"column":6},"end":{"line":1115,"column":8}},"635":{"start":{"line":1114,"column":8},"end":{"line":1114,"column":51}},"636":{"start":{"line":1116,"column":6},"end":{"line":1119,"column":8}},"637":{"start":{"line":1117,"column":8},"end":{"line":1117,"column":26}},"638":{"start":{"line":1118,"column":8},"end":{"line":1118,"column":27}},"639":{"start":{"line":1121,"column":6},"end":{"line":1134,"column":8}},"640":{"start":{"line":1122,"column":8},"end":{"line":1122,"column":26}},"641":{"start":{"line":1123,"column":8},"end":{"line":1123,"column":27}},"642":{"start":{"line":1124,"column":8},"end":{"line":1133,"column":9}},"643":{"start":{"line":1125,"column":10},"end":{"line":1132,"column":14}},"644":{"start":{"line":1127,"column":35},"end":{"line":1127,"column":55}},"645":{"start":{"line":1128,"column":14},"end":{"line":1128,"column":266}},"646":{"start":{"line":1129,"column":14},"end":{"line":1131,"column":22}},"647":{"start":{"line":1130,"column":16},"end":{"line":1130,"column":52}},"648":{"start":{"line":1136,"column":6},"end":{"line":1136,"column":37}},"649":{"start":{"line":1137,"column":6},"end":{"line":1137,"column":43}},"650":{"start":{"line":1138,"column":6},"end":{"line":1138,"column":36}},"651":{"start":{"line":1140,"column":6},"end":{"line":1146,"column":8}},"652":{"start":{"line":1141,"column":8},"end":{"line":1141,"column":26}},"653":{"start":{"line":1142,"column":8},"end":{"line":1142,"column":27}},"654":{"start":{"line":1143,"column":8},"end":{"line":1145,"column":9}},"655":{"start":{"line":1144,"column":10},"end":{"line":1144,"column":52}},"656":{"start":{"line":1148,"column":6},"end":{"line":1148,"column":20}},"657":{"start":{"line":1154,"column":21},"end":{"line":1154,"column":55}},"658":{"start":{"line":1156,"column":23},"end":{"line":1175,"column":4}},"659":{"start":{"line":1159,"column":6},"end":{"line":1173,"column":7}},"660":{"start":{"line":1161,"column":10},"end":{"line":1164,"column":11}},"661":{"start":{"line":1162,"column":21},"end":{"line":1162,"column":72}},"662":{"start":{"line":1163,"column":12},"end":{"line":1163,"column":44}},"663":{"start":{"line":1165,"column":10},"end":{"line":1165,"column":22}},"664":{"start":{"line":1170,"column":10},"end":{"line":1170,"column":106}},"665":{"start":{"line":1171,"column":10},"end":{"line":1171,"column":22}},"666":{"start":{"line":1177,"column":17},"end":{"line":1203,"column":4}},"667":{"start":{"line":1194,"column":23},"end":{"line":1194,"column":90}},"668":{"start":{"line":1195,"column":6},"end":{"line":1195,"column":25}},"669":{"start":{"line":1205,"column":2},"end":{"line":1214,"column":22}},"670":{"start":{"line":1206,"column":4},"end":{"line":1213,"column":5}},"671":{"start":{"line":1208,"column":30},"end":{"line":1208,"column":76}},"672":{"start":{"line":1209,"column":26},"end":{"line":1209,"column":51}},"673":{"start":{"line":1210,"column":6},"end":{"line":1212,"column":7}},"674":{"start":{"line":1211,"column":8},"end":{"line":1211,"column":48}},"675":{"start":{"line":1216,"column":2},"end":{"line":1264,"column":33}},"676":{"start":{"line":1217,"column":4},"end":{"line":1217,"column":68}},"677":{"start":{"line":1217,"column":61},"end":{"line":1217,"column":68}},"678":{"start":{"line":1219,"column":22},"end":{"line":1219,"column":40}},"679":{"start":{"line":1220,"column":21},"end":{"line":1247,"column":5}},"680":{"start":{"line":1222,"column":28},"end":{"line":1222,"column":92}},"681":{"start":{"line":1223,"column":8},"end":{"line":1223,"column":45}},"682":{"start":{"line":1223,"column":38},"end":{"line":1223,"column":45}},"683":{"start":{"line":1225,"column":30},"end":{"line":1225,"column":63}},"684":{"start":{"line":1226,"column":24},"end":{"line":1226,"column":26}},"685":{"start":{"line":1228,"column":8},"end":{"line":1236,"column":9}},"686":{"start":{"line":1228,"column":21},"end":{"line":1228,"column":22}},"687":{"start":{"line":1229,"column":23},"end":{"line":1229,"column":61}},"688":{"start":{"line":1230,"column":30},"end":{"line":1230,"column":58}},"689":{"start":{"line":1231,"column":10},"end":{"line":1235,"column":11}},"690":{"start":{"line":1232,"column":12},"end":{"line":1232,"column":26}},"691":{"start":{"line":1234,"column":12},"end":{"line":1234,"column":18}},"692":{"start":{"line":1238,"column":8},"end":{"line":1240,"column":9}},"693":{"start":{"line":1239,"column":10},"end":{"line":1239,"column":38}},"694":{"start":{"line":1249,"column":31},"end":{"line":1253,"column":5}},"695":{"start":{"line":1250,"column":6},"end":{"line":1250,"column":28}},"696":{"start":{"line":1251,"column":23},"end":{"line":1251,"column":75}},"697":{"start":{"line":1252,"column":6},"end":{"line":1252,"column":49}},"698":{"start":{"line":1252,"column":28},"end":{"line":1252,"column":47}},"699":{"start":{"line":1255,"column":4},"end":{"line":1255,"column":25}},"700":{"start":{"line":1256,"column":4},"end":{"line":1256,"column":53}},"701":{"start":{"line":1257,"column":4},"end":{"line":1257,"column":44}},"702":{"start":{"line":1259,"column":4},"end":{"line":1263,"column":6}},"703":{"start":{"line":1260,"column":6},"end":{"line":1260,"column":28}},"704":{"start":{"line":1261,"column":6},"end":{"line":1261,"column":56}},"705":{"start":{"line":1262,"column":6},"end":{"line":1262,"column":47}},"706":{"start":{"line":1266,"column":2},"end":{"line":1325,"column":6}},"707":{"start":{"line":1266,"column":34},"end":{"line":1325,"column":3}},"708":{"start":{"line":1268,"column":6},"end":{"line":1268,"column":26}},"709":{"start":{"line":1268,"column":19},"end":{"line":1268,"column":26}},"710":{"start":{"line":1270,"column":22},"end":{"line":1270,"column":24}},"711":{"start":{"line":1271,"column":25},"end":{"line":1271,"column":26}},"712":{"start":{"line":1273,"column":56},"end":{"line":1273,"column":58}},"713":{"start":{"line":1275,"column":6},"end":{"line":1290,"column":9}},"714":{"start":{"line":1276,"column":8},"end":{"line":1288,"column":9}},"715":{"start":{"line":1277,"column":30},"end":{"line":1277,"column":53}},"716":{"start":{"line":1279,"column":10},"end":{"line":1281,"column":11}},"717":{"start":{"line":1280,"column":12},"end":{"line":1280,"column":55}},"718":{"start":{"line":1283,"column":10},"end":{"line":1285,"column":11}},"719":{"start":{"line":1284,"column":12},"end":{"line":1284,"column":28}},"720":{"start":{"line":1287,"column":10},"end":{"line":1287,"column":25}},"721":{"start":{"line":1289,"column":8},"end":{"line":1289,"column":20}},"722":{"start":{"line":1292,"column":24},"end":{"line":1292,"column":60}},"723":{"start":{"line":1293,"column":21},"end":{"line":1293,"column":58}},"724":{"start":{"line":1295,"column":6},"end":{"line":1318,"column":7}},"725":{"start":{"line":1296,"column":8},"end":{"line":1296,"column":51}},"726":{"start":{"line":1298,"column":8},"end":{"line":1315,"column":16}},"727":{"start":{"line":1299,"column":28},"end":{"line":1299,"column":46}},"728":{"start":{"line":1300,"column":10},"end":{"line":1314,"column":11}},"729":{"start":{"line":1301,"column":27},"end":{"line":1301,"column":60}},"730":{"start":{"line":1302,"column":12},"end":{"line":1313,"column":13}},"731":{"start":{"line":1303,"column":36},"end":{"line":1303,"column":69}},"732":{"start":{"line":1304,"column":34},"end":{"line":1304,"column":64}},"733":{"start":{"line":1305,"column":38},"end":{"line":1305,"column":71}},"734":{"start":{"line":1307,"column":14},"end":{"line":1310,"column":17}},"735":{"start":{"line":1312,"column":14},"end":{"line":1312,"column":47}},"736":{"start":{"line":1317,"column":8},"end":{"line":1317,"column":32}},"737":{"start":{"line":1321,"column":6},"end":{"line":1321,"column":26}},"738":{"start":{"line":1321,"column":19},"end":{"line":1321,"column":26}},"739":{"start":{"line":1322,"column":6},"end":{"line":1322,"column":42}},"740":{"start":{"line":1323,"column":6},"end":{"line":1323,"column":30}},"741":{"start":{"line":1327,"column":20},"end":{"line":1327,"column":50}},"742":{"start":{"line":1328,"column":18},"end":{"line":1328,"column":48}},"743":{"start":{"line":1330,"column":15},"end":{"line":1330,"column":45}},"744":{"start":{"line":1331,"column":21},"end":{"line":1331,"column":51}},"745":{"start":{"line":1332,"column":19},"end":{"line":1332,"column":49}},"746":{"start":{"line":1333,"column":17},"end":{"line":1333,"column":47}},"747":{"start":{"line":1334,"column":17},"end":{"line":1334,"column":47}},"748":{"start":{"line":1336,"column":2},"end":{"line":1404,"column":4}}},"fnMap":{"0":{"name":"Mermaid","decl":{"start":{"line":23,"column":9},"end":{"line":23,"column":16}},"loc":{"start":{"line":23,"column":72},"end":{"line":48,"column":1}},"line":23},"1":{"name":"(anonymous_1)","decl":{"start":{"line":27,"column":12},"end":{"line":27,"column":13}},"loc":{"start":{"line":27,"column":18},"end":{"line":41,"column":3}},"line":27},"2":{"name":"(anonymous_2)","decl":{"start":{"line":30,"column":24},"end":{"line":30,"column":25}},"loc":{"start":{"line":30,"column":36},"end":{"line":39,"column":5}},"line":30},"3":{"name":"(anonymous_3)","decl":{"start":{"line":50,"column":27},"end":{"line":50,"column":28}},"loc":{"start":{"line":50,"column":91},"end":{"line":209,"column":1}},"line":50},"4":{"name":"(anonymous_4)","decl":{"start":{"line":52,"column":45},"end":{"line":52,"column":46}},"loc":{"start":{"line":52,"column":51},"end":{"line":57,"column":3}},"line":52},"5":{"name":"(anonymous_5)","decl":{"start":{"line":64,"column":12},"end":{"line":64,"column":13}},"loc":{"start":{"line":64,"column":18},"end":{"line":92,"column":3}},"line":64},"6":{"name":"(anonymous_6)","decl":{"start":{"line":65,"column":34},"end":{"line":65,"column":35}},"loc":{"start":{"line":65,"column":40},"end":{"line":85,"column":5}},"line":65},"7":{"name":"(anonymous_7)","decl":{"start":{"line":91,"column":11},"end":{"line":91,"column":12}},"loc":{"start":{"line":91,"column":17},"end":{"line":91,"column":69}},"line":91},"8":{"name":"(anonymous_8)","decl":{"start":{"line":94,"column":21},"end":{"line":94,"column":22}},"loc":{"start":{"line":94,"column":27},"end":{"line":100,"column":3}},"line":94},"9":{"name":"(anonymous_9)","decl":{"start":{"line":97,"column":14},"end":{"line":97,"column":15}},"loc":{"start":{"line":97,"column":20},"end":{"line":97,"column":54}},"line":97},"10":{"name":"(anonymous_10)","decl":{"start":{"line":98,"column":15},"end":{"line":98,"column":16}},"loc":{"start":{"line":98,"column":22},"end":{"line":98,"column":40}},"line":98},"11":{"name":"(anonymous_11)","decl":{"start":{"line":102,"column":26},"end":{"line":102,"column":27}},"loc":{"start":{"line":102,"column":51},"end":{"line":111,"column":3}},"line":102},"12":{"name":"(anonymous_12)","decl":{"start":{"line":106,"column":17},"end":{"line":106,"column":18}},"loc":{"start":{"line":106,"column":23},"end":{"line":109,"column":7}},"line":106},"13":{"name":"(anonymous_13)","decl":{"start":{"line":178,"column":28},"end":{"line":178,"column":29}},"loc":{"start":{"line":178,"column":35},"end":{"line":178,"column":73}},"line":178},"14":{"name":"(anonymous_14)","decl":{"start":{"line":214,"column":2},"end":{"line":214,"column":3}},"loc":{"start":{"line":214,"column":16},"end":{"line":216,"column":3}},"line":214},"15":{"name":"(anonymous_15)","decl":{"start":{"line":219,"column":25},"end":{"line":219,"column":26}},"loc":{"start":{"line":219,"column":78},"end":{"line":290,"column":1}},"line":219},"16":{"name":"(anonymous_16)","decl":{"start":{"line":222,"column":45},"end":{"line":222,"column":46}},"loc":{"start":{"line":222,"column":51},"end":{"line":227,"column":3}},"line":222},"17":{"name":"(anonymous_17)","decl":{"start":{"line":229,"column":12},"end":{"line":229,"column":13}},"loc":{"start":{"line":229,"column":18},"end":{"line":247,"column":3}},"line":229},"18":{"name":"(anonymous_18)","decl":{"start":{"line":230,"column":34},"end":{"line":230,"column":35}},"loc":{"start":{"line":230,"column":40},"end":{"line":241,"column":5}},"line":230},"19":{"name":"(anonymous_19)","decl":{"start":{"line":244,"column":11},"end":{"line":244,"column":12}},"loc":{"start":{"line":244,"column":17},"end":{"line":246,"column":5}},"line":244},"20":{"name":"(anonymous_20)","decl":{"start":{"line":253,"column":22},"end":{"line":253,"column":23}},"loc":{"start":{"line":253,"column":47},"end":{"line":259,"column":3}},"line":253},"21":{"name":"(anonymous_21)","decl":{"start":{"line":264,"column":20},"end":{"line":264,"column":21}},"loc":{"start":{"line":264,"column":26},"end":{"line":264,"column":44}},"line":264},"22":{"name":"(anonymous_22)","decl":{"start":{"line":265,"column":20},"end":{"line":265,"column":21}},"loc":{"start":{"line":265,"column":26},"end":{"line":265,"column":45}},"line":265},"23":{"name":"(anonymous_23)","decl":{"start":{"line":295,"column":2},"end":{"line":295,"column":3}},"loc":{"start":{"line":295,"column":25},"end":{"line":336,"column":3}},"line":295},"24":{"name":"(anonymous_24)","decl":{"start":{"line":298,"column":13},"end":{"line":298,"column":14}},"loc":{"start":{"line":298,"column":19},"end":{"line":307,"column":7}},"line":298},"25":{"name":"(anonymous_25)","decl":{"start":{"line":308,"column":17},"end":{"line":308,"column":18}},"loc":{"start":{"line":308,"column":23},"end":{"line":320,"column":7}},"line":308},"26":{"name":"(anonymous_26)","decl":{"start":{"line":321,"column":11},"end":{"line":321,"column":12}},"loc":{"start":{"line":321,"column":17},"end":{"line":334,"column":7}},"line":321},"27":{"name":"(anonymous_27)","decl":{"start":{"line":337,"column":2},"end":{"line":337,"column":3}},"loc":{"start":{"line":337,"column":16},"end":{"line":339,"column":3}},"line":337},"28":{"name":"(anonymous_28)","decl":{"start":{"line":342,"column":28},"end":{"line":342,"column":29}},"loc":{"start":{"line":342,"column":63},"end":{"line":391,"column":1}},"line":342},"29":{"name":"(anonymous_29)","decl":{"start":{"line":344,"column":45},"end":{"line":344,"column":46}},"loc":{"start":{"line":344,"column":51},"end":{"line":349,"column":3}},"line":344},"30":{"name":"(anonymous_30)","decl":{"start":{"line":351,"column":12},"end":{"line":351,"column":13}},"loc":{"start":{"line":351,"column":18},"end":{"line":367,"column":3}},"line":351},"31":{"name":"(anonymous_31)","decl":{"start":{"line":352,"column":34},"end":{"line":352,"column":35}},"loc":{"start":{"line":352,"column":40},"end":{"line":361,"column":5}},"line":352},"32":{"name":"(anonymous_32)","decl":{"start":{"line":364,"column":11},"end":{"line":364,"column":12}},"loc":{"start":{"line":364,"column":17},"end":{"line":366,"column":5}},"line":364},"33":{"name":"(anonymous_33)","decl":{"start":{"line":396,"column":2},"end":{"line":396,"column":3}},"loc":{"start":{"line":396,"column":16},"end":{"line":398,"column":3}},"line":396},"34":{"name":"(anonymous_34)","decl":{"start":{"line":403,"column":2},"end":{"line":403,"column":3}},"loc":{"start":{"line":403,"column":26},"end":{"line":628,"column":3}},"line":403},"35":{"name":"(anonymous_35)","decl":{"start":{"line":409,"column":23},"end":{"line":409,"column":24}},"loc":{"start":{"line":409,"column":29},"end":{"line":412,"column":13}},"line":409},"36":{"name":"(anonymous_36)","decl":{"start":{"line":413,"column":21},"end":{"line":413,"column":22}},"loc":{"start":{"line":413,"column":31},"end":{"line":421,"column":13}},"line":413},"37":{"name":"(anonymous_37)","decl":{"start":{"line":415,"column":25},"end":{"line":415,"column":26}},"loc":{"start":{"line":415,"column":31},"end":{"line":419,"column":15}},"line":415},"38":{"name":"(anonymous_38)","decl":{"start":{"line":424,"column":8},"end":{"line":424,"column":9}},"loc":{"start":{"line":424,"column":60},"end":{"line":625,"column":9}},"line":424},"39":{"name":"(anonymous_39)","decl":{"start":{"line":425,"column":33},"end":{"line":425,"column":34}},"loc":{"start":{"line":425,"column":39},"end":{"line":425,"column":101}},"line":425},"40":{"name":"(anonymous_40)","decl":{"start":{"line":435,"column":29},"end":{"line":435,"column":30}},"loc":{"start":{"line":435,"column":35},"end":{"line":484,"column":11}},"line":435},"41":{"name":"(anonymous_41)","decl":{"start":{"line":440,"column":21},"end":{"line":440,"column":22}},"loc":{"start":{"line":440,"column":26},"end":{"line":440,"column":66}},"line":440},"42":{"name":"(anonymous_42)","decl":{"start":{"line":486,"column":30},"end":{"line":486,"column":31}},"loc":{"start":{"line":486,"column":36},"end":{"line":521,"column":11}},"line":486},"43":{"name":"(anonymous_43)","decl":{"start":{"line":489,"column":37},"end":{"line":489,"column":38}},"loc":{"start":{"line":489,"column":52},"end":{"line":519,"column":13}},"line":489},"44":{"name":"(anonymous_44)","decl":{"start":{"line":523,"column":31},"end":{"line":523,"column":32}},"loc":{"start":{"line":523,"column":37},"end":{"line":618,"column":11}},"line":523},"45":{"name":"(anonymous_45)","decl":{"start":{"line":525,"column":37},"end":{"line":525,"column":38}},"loc":{"start":{"line":525,"column":52},"end":{"line":616,"column":13}},"line":525},"46":{"name":"(anonymous_46)","decl":{"start":{"line":629,"column":2},"end":{"line":629,"column":3}},"loc":{"start":{"line":629,"column":25},"end":{"line":699,"column":3}},"line":629},"47":{"name":"(anonymous_47)","decl":{"start":{"line":630,"column":33},"end":{"line":630,"column":34}},"loc":{"start":{"line":630,"column":50},"end":{"line":670,"column":5}},"line":630},"48":{"name":"(anonymous_48)","decl":{"start":{"line":672,"column":25},"end":{"line":672,"column":26}},"loc":{"start":{"line":672,"column":58},"end":{"line":686,"column":5}},"line":672},"49":{"name":"(anonymous_49)","decl":{"start":{"line":689,"column":15},"end":{"line":689,"column":16}},"loc":{"start":{"line":689,"column":21},"end":{"line":689,"column":47}},"line":689},"50":{"name":"(anonymous_50)","decl":{"start":{"line":690,"column":15},"end":{"line":690,"column":16}},"loc":{"start":{"line":690,"column":21},"end":{"line":690,"column":46}},"line":690},"51":{"name":"(anonymous_51)","decl":{"start":{"line":691,"column":15},"end":{"line":691,"column":16}},"loc":{"start":{"line":691,"column":21},"end":{"line":691,"column":46}},"line":691},"52":{"name":"(anonymous_52)","decl":{"start":{"line":692,"column":21},"end":{"line":692,"column":22}},"loc":{"start":{"line":692,"column":27},"end":{"line":692,"column":53}},"line":692},"53":{"name":"(anonymous_53)","decl":{"start":{"line":693,"column":12},"end":{"line":693,"column":13}},"loc":{"start":{"line":693,"column":18},"end":{"line":693,"column":42}},"line":693},"54":{"name":"(anonymous_54)","decl":{"start":{"line":694,"column":11},"end":{"line":694,"column":12}},"loc":{"start":{"line":694,"column":17},"end":{"line":694,"column":39}},"line":694},"55":{"name":"(anonymous_55)","decl":{"start":{"line":695,"column":11},"end":{"line":695,"column":12}},"loc":{"start":{"line":695,"column":17},"end":{"line":695,"column":39}},"line":695},"56":{"name":"(anonymous_56)","decl":{"start":{"line":696,"column":11},"end":{"line":696,"column":12}},"loc":{"start":{"line":696,"column":17},"end":{"line":696,"column":39}},"line":696},"57":{"name":"(anonymous_57)","decl":{"start":{"line":697,"column":11},"end":{"line":697,"column":12}},"loc":{"start":{"line":697,"column":17},"end":{"line":697,"column":39}},"line":697},"58":{"name":"(anonymous_58)","decl":{"start":{"line":707,"column":2},"end":{"line":707,"column":3}},"loc":{"start":{"line":707,"column":15},"end":{"line":711,"column":3}},"line":707},"59":{"name":"(anonymous_59)","decl":{"start":{"line":712,"column":2},"end":{"line":712,"column":3}},"loc":{"start":{"line":712,"column":26},"end":{"line":744,"column":3}},"line":712},"60":{"name":"(anonymous_60)","decl":{"start":{"line":717,"column":23},"end":{"line":717,"column":24}},"loc":{"start":{"line":717,"column":40},"end":{"line":740,"column":11}},"line":717},"61":{"name":"(anonymous_61)","decl":{"start":{"line":722,"column":41},"end":{"line":722,"column":42}},"loc":{"start":{"line":722,"column":49},"end":{"line":722,"column":79}},"line":722},"62":{"name":"(anonymous_62)","decl":{"start":{"line":728,"column":40},"end":{"line":728,"column":41}},"loc":{"start":{"line":728,"column":66},"end":{"line":735,"column":17}},"line":728},"63":{"name":"(anonymous_63)","decl":{"start":{"line":748,"column":2},"end":{"line":748,"column":3}},"loc":{"start":{"line":748,"column":15},"end":{"line":754,"column":3}},"line":748},"64":{"name":"(anonymous_64)","decl":{"start":{"line":755,"column":2},"end":{"line":755,"column":3}},"loc":{"start":{"line":755,"column":16},"end":{"line":1012,"column":3}},"line":755},"65":{"name":"(anonymous_65)","decl":{"start":{"line":756,"column":11},"end":{"line":756,"column":12}},"loc":{"start":{"line":756,"column":57},"end":{"line":1011,"column":5}},"line":756},"66":{"name":"(anonymous_66)","decl":{"start":{"line":782,"column":49},"end":{"line":782,"column":50}},"loc":{"start":{"line":782,"column":66},"end":{"line":784,"column":9}},"line":782},"67":{"name":"(anonymous_67)","decl":{"start":{"line":805,"column":41},"end":{"line":805,"column":42}},"loc":{"start":{"line":805,"column":48},"end":{"line":808,"column":7}},"line":805},"68":{"name":"(anonymous_68)","decl":{"start":{"line":896,"column":27},"end":{"line":896,"column":28}},"loc":{"start":{"line":896,"column":33},"end":{"line":917,"column":8}},"line":896},"69":{"name":"(anonymous_69)","decl":{"start":{"line":919,"column":45},"end":{"line":919,"column":46}},"loc":{"start":{"line":919,"column":52},"end":{"line":925,"column":7}},"line":919},"70":{"name":"(anonymous_70)","decl":{"start":{"line":928,"column":42},"end":{"line":928,"column":43}},"loc":{"start":{"line":928,"column":49},"end":{"line":934,"column":7}},"line":928},"71":{"name":"(anonymous_71)","decl":{"start":{"line":933,"column":19},"end":{"line":933,"column":20}},"loc":{"start":{"line":933,"column":25},"end":{"line":933,"column":44}},"line":933},"72":{"name":"(anonymous_72)","decl":{"start":{"line":936,"column":42},"end":{"line":936,"column":43}},"loc":{"start":{"line":936,"column":49},"end":{"line":940,"column":7}},"line":936},"73":{"name":"(anonymous_73)","decl":{"start":{"line":942,"column":28},"end":{"line":942,"column":29}},"loc":{"start":{"line":942,"column":34},"end":{"line":973,"column":7}},"line":942},"74":{"name":"(anonymous_74)","decl":{"start":{"line":950,"column":62},"end":{"line":950,"column":63}},"loc":{"start":{"line":950,"column":82},"end":{"line":968,"column":12}},"line":950},"75":{"name":"(anonymous_75)","decl":{"start":{"line":975,"column":40},"end":{"line":975,"column":41}},"loc":{"start":{"line":975,"column":47},"end":{"line":978,"column":7}},"line":975},"76":{"name":"(anonymous_76)","decl":{"start":{"line":980,"column":46},"end":{"line":980,"column":47}},"loc":{"start":{"line":980,"column":53},"end":{"line":989,"column":7}},"line":980},"77":{"name":"(anonymous_77)","decl":{"start":{"line":991,"column":71},"end":{"line":991,"column":72}},"loc":{"start":{"line":991,"column":77},"end":{"line":993,"column":7}},"line":991},"78":{"name":"(anonymous_78)","decl":{"start":{"line":992,"column":41},"end":{"line":992,"column":42}},"loc":{"start":{"line":992,"column":48},"end":{"line":992,"column":67}},"line":992},"79":{"name":"(anonymous_79)","decl":{"start":{"line":995,"column":36},"end":{"line":995,"column":37}},"loc":{"start":{"line":995,"column":43},"end":{"line":1003,"column":7}},"line":995},"80":{"name":"(anonymous_80)","decl":{"start":{"line":1007,"column":17},"end":{"line":1007,"column":18}},"loc":{"start":{"line":1007,"column":23},"end":{"line":1009,"column":9}},"line":1007},"81":{"name":"(anonymous_81)","decl":{"start":{"line":1020,"column":2},"end":{"line":1020,"column":3}},"loc":{"start":{"line":1020,"column":18},"end":{"line":1025,"column":3}},"line":1020},"82":{"name":"(anonymous_82)","decl":{"start":{"line":1026,"column":2},"end":{"line":1026,"column":3}},"loc":{"start":{"line":1026,"column":14},"end":{"line":1028,"column":3}},"line":1026},"83":{"name":"(anonymous_83)","decl":{"start":{"line":1029,"column":2},"end":{"line":1029,"column":3}},"loc":{"start":{"line":1029,"column":33},"end":{"line":1031,"column":3}},"line":1029},"84":{"name":"(anonymous_84)","decl":{"start":{"line":1032,"column":2},"end":{"line":1032,"column":3}},"loc":{"start":{"line":1032,"column":16},"end":{"line":1150,"column":3}},"line":1032},"85":{"name":"(anonymous_85)","decl":{"start":{"line":1033,"column":11},"end":{"line":1033,"column":12}},"loc":{"start":{"line":1033,"column":46},"end":{"line":1149,"column":5}},"line":1033},"86":{"name":"(anonymous_86)","decl":{"start":{"line":1086,"column":41},"end":{"line":1086,"column":42}},"loc":{"start":{"line":1086,"column":47},"end":{"line":1088,"column":7}},"line":1086},"87":{"name":"(anonymous_87)","decl":{"start":{"line":1089,"column":40},"end":{"line":1089,"column":41}},"loc":{"start":{"line":1089,"column":46},"end":{"line":1091,"column":7}},"line":1089},"88":{"name":"(anonymous_88)","decl":{"start":{"line":1092,"column":41},"end":{"line":1092,"column":42}},"loc":{"start":{"line":1092,"column":48},"end":{"line":1095,"column":7}},"line":1092},"89":{"name":"(anonymous_89)","decl":{"start":{"line":1110,"column":47},"end":{"line":1110,"column":48}},"loc":{"start":{"line":1110,"column":53},"end":{"line":1112,"column":7}},"line":1110},"90":{"name":"(anonymous_90)","decl":{"start":{"line":1113,"column":46},"end":{"line":1113,"column":47}},"loc":{"start":{"line":1113,"column":52},"end":{"line":1115,"column":7}},"line":1113},"91":{"name":"(anonymous_91)","decl":{"start":{"line":1116,"column":47},"end":{"line":1116,"column":48}},"loc":{"start":{"line":1116,"column":54},"end":{"line":1119,"column":7}},"line":1116},"92":{"name":"(anonymous_92)","decl":{"start":{"line":1121,"column":43},"end":{"line":1121,"column":44}},"loc":{"start":{"line":1121,"column":50},"end":{"line":1134,"column":7}},"line":1121},"93":{"name":"(anonymous_93)","decl":{"start":{"line":1126,"column":18},"end":{"line":1126,"column":19}},"loc":{"start":{"line":1126,"column":24},"end":{"line":1132,"column":13}},"line":1126},"94":{"name":"(anonymous_94)","decl":{"start":{"line":1129,"column":25},"end":{"line":1129,"column":26}},"loc":{"start":{"line":1129,"column":31},"end":{"line":1131,"column":15}},"line":1129},"95":{"name":"(anonymous_95)","decl":{"start":{"line":1140,"column":40},"end":{"line":1140,"column":41}},"loc":{"start":{"line":1140,"column":47},"end":{"line":1146,"column":7}},"line":1140},"96":{"name":"Editor","decl":{"start":{"line":1153,"column":35},"end":{"line":1153,"column":41}},"loc":{"start":{"line":1153,"column":458},"end":{"line":1405,"column":1}},"line":1153},"97":{"name":"(anonymous_97)","decl":{"start":{"line":1158,"column":4},"end":{"line":1158,"column":5}},"loc":{"start":{"line":1158,"column":27},"end":{"line":1174,"column":5}},"line":1158},"98":{"name":"(anonymous_98)","decl":{"start":{"line":1160,"column":17},"end":{"line":1160,"column":18}},"loc":{"start":{"line":1160,"column":23},"end":{"line":1166,"column":9}},"line":1160},"99":{"name":"(anonymous_99)","decl":{"start":{"line":1168,"column":17},"end":{"line":1168,"column":18}},"loc":{"start":{"line":1168,"column":23},"end":{"line":1172,"column":9}},"line":1168},"100":{"name":"(anonymous_100)","decl":{"start":{"line":1192,"column":14},"end":{"line":1192,"column":15}},"loc":{"start":{"line":1192,"column":30},"end":{"line":1196,"column":5}},"line":1192},"101":{"name":"(anonymous_101)","decl":{"start":{"line":1205,"column":12},"end":{"line":1205,"column":13}},"loc":{"start":{"line":1205,"column":18},"end":{"line":1214,"column":3}},"line":1205},"102":{"name":"(anonymous_102)","decl":{"start":{"line":1216,"column":12},"end":{"line":1216,"column":13}},"loc":{"start":{"line":1216,"column":18},"end":{"line":1264,"column":3}},"line":1216},"103":{"name":"(anonymous_103)","decl":{"start":{"line":1221,"column":6},"end":{"line":1221,"column":7}},"loc":{"start":{"line":1221,"column":12},"end":{"line":1241,"column":7}},"line":1221},"104":{"name":"(anonymous_104)","decl":{"start":{"line":1249,"column":31},"end":{"line":1249,"column":32}},"loc":{"start":{"line":1249,"column":37},"end":{"line":1253,"column":5}},"line":1249},"105":{"name":"(anonymous_105)","decl":{"start":{"line":1252,"column":23},"end":{"line":1252,"column":24}},"loc":{"start":{"line":1252,"column":28},"end":{"line":1252,"column":47}},"line":1252},"106":{"name":"(anonymous_106)","decl":{"start":{"line":1259,"column":11},"end":{"line":1259,"column":12}},"loc":{"start":{"line":1259,"column":17},"end":{"line":1263,"column":5}},"line":1259},"107":{"name":"(anonymous_107)","decl":{"start":{"line":1266,"column":27},"end":{"line":1266,"column":28}},"loc":{"start":{"line":1266,"column":34},"end":{"line":1325,"column":3}},"line":1266},"108":{"name":"(anonymous_108)","decl":{"start":{"line":1267,"column":21},"end":{"line":1267,"column":22}},"loc":{"start":{"line":1267,"column":55},"end":{"line":1319,"column":5}},"line":1267},"109":{"name":"(anonymous_109)","decl":{"start":{"line":1275,"column":35},"end":{"line":1275,"column":36}},"loc":{"start":{"line":1275,"column":50},"end":{"line":1290,"column":7}},"line":1275},"110":{"name":"(anonymous_110)","decl":{"start":{"line":1298,"column":19},"end":{"line":1298,"column":20}},"loc":{"start":{"line":1298,"column":25},"end":{"line":1315,"column":9}},"line":1298},"111":{"name":"(anonymous_111)","decl":{"start":{"line":1320,"column":16},"end":{"line":1320,"column":17}},"loc":{"start":{"line":1320,"column":34},"end":{"line":1324,"column":5}},"line":1320}},"branchMap":{"0":{"loc":{"start":{"line":29,"column":52},"end":{"line":29,"column":79}},"type":"cond-expr","locations":[{"start":{"line":29,"column":61},"end":{"line":29,"column":67}},{"start":{"line":29,"column":70},"end":{"line":29,"column":79}}],"line":29},"1":{"loc":{"start":{"line":37,"column":17},"end":{"line":37,"column":55}},"type":"binary-expr","locations":[{"start":{"line":37,"column":17},"end":{"line":37,"column":27}},{"start":{"line":37,"column":31},"end":{"line":37,"column":55}}],"line":37},"2":{"loc":{"start":{"line":40,"column":4},"end":{"line":40,"column":29}},"type":"if","locations":[{"start":{"line":40,"column":4},"end":{"line":40,"column":29}},{"start":{},"end":{}}],"line":40},"3":{"loc":{"start":{"line":43,"column":2},"end":{"line":45,"column":3}},"type":"if","locations":[{"start":{"line":43,"column":2},"end":{"line":45,"column":3}},{"start":{},"end":{}}],"line":43},"4":{"loc":{"start":{"line":44,"column":32},"end":{"line":44,"column":62}},"type":"cond-expr","locations":[{"start":{"line":44,"column":41},"end":{"line":44,"column":50}},{"start":{"line":44,"column":53},"end":{"line":44,"column":62}}],"line":44},"5":{"loc":{"start":{"line":44,"column":81},"end":{"line":44,"column":111}},"type":"cond-expr","locations":[{"start":{"line":44,"column":90},"end":{"line":44,"column":99}},{"start":{"line":44,"column":102},"end":{"line":44,"column":111}}],"line":44},"6":{"loc":{"start":{"line":53,"column":4},"end":{"line":53,"column":51}},"type":"if","locations":[{"start":{"line":53,"column":4},"end":{"line":53,"column":51}},{"start":{},"end":{}}],"line":53},"7":{"loc":{"start":{"line":56,"column":11},"end":{"line":56,"column":51}},"type":"binary-expr","locations":[{"start":{"line":56,"column":11},"end":{"line":56,"column":22}},{"start":{"line":56,"column":26},"end":{"line":56,"column":51}}],"line":56},"8":{"loc":{"start":{"line":59,"column":19},"end":{"line":59,"column":44}},"type":"binary-expr","locations":[{"start":{"line":59,"column":19},"end":{"line":59,"column":38}},{"start":{"line":59,"column":42},"end":{"line":59,"column":44}}],"line":59},"9":{"loc":{"start":{"line":66,"column":6},"end":{"line":66,"column":47}},"type":"if","locations":[{"start":{"line":66,"column":6},"end":{"line":66,"column":47}},{"start":{},"end":{}}],"line":66},"10":{"loc":{"start":{"line":80,"column":23},"end":{"line":80,"column":75}},"type":"binary-expr","locations":[{"start":{"line":80,"column":23},"end":{"line":80,"column":39}},{"start":{"line":80,"column":43},"end":{"line":80,"column":75}}],"line":80},"11":{"loc":{"start":{"line":82,"column":6},"end":{"line":84,"column":7}},"type":"if","locations":[{"start":{"line":82,"column":6},"end":{"line":84,"column":7}},{"start":{},"end":{}}],"line":82},"12":{"loc":{"start":{"line":95,"column":4},"end":{"line":99,"column":5}},"type":"if","locations":[{"start":{"line":95,"column":4},"end":{"line":99,"column":5}},{"start":{},"end":{}}],"line":95},"13":{"loc":{"start":{"line":105,"column":4},"end":{"line":110,"column":5}},"type":"if","locations":[{"start":{"line":105,"column":4},"end":{"line":110,"column":5}},{"start":{},"end":{}}],"line":105},"14":{"loc":{"start":{"line":117,"column":29},"end":{"line":117,"column":57}},"type":"cond-expr","locations":[{"start":{"line":117,"column":41},"end":{"line":117,"column":48}},{"start":{"line":117,"column":51},"end":{"line":117,"column":57}}],"line":117},"15":{"loc":{"start":{"line":119,"column":27},"end":{"line":119,"column":57}},"type":"cond-expr","locations":[{"start":{"line":119,"column":36},"end":{"line":119,"column":45}},{"start":{"line":119,"column":48},"end":{"line":119,"column":57}}],"line":119},"16":{"loc":{"start":{"line":120,"column":34},"end":{"line":120,"column":64}},"type":"cond-expr","locations":[{"start":{"line":120,"column":43},"end":{"line":120,"column":52}},{"start":{"line":120,"column":55},"end":{"line":120,"column":64}}],"line":120},"17":{"loc":{"start":{"line":125,"column":17},"end":{"line":125,"column":47}},"type":"cond-expr","locations":[{"start":{"line":125,"column":26},"end":{"line":125,"column":35}},{"start":{"line":125,"column":38},"end":{"line":125,"column":47}}],"line":125},"18":{"loc":{"start":{"line":127,"column":31},"end":{"line":127,"column":61}},"type":"cond-expr
[...]
,"/Users/alpha300uk/workspace/alpha300uk/0.toy-project/markdown-explorer/project/markdown-explorer-v1/utils/IndexedDBUtils.ts": {"path":"/Users/alpha300uk/workspace/alpha300uk/0.toy-project/markdown-explorer/project/markdown-explorer-v1/utils/IndexedDBUtils.ts","statementMap":{"0":{"start":{"line":8,"column":16},"end":{"line":8,"column":36}},"1":{"start":{"line":9,"column":19},"end":{"line":9,"column":26}},"2":{"start":{"line":10,"column":19},"end":{"line":10,"column":20}},"3":{"start":{"line":13,"column":2},"end":{"line":28,"column":5}},"4":{"start":{"line":14,"column":20},"end":{"line":14,"column":55}},"5":{"start":{"line":16,"column":4},"end":{"line":16,"column":50}},"6":{"start":{"line":16,"column":28},"end":{"line":16,"column":49}},"7":{"start":{"line":17,"column":4},"end":{"line":17,"column":54}},"8":{"start":{"line":17,"column":30},"end":{"line":17,"column":53}},"9":{"start":{"line":19,"column":4},"end":{"line":27,"column":6}},"10":{"start":{"line":20,"column":17},"end":{"line":20,"column":31}},"11":{"start":{"line":21,"column":6},"end":{"line":23,"column":7}},"12":{"start":{"line":22,"column":8},"end":{"line":22,"column":62}},"13":{"start":{"line":24,"column":6},"end":{"line":26,"column":7}},"14":{"start":{"line":25,"column":8},"end":{"line":25,"column":66}},"15":{"start":{"line":32,"column":13},"end":{"line":32,"column":27}},"16":{"start":{"line":33,"column":2},"end":{"line":40,"column":5}},"17":{"start":{"line":34,"column":24},"end":{"line":34,"column":63}},"18":{"start":{"line":35,"column":18},"end":{"line":35,"column":53}},"19":{"start":{"line":36,"column":20},"end":{"line":36,"column":71}},"20":{"start":{"line":38,"column":4},"end":{"line":38,"column":50}},"21":{"start":{"line":38,"column":28},"end":{"line":38,"column":49}},"22":{"start":{"line":39,"column":4},"end":{"line":39,"column":40}},"23":{"start":{"line":39,"column":30},"end":{"line":39,"column":39}},"24":{"start":{"line":44,"column":13},"end":{"line":44,"column":27}},"25":{"start":{"line":45,"column":2},"end":{"line":54,"column":5}},"26":{"start":{"line":46,"column":24},"end":{"line":46,"column":62}},"27":{"start":{"line":47,"column":18},"end":{"line":47,"column":53}},"28":{"start":{"line":48,"column":20},"end":{"line":48,"column":35}},"29":{"start":{"line":50,"column":4},"end":{"line":50,"column":50}},"30":{"start":{"line":50,"column":28},"end":{"line":50,"column":49}},"31":{"start":{"line":51,"column":4},"end":{"line":53,"column":6}},"32":{"start":{"line":52,"column":6},"end":{"line":52,"column":62}},"33":{"start":{"line":58,"column":13},"end":{"line":58,"column":27}},"34":{"start":{"line":59,"column":2},"end":{"line":66,"column":5}},"35":{"start":{"line":60,"column":24},"end":{"line":60,"column":63}},"36":{"start":{"line":61,"column":18},"end":{"line":61,"column":53}},"37":{"start":{"line":62,"column":20},"end":{"line":62,"column":38}},"38":{"start":{"line":64,"column":4},"end":{"line":64,"column":50}},"39":{"start":{"line":64,"column":28},"end":{"line":64,"column":49}},"40":{"start":{"line":65,"column":4},"end":{"line":65,"column":40}},"41":{"start":{"line":65,"column":30},"end":{"line":65,"column":39}},"42":{"start":{"line":70,"column":13},"end":{"line":70,"column":27}},"43":{"start":{"line":71,"column":2},"end":{"line":78,"column":5}},"44":{"start":{"line":72,"column":24},"end":{"line":72,"column":63}},"45":{"start":{"line":73,"column":18},"end":{"line":73,"column":53}},"46":{"start":{"line":74,"column":20},"end":{"line":74,"column":33}},"47":{"start":{"line":76,"column":4},"end":{"line":76,"column":50}},"48":{"start":{"line":76,"column":28},"end":{"line":76,"column":49}},"49":{"start":{"line":77,"column":4},"end":{"line":77,"column":40}},"50":{"start":{"line":77,"column":30},"end":{"line":77,"column":39}}},"fnMap":{"0":{"name":"openDB","decl":{"start":{"line":12,"column":22},"end":{"line":12,"column":28}},"loc":{"start":{"line":12,"column":53},"end":{"line":29,"column":1}},"line":12},"1":{"name":"(anonymous_1)","decl":{"start":{"line":13,"column":21},"end":{"line":13,"column":22}},"loc":{"start":{"line":13,"column":42},"end":{"line":28,"column":3}},"line":13},"2":{"name":"(anonymous_2)","decl":{"start":{"line":16,"column":22},"end":{"line":16,"column":23}},"loc":{"start":{"line":16,"column":28},"end":{"line":16,"column":49}},"line":16},"3":{"name":"(anonymous_3)","decl":{"start":{"line":17,"column":24},"end":{"line":17,"column":25}},"loc":{"start":{"line":17,"column":30},"end":{"line":17,"column":53}},"line":17},"4":{"name":"(anonymous_4)","decl":{"start":{"line":19,"column":30},"end":{"line":19,"column":31}},"loc":{"start":{"line":19,"column":41},"end":{"line":27,"column":5}},"line":19},"5":{"name":"setFileCache","decl":{"start":{"line":31,"column":22},"end":{"line":31,"column":34}},"loc":{"start":{"line":31,"column":81},"end":{"line":41,"column":1}},"line":31},"6":{"name":"(anonymous_6)","decl":{"start":{"line":33,"column":21},"end":{"line":33,"column":22}},"loc":{"start":{"line":33,"column":42},"end":{"line":40,"column":3}},"line":33},"7":{"name":"(anonymous_7)","decl":{"start":{"line":38,"column":22},"end":{"line":38,"column":23}},"loc":{"start":{"line":38,"column":28},"end":{"line":38,"column":49}},"line":38},"8":{"name":"(anonymous_8)","decl":{"start":{"line":39,"column":24},"end":{"line":39,"column":25}},"loc":{"start":{"line":39,"column":30},"end":{"line":39,"column":39}},"line":39},"9":{"name":"getFileCache","decl":{"start":{"line":43,"column":22},"end":{"line":43,"column":34}},"loc":{"start":{"line":43,"column":73},"end":{"line":55,"column":1}},"line":43},"10":{"name":"(anonymous_10)","decl":{"start":{"line":45,"column":21},"end":{"line":45,"column":22}},"loc":{"start":{"line":45,"column":42},"end":{"line":54,"column":3}},"line":45},"11":{"name":"(anonymous_11)","decl":{"start":{"line":50,"column":22},"end":{"line":50,"column":23}},"loc":{"start":{"line":50,"column":28},"end":{"line":50,"column":49}},"line":50},"12":{"name":"(anonymous_12)","decl":{"start":{"line":51,"column":24},"end":{"line":51,"column":25}},"loc":{"start":{"line":51,"column":30},"end":{"line":53,"column":5}},"line":51},"13":{"name":"deleteFileCache","decl":{"start":{"line":57,"column":22},"end":{"line":57,"column":37}},"loc":{"start":{"line":57,"column":67},"end":{"line":67,"column":1}},"line":57},"14":{"name":"(anonymous_14)","decl":{"start":{"line":59,"column":21},"end":{"line":59,"column":22}},"loc":{"start":{"line":59,"column":42},"end":{"line":66,"column":3}},"line":59},"15":{"name":"(anonymous_15)","decl":{"start":{"line":64,"column":22},"end":{"line":64,"column":23}},"loc":{"start":{"line":64,"column":28},"end":{"line":64,"column":49}},"line":64},"16":{"name":"(anonymous_16)","decl":{"start":{"line":65,"column":24},"end":{"line":65,"column":25}},"loc":{"start":{"line":65,"column":30},"end":{"line":65,"column":39}},"line":65},"17":{"name":"clearCache","decl":{"start":{"line":69,"column":22},"end":{"line":69,"column":32}},"loc":{"start":{"line":69,"column":50},"end":{"line":79,"column":1}},"line":69},"18":{"name":"(anonymous_18)","decl":{"start":{"line":71,"column":21},"end":{"line":71,"column":22}},"loc":{"start":{"line":71,"column":42},"end":{"line":78,"column":3}},"line":71},"19":{"name":"(anonymous_19)","decl":{"start":{"line":76,"column":22},"end":{"line":76,"column":23}},"loc":{"start":{"line":76,"column":28},"end":{"line":76,"column":49}},"line":76},"20":{"name":"(anonymous_20)","decl":{"start":{"line":77,"column":24},"end":{"line":77,"column":25}},"loc":{"start":{"line":77,"column":30},"end":{"line":77,"column":39}},"line":77}},"branchMap":{"0":{"loc":{"start":{"line":21,"column":6},"end":{"line":23,"column":7}},"type":"if","locations":[{"start":{"line":21,"column":6},"end":{"line":23,"column":7}},{"start":{},"end":{}}],"line":21},"1":{"loc":{"start":{"line":24,"column":6},"end":{"line":26,"column":7}},"type":"if","locations":[{"start":{"line":24,"column":6},"end":{"line":26,"column":7}},{"start":{},"end":{}}],"line":24},"2":{"loc":{"start":{"line":52,"column":14},"end":{"line":52,"column":60}},"type":"cond-expr","locations":[{"start":{"line":52,"column":31},"end":{"line":52,"column":53}},{"start":{"line":52,"column":56},"end":{"line":52,"column":60}}],"line":52}},"s":{"0":0,"1":0,"2":0,"3":0,"4":0,"5":0,"6":0,"7":0,"8":0,"9":0,"10":0,"11":0,"12":0,"13":0,"14":0,"15":0,"16":0,"17":0,"18":0,"19":0,"20":0,"21":0,"22":0,"23":0,"24":0,"25":0,"26":0,"27":0,"28":0,"29":0,"30":0,"31":0,"32":0,"33":0,"34":0,"35":0,"36":0,"37":0,"38":0,"39":0,"40":0,"41":0,"42":0,"43":0,"44":0,"45":0,"46":0,"47":0,"48":0,"49":0,"50":0},"f":{"0":0,"1":0,"2":0,"3":0,"4":0,"5":0,"6":0,"7":0,"8":0,"9":0,"10":0,"11":0,"12":0,"13":0,"14":0,"15":0,"16":0,"17":0,"18":0,"19":0,"20":0},"b":{"0":[0,0],"1":[0,0],"2":[0,0]}}
,"/Users/alpha300uk/workspace/alpha300uk/0.toy-project/markdown-explorer/project/markdown-explorer-v1/utils/MarkdownUtils.ts": {"path":"/Users/alpha300uk/workspace/alpha300uk/0.toy-project/markdown-explorer/project/markdown-explorer-v1/utils/MarkdownUtils.ts","statementMap":{"0":{"start":{"line":16,"column":2},"end":{"line":16,"column":26}},"1":{"start":{"line":16,"column":16},"end":{"line":16,"column":26}},"2":{"start":{"line":18,"column":16},"end":{"line":18,"column":35}},"3":{"start":{"line":19,"column":25},"end":{"line":19,"column":27}},"4":{"start":{"line":20,"column":20},"end":{"line":20,"column":25}},"5":{"start":{"line":26,"column":23},"end":{"line":26,"column":48}},"6":{"start":{"line":28,"column":2},"end":{"line":57,"column":3}},"7":{"start":{"line":28,"column":15},"end":{"line":28,"column":16}},"8":{"start":{"line":29,"column":17},"end":{"line":29,"column":25}},"9":{"start":{"line":32,"column":4},"end":{"line":35,"column":5}},"10":{"start":{"line":33,"column":6},"end":{"line":33,"column":33}},"11":{"start":{"line":34,"column":6},"end":{"line":34,"column":15}},"12":{"start":{"line":36,"column":4},"end":{"line":36,"column":30}},"13":{"start":{"line":36,"column":21},"end":{"line":36,"column":30}},"14":{"start":{"line":38,"column":18},"end":{"line":38,"column":42}},"15":{"start":{"line":39,"column":4},"end":{"line":56,"column":5}},"16":{"start":{"line":40,"column":20},"end":{"line":40,"column":35}},"17":{"start":{"line":41,"column":22},"end":{"line":41,"column":30}},"18":{"start":{"line":44,"column":24},"end":{"line":47,"column":15}},"19":{"start":{"line":49,"column":6},"end":{"line":55,"column":7}},"20":{"start":{"line":50,"column":8},"end":{"line":54,"column":11}},"21":{"start":{"line":59,"column":2},"end":{"line":59,"column":13}},"22":{"start":{"line":69,"column":2},"end":{"line":69,"column":40}},"23":{"start":{"line":69,"column":28},"end":{"line":69,"column":40}},"24":{"start":{"line":71,"column":20},"end":{"line":71,"column":28}},"25":{"start":{"line":72,"column":18},"end":{"line":72,"column":28}},"26":{"start":{"line":74,"column":2},"end":{"line":80,"column":3}},"27":{"start":{"line":75,"column":17},"end":{"line":75,"column":48}},"28":{"start":{"line":76,"column":4},"end":{"line":79,"column":5}},"29":{"start":{"line":77,"column":6},"end":{"line":77,"column":25}},"30":{"start":{"line":78,"column":6},"end":{"line":78,"column":20}},"31":{"start":{"line":82,"column":2},"end":{"line":82,"column":19}},"32":{"start":{"line":90,"column":2},"end":{"line":90,"column":21}},"33":{"start":{"line":90,"column":11},"end":{"line":90,"column":21}},"34":{"start":{"line":91,"column":2},"end":{"line":95,"column":27}},"35":{"start":{"line":103,"column":2},"end":{"line":103,"column":21}},"36":{"start":{"line":103,"column":11},"end":{"line":103,"column":21}},"37":{"start":{"line":104,"column":18},"end":{"line":112,"column":25}},"38":{"start":{"line":116,"column":2},"end":{"line":116,"column":93}},"39":{"start":{"line":118,"column":2},"end":{"line":118,"column":19}},"40":{"start":{"line":128,"column":15},"end":{"line":128,"column":22}},"41":{"start":{"line":129,"column":2},"end":{"line":132,"column":3}},"42":{"start":{"line":130,"column":18},"end":{"line":130,"column":47}},"43":{"start":{"line":131,"column":4},"end":{"line":131,"column":42}},"44":{"start":{"line":133,"column":2},"end":{"line":133,"column":16}}},"fnMap":{"0":{"name":"extractTOC","decl":{"start":{"line":15,"column":16},"end":{"line":15,"column":26}},"loc":{"start":{"line":15,"column":55},"end":{"line":60,"column":1}},"line":15},"1":{"name":"findBestHeadingMatch","decl":{"start":{"line":65,"column":16},"end":{"line":65,"column":36}},"loc":{"start":{"line":68,"column":12},"end":{"line":83,"column":1}},"line":68},"2":{"name":"preprocessMarkdown","decl":{"start":{"line":89,"column":16},"end":{"line":89,"column":34}},"loc":{"start":{"line":89,"column":55},"end":{"line":96,"column":1}},"line":89},"3":{"name":"postprocessMarkdown","decl":{"start":{"line":102,"column":16},"end":{"line":102,"column":35}},"loc":{"start":{"line":102,"column":56},"end":{"line":119,"column":1}},"line":102},"4":{"name":"processTemplateVariables","decl":{"start":{"line":124,"column":16},"end":{"line":124,"column":40}},"loc":{"start":{"line":127,"column":10},"end":{"line":134,"column":1}},"line":127}},"branchMap":{"0":{"loc":{"start":{"line":16,"column":2},"end":{"line":16,"column":26}},"type":"if","locations":[{"start":{"line":16,"column":2},"end":{"line":16,"column":26}},{"start":{},"end":{}}],"line":16},"1":{"loc":{"start":{"line":32,"column":4},"end":{"line":35,"column":5}},"type":"if","locations":[{"start":{"line":32,"column":4},"end":{"line":35,"column":5}},{"start":{},"end":{}}],"line":32},"2":{"loc":{"start":{"line":36,"column":4},"end":{"line":36,"column":30}},"type":"if","locations":[{"start":{"line":36,"column":4},"end":{"line":36,"column":30}},{"start":{},"end":{}}],"line":36},"3":{"loc":{"start":{"line":39,"column":4},"end":{"line":56,"column":5}},"type":"if","locations":[{"start":{"line":39,"column":4},"end":{"line":56,"column":5}},{"start":{},"end":{}}],"line":39},"4":{"loc":{"start":{"line":49,"column":6},"end":{"line":55,"column":7}},"type":"if","locations":[{"start":{"line":49,"column":6},"end":{"line":55,"column":7}},{"start":{},"end":{}}],"line":49},"5":{"loc":{"start":{"line":69,"column":2},"end":{"line":69,"column":40}},"type":"if","locations":[{"start":{"line":69,"column":2},"end":{"line":69,"column":40}},{"start":{},"end":{}}],"line":69},"6":{"loc":{"start":{"line":76,"column":4},"end":{"line":79,"column":5}},"type":"if","locations":[{"start":{"line":76,"column":4},"end":{"line":79,"column":5}},{"start":{},"end":{}}],"line":76},"7":{"loc":{"start":{"line":90,"column":2},"end":{"line":90,"column":21}},"type":"if","locations":[{"start":{"line":90,"column":2},"end":{"line":90,"column":21}},{"start":{},"end":{}}],"line":90},"8":{"loc":{"start":{"line":103,"column":2},"end":{"line":103,"column":21}},"type":"if","locations":[{"start":{"line":103,"column":2},"end":{"line":103,"column":21}},{"start":{},"end":{}}],"line":103}},"s":{"0":0,"1":0,"2":0,"3":0,"4":0,"5":0,"6":0,"7":0,"8":0,"9":0,"10":0,"11":0,"12":0,"13":0,"14":0,"15":0,"16":0,"17":0,"18":0,"19":0,"20":0,"21":0,"22":0,"23":0,"24":0,"25":0,"26":0,"27":0,"28":0,"29":0,"30":0,"31":0,"32":6,"33":0,"34":6,"35":2,"36":0,"37":2,"38":2,"39":2,"40":4,"41":4,"42":9,"43":9,"44":4},"f":{"0":0,"1":0,"2":6,"3":2,"4":4},"b":{"0":[0,0],"1":[0,0],"2":[0,0],"3":[0,0],"4":[0,0],"5":[0,0],"6":[0,0],"7":[0,6],"8":[0,2]},"_coverageSchema":"1a1c01bbd47fc00a2c39e90264f33305004495a9","hash":"9749aa3c8e4bbc59089f6a9c30f95481e8c39392"}
,"/Users/alpha300uk/workspace/alpha300uk/0.toy-project/markdown-explorer/project/markdown-explorer-v1/utils/TabUtils.ts": {"path":"/Users/alpha300uk/workspace/alpha300uk/0.toy-project/markdown-explorer/project/markdown-explorer-v1/utils/TabUtils.ts","statementMap":{"0":{"start":{"line":18,"column":2},"end":{"line":18,"column":81}},"1":{"start":{"line":18,"column":20},"end":{"line":18,"column":81}},"2":{"start":{"line":20,"column":25},"end":{"line":22,"column":35}},"3":{"start":{"line":24,"column":2},"end":{"line":27,"column":4}},"4":{"start":{"line":34,"column":2},"end":{"line":34,"column":51}},"5":{"start":{"line":34,"column":33},"end":{"line":34,"column":49}},"6":{"start":{"line":41,"column":2},"end":{"line":41,"column":12}},"7":{"start":{"line":57,"column":2},"end":{"line":67,"column":3}},"8":{"start":{"line":59,"column":27},"end":{"line":61,"column":40}},"9":{"start":{"line":63,"column":4},"end":{"line":66,"column":6}},"10":{"start":{"line":70,"column":2},"end":{"line":75,"column":3}},"11":{"start":{"line":71,"column":4},"end":{"line":74,"column":6}},"12":{"start":{"line":78,"column":2},"end":{"line":81,"column":4}}},"fnMap":{"0":{"name":"pinTab","decl":{"start":{"line":14,"column":16},"end":{"line":14,"column":22}},"loc":{"start":{"line":17,"column":2},"end":{"line":28,"column":1}},"line":17},"1":{"name":"closeOthers","decl":{"start":{"line":33,"column":16},"end":{"line":33,"column":27}},"loc":{"start":{"line":33,"column":81},"end":{"line":35,"column":1}},"line":33},"2":{"name":"(anonymous_2)","decl":{"start":{"line":34,"column":28},"end":{"line":34,"column":29}},"loc":{"start":{"line":34,"column":33},"end":{"line":34,"column":49}},"line":34},"3":{"name":"closeAll","decl":{"start":{"line":40,"column":16},"end":{"line":40,"column":24}},"loc":{"start":{"line":40,"column":37},"end":{"line":42,"column":1}},"line":40},"4":{"name":"handleTabSelection","decl":{"start":{"line":47,"column":16},"end":{"line":47,"column":34}},"loc":{"start":{"line":55,"column":2},"end":{"line":82,"column":1}},"line":55}},"branchMap":{"0":{"loc":{"start":{"line":18,"column":2},"end":{"line":18,"column":81}},"type":"if","locations":[{"start":{"line":18,"column":2},"end":{"line":18,"column":81}},{"start":{},"end":{}}],"line":18},"1":{"loc":{"start":{"line":20,"column":25},"end":{"line":22,"column":35}},"type":"cond-expr","locations":[{"start":{"line":21,"column":6},"end":{"line":21,"column":17}},{"start":{"line":22,"column":6},"end":{"line":22,"column":35}}],"line":20},"2":{"loc":{"start":{"line":57,"column":2},"end":{"line":67,"column":3}},"type":"if","locations":[{"start":{"line":57,"column":2},"end":{"line":67,"column":3}},{"start":{},"end":{}}],"line":57},"3":{"loc":{"start":{"line":59,"column":27},"end":{"line":61,"column":40}},"type":"cond-expr","locations":[{"start":{"line":60,"column":8},"end":{"line":60,"column":26}},{"start":{"line":61,"column":8},"end":{"line":61,"column":40}}],"line":59},"4":{"loc":{"start":{"line":65,"column":22},"end":{"line":65,"column":80}},"type":"cond-expr","locations":[{"start":{"line":65,"column":55},"end":{"line":65,"column":59}},{"start":{"line":65,"column":62},"end":{"line":65,"column":80}}],"line":65},"5":{"loc":{"start":{"line":70,"column":2},"end":{"line":75,"column":3}},"type":"if","locations":[{"start":{"line":70,"column":2},"end":{"line":75,"column":3}},{"start":{},"end":{}}],"line":70},"6":{"loc":{"start":{"line":73,"column":22},"end":{"line":73,"column":80}},"type":"cond-expr","locations":[{"start":{"line":73,"column":55},"end":{"line":73,"column":59}},{"start":{"line":73,"column":62},"end":{"line":73,"column":80}}],"line":73}},"s":{"0":1,"1":0,"2":1,"3":1,"4":1,"5":3,"6":1,"7":4,"8":1,"9":1,"10":3,"11":1,"12":2},"f":{"0":1,"1":1,"2":3,"3":1,"4":4},"b":{"0":[0,1],"1":[0,1],"2":[1,3],"3":[0,1],"4":[1,0],"5":[1,2],"6":[0,1]},"_coverageSchema":"1a1c01bbd47fc00a2c39e90264f33305004495a9","hash":"e4f9466e42b39c8d10785988d33d1ec19e56cfd3"}
}
