{"/Users/alpha300uk/workspace/alpha300uk/0.toy-project/markdown-explorer/project/markdown-explorer-v1/components/Editor.tsx": {"path":"/Users/alpha300uk/workspace/alpha300uk/0.toy-project/markdown-explorer/project/markdown-explorer-v1/components/Editor.tsx","statementMap":{"0":{"start":{"line":5,"column":19},"end":{"line":5,"column":48}},"1":{"start":{"line":7,"column":2},"end":{"line":24,"column":6}},"2":{"start":{"line":7,"column":40},"end":{"line":24,"column":3}},"3":{"start":{"line":9,"column":6},"end":{"line":9,"column":36}},"4":{"start":{"line":9,"column":29},"end":{"line":9,"column":36}},"5":{"start":{"line":10,"column":20},"end":{"line":10,"column":45}},"6":{"start":{"line":11,"column":23},"end":{"line":11,"column":24}},"7":{"start":{"line":12,"column":6},"end":{"line":20,"column":7}},"8":{"start":{"line":12,"column":19},"end":{"line":12,"column":20}},"9":{"start":{"line":13,"column":21},"end":{"line":13,"column":29}},"10":{"start":{"line":14,"column":8},"end":{"line":18,"column":9}},"11":{"start":{"line":15,"column":10},"end":{"line":15,"column":35}},"12":{"start":{"line":16,"column":10},"end":{"line":16,"column":78}},"13":{"start":{"line":17,"column":10},"end":{"line":17,"column":17}},"14":{"start":{"line":19,"column":8},"end":{"line":19,"column":38}},"15":{"start":{"line":22,"column":17},"end":{"line":22,"column":42}},"16":{"start":{"line":23,"column":16},"end":{"line":23,"column":40}},"17":{"start":{"line":27,"column":32},"end":{"line":94,"column":3}},"18":{"start":{"line":28,"column":4},"end":{"line":28,"column":27}},"19":{"start":{"line":28,"column":15},"end":{"line":28,"column":27}},"20":{"start":{"line":30,"column":18},"end":{"line":30,"column":34}},"21":{"start":{"line":31,"column":4},"end":{"line":93,"column":7}},"22":{"start":{"line":32,"column":25},"end":{"line":32,"column":53}},"23":{"start":{"line":35,"column":27},"end":{"line":35,"column":56}},"24":{"start":{"line":36,"column":6},"end":{"line":46,"column":7}},"25":{"start":{"line":37,"column":22},"end":{"line":37,"column":44}},"26":{"start":{"line":38,"column":25},"end":{"line":38,"column":84}},"27":{"start":{"line":39,"column":8},"end":{"line":45,"column":10}},"28":{"start":{"line":49,"column":24},"end":{"line":49,"column":60}},"29":{"start":{"line":50,"column":6},"end":{"line":62,"column":7}},"30":{"start":{"line":51,"column":23},"end":{"line":51,"column":35}},"31":{"start":{"line":52,"column":23},"end":{"line":52,"column":26}},"32":{"start":{"line":53,"column":22},"end":{"line":53,"column":34}},"33":{"start":{"line":54,"column":24},"end":{"line":54,"column":36}},"34":{"start":{"line":55,"column":8},"end":{"line":61,"column":10}},"35":{"start":{"line":65,"column":27},"end":{"line":65,"column":59}},"36":{"start":{"line":66,"column":6},"end":{"line":74,"column":7}},"37":{"start":{"line":67,"column":8},"end":{"line":73,"column":10}},"38":{"start":{"line":77,"column":6},"end":{"line":84,"column":7}},"39":{"start":{"line":78,"column":8},"end":{"line":83,"column":10}},"40":{"start":{"line":87,"column":6},"end":{"line":92,"column":8}},"41":{"start":{"line":96,"column":33},"end":{"line":126,"column":3}},"42":{"start":{"line":97,"column":4},"end":{"line":97,"column":25}},"43":{"start":{"line":97,"column":15},"end":{"line":97,"column":25}},"44":{"start":{"line":98,"column":18},"end":{"line":98,"column":20}},"45":{"start":{"line":99,"column":18},"end":{"line":99,"column":19}},"46":{"start":{"line":101,"column":18},"end":{"line":101,"column":63}},"47":{"start":{"line":104,"column":4},"end":{"line":119,"column":5}},"48":{"start":{"line":105,"column":6},"end":{"line":107,"column":7}},"49":{"start":{"line":106,"column":8},"end":{"line":106,"column":57}},"50":{"start":{"line":109,"column":22},"end":{"line":109,"column":30}},"51":{"start":{"line":110,"column":6},"end":{"line":116,"column":7}},"52":{"start":{"line":111,"column":8},"end":{"line":111,"column":131}},"53":{"start":{"line":112,"column":13},"end":{"line":116,"column":7}},"54":{"start":{"line":113,"column":8},"end":{"line":113,"column":219}},"55":{"start":{"line":114,"column":13},"end":{"line":116,"column":7}},"56":{"start":{"line":115,"column":8},"end":{"line":115,"column":93}},"57":{"start":{"line":118,"column":6},"end":{"line":118,"column":32}},"58":{"start":{"line":121,"column":4},"end":{"line":123,"column":5}},"59":{"start":{"line":122,"column":6},"end":{"line":122,"column":42}},"60":{"start":{"line":125,"column":4},"end":{"line":125,"column":43}},"61":{"start":{"line":128,"column":2},"end":{"line":152,"column":4}},"62":{"start":{"line":133,"column":34},"end":{"line":133,"column":78}}},"fnMap":{"0":{"name":"Editor","decl":{"start":{"line":4,"column":41},"end":{"line":4,"column":47}},"loc":{"start":{"line":4,"column":493},"end":{"line":153,"column":1}},"line":4},"1":{"name":"(anonymous_1)","decl":{"start":{"line":7,"column":33},"end":{"line":7,"column":34}},"loc":{"start":{"line":7,"column":40},"end":{"line":24,"column":3}},"line":7},"2":{"name":"(anonymous_2)","decl":{"start":{"line":8,"column":21},"end":{"line":8,"column":22}},"loc":{"start":{"line":8,"column":54},"end":{"line":21,"column":5}},"line":8},"3":{"name":"(anonymous_3)","decl":{"start":{"line":22,"column":11},"end":{"line":22,"column":12}},"loc":{"start":{"line":22,"column":17},"end":{"line":22,"column":42}},"line":22},"4":{"name":"(anonymous_4)","decl":{"start":{"line":23,"column":10},"end":{"line":23,"column":11}},"loc":{"start":{"line":23,"column":16},"end":{"line":23,"column":40}},"line":23},"5":{"name":"(anonymous_5)","decl":{"start":{"line":27,"column":32},"end":{"line":27,"column":33}},"loc":{"start":{"line":27,"column":50},"end":{"line":94,"column":3}},"line":27},"6":{"name":"(anonymous_6)","decl":{"start":{"line":31,"column":21},"end":{"line":31,"column":22}},"loc":{"start":{"line":31,"column":40},"end":{"line":93,"column":5}},"line":31},"7":{"name":"(anonymous_7)","decl":{"start":{"line":96,"column":33},"end":{"line":96,"column":34}},"loc":{"start":{"line":96,"column":51},"end":{"line":126,"column":3}},"line":96},"8":{"name":"(anonymous_8)","decl":{"start":{"line":133,"column":27},"end":{"line":133,"column":28}},"loc":{"start":{"line":133,"column":34},"end":{"line":133,"column":78}},"line":133}},"branchMap":{"0":{"loc":{"start":{"line":9,"column":6},"end":{"line":9,"column":36}},"type":"if","locations":[{"start":{"line":9,"column":6},"end":{"line":9,"column":36}},{"start":{},"end":{}}],"line":9},"1":{"loc":{"start":{"line":10,"column":21},"end":{"line":10,"column":32}},"type":"binary-expr","locations":[{"start":{"line":10,"column":21},"end":{"line":10,"column":26}},{"start":{"line":10,"column":30},"end":{"line":10,"column":32}}],"line":10},"2":{"loc":{"start":{"line":14,"column":8},"end":{"line":18,"column":9}},"type":"if","locations":[{"start":{"line":14,"column":8},"end":{"line":18,"column":9}},{"start":{},"end":{}}],"line":14},"3":{"loc":{"start":{"line":14,"column":12},"end":{"line":14,"column":69}},"type":"binary-expr","locations":[{"start":{"line":14,"column":12},"end":{"line":14,"column":38}},{"start":{"line":14,"column":42},"end":{"line":14,"column":69}}],"line":14},"4":{"loc":{"start":{"line":28,"column":4},"end":{"line":28,"column":27}},"type":"if","locations":[{"start":{"line":28,"column":4},"end":{"line":28,"column":27}},{"start":{},"end":{}}],"line":28},"5":{"loc":{"start":{"line":36,"column":6},"end":{"line":46,"column":7}},"type":"if","locations":[{"start":{"line":36,"column":6},"end":{"line":46,"column":7}},{"start":{},"end":{}}],"line":36},"6":{"loc":{"start":{"line":38,"column":25},"end":{"line":38,"column":84}},"type":"cond-expr","locations":[{"start":{"line":38,"column":39},"end":{"line":38,"column":41}},{"start":{"line":38,"column":44},"end":{"line":38,"column":84}}],"line":38},"7":{"loc":{"start":{"line":38,"column":44},"end":{"line":38,"column":84}},"type":"cond-expr","locations":[{"start":{"line":38,"column":58},"end":{"line":38,"column":60}},{"start":{"line":38,"column":63},"end":{"line":38,"column":84}}],"line":38},"8":{"loc":{"start":{"line":38,"column":63},"end":{"line":38,"column":84}},"type":"cond-expr","locations":[{"start":{"line":38,"column":77},"end":{"line":38,"column":79}},{"start":{"line":38,"column":82},"end":{"line":38,"column":84}}],"line":38},"9":{"loc":{"start":{"line":41,"column":34},"end":{"line":41,"column":64}},"type":"cond-expr","locations":[{"start":{"line":41,"column":43},"end":{"line":41,"column":52}},{"start":{"line":41,"column":55},"end":{"line":41,"column":64}}],"line":41},"10":{"loc":{"start":{"line":42,"column":63},"end":{"line":42,"column":93}},"type":"cond-expr","locations":[{"start":{"line":42,"column":72},"end":{"line":42,"column":81}},{"start":{"line":42,"column":84},"end":{"line":42,"column":93}}],"line":42},"11":{"loc":{"start":{"line":43,"column":13},"end":{"line":43,"column":32}},"type":"binary-expr","locations":[{"start":{"line":43,"column":13},"end":{"line":43,"column":24}},{"start":{"line":43,"column":28},"end":{"line":43,"column":32}}],"line":43},"12":{"loc":{"start":{"line":50,"column":6},"end":{"line":62,"column":7}},"type":"if","locations":[{"start":{"line":50,"column":6},"end":{"line":62,"column":7}},{"start":{},"end":{}}],"line":50},"13":{"loc":{"start":{"line":59,"column":13},"end":{"line":59,"column":32}},"type":"binary-expr","locations":[{"start":{"line":59,"column":13},"end":{"line":59,"column":24}},{"start":{"line":59,"column":28},"end":{"line":59,"column":32}}],"line":59},"14":{"loc":{"start":{"line":66,"column":6},"end":{"line":74,"column":7}},"type":"if","locations":[{"start":{"line":66,"column":6},"end":{"line":74,"column":7}},{"start":{},"end":{}}],"line":66},"15":{"loc":{"start":{"line":71,"column":13},"end":{"line":71,"column":32}},"type":"binary-expr","locations":[{"start":{"line":71,"column":13},"end":{"line":71,"column":24}},{"start":{"line":71,"column":28},"end":{"line":71,"column":32}}],"line":71},"16":{"loc":{"start":{"line":77,"column":6},"end":{"line":84,"column":7}},"type":"if","locations":[{"start":{"line":77,"column":6},"end":{"line":84,"column":7}},{"start":{},"end":{}}],"line":77},"17":{"loc":{"start":{"line":79,"column":46},"end":{"line":79,"column":76}},"type":"cond-expr","locations":[{"start":{"line":79,"column":55},"end":{"line":79,"column":64}},{"start":{"line":79,"column":67},"end":{"line":79,"column":76}}],"line":79},"18":{"loc":{"start":{"line":81,"column":13},"end":{"line":81,"column":32}},"type":"binary-expr","locations":[{"start":{"line":81,"column":13},"end":{"line":81,"column":24}},{"start":{"line":81,"column":28},"end":{"line":81,"column":32}}],"line":81},"19":{"loc":{"start":{"line":90,"column":11},"end":{"line":90,"column":30}},"type":"binary-expr","locations":[{"start":{"line":90,"column":11},"end":{"line":90,"column":22}},{"start":{"line":90,"column":26},"end":{"line":90,"column":30}}],"line":90},"20":{"loc":{"start":{"line":97,"column":4},"end":{"line":97,"column":25}},"type":"if","locations":[{"start":{"line":97,"column":4},"end":{"line":97,"column":25}},{"start":{},"end":{}}],"line":97},"21":{"loc":{"start":{"line":105,"column":6},"end":{"line":107,"column":7}},"type":"if","locations":[{"start":{"line":105,"column":6},"end":{"line":107,"column":7}},{"start":{},"end":{}}],"line":105},"22":{"loc":{"start":{"line":110,"column":6},"end":{"line":116,"column":7}},"type":"if","locations":[{"start":{"line":110,"column":6},"end":{"line":116,"column":7}},{"start":{"line":112,"column":13},"end":{"line":116,"column":7}}],"line":110},"23":{"loc":{"start":{"line":111,"column":79},"end":{"line":111,"column":109}},"type":"cond-expr","locations":[{"start":{"line":111,"column":88},"end":{"line":111,"column":97}},{"start":{"line":111,"column":100},"end":{"line":111,"column":109}}],"line":111},"24":{"loc":{"start":{"line":112,"column":13},"end":{"line":116,"column":7}},"type":"if","locations":[{"start":{"line":112,"column":13},"end":{"line":116,"column":7}},{"start":{"line":114,"column":13},"end":{"line":116,"column":7}}],"line":112},"25":{"loc":{"start":{"line":113,"column":69},"end":{"line":113,"column":99}},"type":"cond-expr","locations":[{"start":{"line":113,"column":78},"end":{"line":113,"column":87}},{"start":{"line":113,"column":90},"end":{"line":113,"column":99}}],"line":113},"26":{"loc":{"start":{"line":113,"column":108},"end":{"line":113,"column":138}},"type":"cond-expr","locations":[{"start":{"line":113,"column":117},"end":{"line":113,"column":126}},{"start":{"line":113,"column":129},"end":{"line":113,"column":138}}],"line":113},"27":{"loc":{"start":{"line":113,"column":152},"end":{"line":113,"column":197}},"type":"cond-expr","locations":[{"start":{"line":113,"column":176},"end":{"line":113,"column":183}},{"start":{"line":113,"column":186},"end":{"line":113,"column":197}}],"line":113},"28":{"loc":{"start":{"line":114,"column":13},"end":{"line":116,"column":7}},"type":"if","locations":[{"start":{"line":114,"column":13},"end":{"line":116,"column":7}},{"start":{},"end":{}}],"line":114},"29":{"loc":{"start":{"line":121,"column":4},"end":{"line":123,"column":5}},"type":"if","locations":[{"start":{"line":121,"column":4},"end":{"line":123,"column":5}},{"start":{},"end":{}}],"line":121},"30":{"loc":{"start":{"line":125,"column":11},"end":{"line":125,"column":42}},"type":"cond-expr","locations":[{"start":{"line":125,"column":30},"end":{"line":125,"column":35}},{"start":{"line":125,"column":38},"end":{"line":125,"column":42}}],"line":125},"31":{"loc":{"start":{"line":129,"column":60},"end":{"line":129,"column":90}},"type":"cond-expr","locations":[{"start":{"line":129,"column":69},"end":{"line":129,"column":78}},{"start":{"line":129,"column":81},"end":{"line":129,"column":90}}],"line":129},"32":{"loc":{"start":{"line":136,"column":30},"end":{"line":136,"column":60}},"type":"cond-expr","locations":[{"start":{"line":136,"column":39},"end":{"line":136,"column":48}},{"start":{"line":136,"column":51},"end":{"line":136,"column":60}}],"line":136},"33":{"loc":{"start":{"line":141,"column":17},"end":{"line":141,"column":47}},"type":"cond-expr","locations":[{"start":{"line":141,"column":26},"end":{"line":141,"column":35}},{"start":{"line":141,"column":38},"end":{"line":141,"column":47}}],"line":141},"34":{"loc":{"start":{"line":142,"column":22},"end":{"line":142,"column":69}},"type":"cond-expr","locations":[{"start":{"line":142,"column":46},"end":{"line":142,"column":55}},{"start":{"line":142,"column":58},"end":{"line":142,"column":69}}],"line":142},"35":{"loc":{"start":{"line":149,"column":31},"end":{"line":149,"column":42}},"type":"binary-expr","locations":[{"start":{"line":149,"column":31},"end":{"line":149,"column":36}},{"start":{"line":149,"column":40},"end":{"line":149,"column":42}}],"line":149}},"s":{"0":0,"1":0,"2":0,"3":0,"4":0,"5":0,"6":0,"7":0,"8":0,"9":0,"10":0,"11":0,"12":0,"13":0,"14":0,"15":0,"16":0,"17":0,"18":0,"19":0,"20":0,"21":0,"22":0,"23":0,"24":0,"25":0,"26":0,"27":0,"28":0,"29":0,"30":0,"31":0,"32":0,"33":0,"34":0,"35":0,"36":0,"37":0,"38":0,"39":0,"40":0,"41":0,"42":0,"43":0,"44":0,"45":0,"46":0,"47":0,"48":0,"49":0,"50":0,"51":0,"52":0,"53":0,"54":0,"55":0,"56":0,"57":0,"58":0,"59":0,"60":0,"61":0,"62":0},"f":{"0":0,"1":0,"2":0,"3":0,"4":0,"5":0,"6":0,"7":0,"8":0},"b":{"0":[0,0],"1":[0,0],"2":[0,0],"3":[0,0],"4":[0,0],"5":[0,0],"6":[0,0],"7":[0,0],"8":[0,0],"9":[0,0],"10":[0,0],"11":[0,0],"12":[0,0],"13":[0,0],"14":[0,0],"15":[0,0],"16":[0,0],"17":[0,0],"18":[0,0],"19":[0,0],"20":[0,0],"21":[0,0],"22":[0,0],"23":[0,0],"24":[0,0],"25":[0,0],"26":[0,0],"27":[0,0],"28":[0,0],"29":[0,0],"30":[0,0],"31":[0,0],"32":[0,0],"33":[0,0],"34":[0,0],"35":[0,0]}}
,"/Users/alpha300uk/workspace/alpha300uk/0.toy-project/markdown-explorer/project/markdown-explorer-v1/components/Editor.web.tsx": {"path":"/Users/alpha300uk/workspace/alpha300uk/0.toy-project/markdown-explorer/project/markdown-explorer-v1/components/Editor.web.tsx","statementMap":{"0":{"start":{"line":19,"column":0},"end":{"line":19,"column":61}},"1":{"start":{"line":26,"column":24},"end":{"line":26,"column":44}},"2":{"start":{"line":27,"column":28},"end":{"line":27,"column":48}},"3":{"start":{"line":29,"column":2},"end":{"line":43,"column":22}},"4":{"start":{"line":31,"column":4},"end":{"line":31,"column":83}},"5":{"start":{"line":32,"column":24},"end":{"line":41,"column":5}},"6":{"start":{"line":33,"column":6},"end":{"line":40,"column":7}},"7":{"start":{"line":34,"column":19},"end":{"line":34,"column":71}},"8":{"start":{"line":35,"column":24},"end":{"line":35,"column":55}},"9":{"start":{"line":36,"column":8},"end":{"line":36,"column":20}},"10":{"start":{"line":37,"column":8},"end":{"line":37,"column":21}},"11":{"start":{"line":39,"column":8},"end":{"line":39,"column":57}},"12":{"start":{"line":42,"column":4},"end":{"line":42,"column":29}},"13":{"start":{"line":42,"column":15},"end":{"line":42,"column":29}},"14":{"start":{"line":45,"column":2},"end":{"line":47,"column":3}},"15":{"start":{"line":46,"column":4},"end":{"line":46,"column":252}},"16":{"start":{"line":49,"column":2},"end":{"line":49,"column":159}},"17":{"start":{"line":52,"column":27},"end":{"line":209,"column":1}},"18":{"start":{"line":53,"column":29},"end":{"line":53,"column":39}},"19":{"start":{"line":54,"column":36},"end":{"line":59,"column":4}},"20":{"start":{"line":55,"column":4},"end":{"line":55,"column":51}},"21":{"start":{"line":55,"column":38},"end":{"line":55,"column":51}},"22":{"start":{"line":56,"column":16},"end":{"line":56,"column":24}},"23":{"start":{"line":57,"column":25},"end":{"line":57,"column":47}},"24":{"start":{"line":58,"column":4},"end":{"line":58,"column":52}},"25":{"start":{"line":61,"column":19},"end":{"line":61,"column":44}},"26":{"start":{"line":62,"column":20},"end":{"line":62,"column":56}},"27":{"start":{"line":64,"column":23},"end":{"line":64,"column":27}},"28":{"start":{"line":66,"column":2},"end":{"line":95,"column":49}},"29":{"start":{"line":67,"column":34},"end":{"line":88,"column":5}},"30":{"start":{"line":68,"column":6},"end":{"line":68,"column":47}},"31":{"start":{"line":68,"column":40},"end":{"line":68,"column":47}},"32":{"start":{"line":70,"column":24},"end":{"line":70,"column":46}},"33":{"start":{"line":81,"column":18},"end":{"line":81,"column":26}},"34":{"start":{"line":83,"column":21},"end":{"line":83,"column":93}},"35":{"start":{"line":85,"column":6},"end":{"line":87,"column":7}},"36":{"start":{"line":86,"column":8},"end":{"line":86,"column":31}},"37":{"start":{"line":91,"column":4},"end":{"line":91,"column":28}},"38":{"start":{"line":93,"column":4},"end":{"line":93,"column":56}},"39":{"start":{"line":94,"column":4},"end":{"line":94,"column":70}},"40":{"start":{"line":94,"column":17},"end":{"line":94,"column":69}},"41":{"start":{"line":97,"column":21},"end":{"line":103,"column":3}},"42":{"start":{"line":98,"column":4},"end":{"line":102,"column":5}},"43":{"start":{"line":99,"column":6},"end":{"line":101,"column":42}},"44":{"start":{"line":100,"column":20},"end":{"line":100,"column":54}},"45":{"start":{"line":101,"column":22},"end":{"line":101,"column":40}},"46":{"start":{"line":105,"column":26},"end":{"line":114,"column":3}},"47":{"start":{"line":106,"column":4},"end":{"line":106,"column":24}},"48":{"start":{"line":107,"column":4},"end":{"line":107,"column":23}},"49":{"start":{"line":108,"column":4},"end":{"line":113,"column":5}},"50":{"start":{"line":109,"column":6},"end":{"line":112,"column":12}},"51":{"start":{"line":110,"column":8},"end":{"line":110,"column":55}},"52":{"start":{"line":111,"column":8},"end":{"line":111,"column":28}},"53":{"start":{"line":116,"column":25},"end":{"line":116,"column":41}},"54":{"start":{"line":118,"column":2},"end":{"line":208,"column":4}},"55":{"start":{"line":211,"column":35},"end":{"line":211,"column":65}},"56":{"start":{"line":213,"column":24},"end":{"line":217,"column":2}},"57":{"start":{"line":215,"column":4},"end":{"line":215,"column":61}},"58":{"start":{"line":219,"column":25},"end":{"line":290,"column":1}},"59":{"start":{"line":220,"column":21},"end":{"line":220,"column":31}},"60":{"start":{"line":221,"column":36},"end":{"line":221,"column":51}},"61":{"start":{"line":222,"column":36},"end":{"line":227,"column":4}},"62":{"start":{"line":223,"column":4},"end":{"line":223,"column":51}},"63":{"start":{"line":223,"column":38},"end":{"line":223,"column":51}},"64":{"start":{"line":224,"column":27},"end":{"line":224,"column":49}},"65":{"start":{"line":225,"column":16},"end":{"line":225,"column":24}},"66":{"start":{"line":226,"column":4},"end":{"line":226,"column":62}},"67":{"start":{"line":229,"column":2},"end":{"line":247,"column":49}},"68":{"start":{"line":230,"column":34},"end":{"line":241,"column":5}},"69":{"start":{"line":231,"column":6},"end":{"line":231,"column":47}},"70":{"start":{"line":231,"column":40},"end":{"line":231,"column":47}},"71":{"start":{"line":233,"column":29},"end":{"line":233,"column":51}},"72":{"start":{"line":234,"column":18},"end":{"line":234,"column":26}},"73":{"start":{"line":236,"column":23},"end":{"line":236,"column":73}},"74":{"start":{"line":238,"column":6},"end":{"line":240,"column":7}},"75":{"start":{"line":239,"column":8},"end":{"line":239,"column":31}},"76":{"start":{"line":243,"column":4},"end":{"line":243,"column":56}},"77":{"start":{"line":244,"column":4},"end":{"line":246,"column":6}},"78":{"start":{"line":245,"column":6},"end":{"line":245,"column":59}},"79":{"start":{"line":249,"column":16},"end":{"line":249,"column":32}},"80":{"start":{"line":250,"column":21},"end":{"line":250,"column":39}},"81":{"start":{"line":251,"column":29},"end":{"line":251,"column":51}},"82":{"start":{"line":253,"column":22},"end":{"line":259,"column":3}},"83":{"start":{"line":254,"column":4},"end":{"line":254,"column":23}},"84":{"start":{"line":255,"column":4},"end":{"line":255,"column":24}},"85":{"start":{"line":256,"column":22},"end":{"line":256,"column":49}},"86":{"start":{"line":257,"column":4},"end":{"line":257,"column":43}},"87":{"start":{"line":258,"column":4},"end":{"line":258,"column":24}},"88":{"start":{"line":261,"column":2},"end":{"line":289,"column":4}},"89":{"start":{"line":264,"column":26},"end":{"line":264,"column":44}},"90":{"start":{"line":265,"column":26},"end":{"line":265,"column":45}},"91":{"start":{"line":292,"column":33},"end":{"line":292,"column":61}},"92":{"start":{"line":294,"column":22},"end":{"line":340,"column":2}},"93":{"start":{"line":296,"column":4},"end":{"line":335,"column":6}},"94":{"start":{"line":299,"column":30},"end":{"line":299,"column":47}},"95":{"start":{"line":300,"column":33},"end":{"line":300,"column":42}},"96":{"start":{"line":301,"column":8},"end":{"line":301,"column":73}},"97":{"start":{"line":301,"column":60},"end":{"line":301,"column":73}},"98":{"start":{"line":303,"column":8},"end":{"line":306,"column":17}},"99":{"start":{"line":309,"column":30},"end":{"line":309,"column":47}},"100":{"start":{"line":310,"column":33},"end":{"line":310,"column":42}},"101":{"start":{"line":311,"column":8},"end":{"line":311,"column":73}},"102":{"start":{"line":311,"column":60},"end":{"line":311,"column":73}},"103":{"start":{"line":313,"column":8},"end":{"line":318,"column":9}},"104":{"start":{"line":314,"column":24},"end":{"line":314,"column":48}},"105":{"start":{"line":315,"column":10},"end":{"line":317,"column":11}},"106":{"start":{"line":316,"column":12},"end":{"line":316,"column":85}},"107":{"start":{"line":319,"column":8},"end":{"line":319,"column":21}},"108":{"start":{"line":322,"column":30},"end":{"line":322,"column":47}},"109":{"start":{"line":323,"column":33},"end":{"line":323,"column":42}},"110":{"start":{"line":324,"column":8},"end":{"line":324,"column":73}},"111":{"start":{"line":324,"column":60},"end":{"line":324,"column":73}},"112":{"start":{"line":326,"column":8},"end":{"line":332,"column":9}},"113":{"start":{"line":327,"column":24},"end":{"line":327,"column":48}},"114":{"start":{"line":328,"column":10},"end":{"line":330,"column":11}},"115":{"start":{"line":329,"column":12},"end":{"line":329,"column":85}},"116":{"start":{"line":331,"column":10},"end":{"line":331,"column":22}},"117":{"start":{"line":333,"column":8},"end":{"line":333,"column":21}},"118":{"start":{"line":338,"column":4},"end":{"line":338,"column":59}},"119":{"start":{"line":342,"column":28},"end":{"line":391,"column":1}},"120":{"start":{"line":343,"column":21},"end":{"line":343,"column":31}},"121":{"start":{"line":344,"column":36},"end":{"line":349,"column":4}},"122":{"start":{"line":345,"column":4},"end":{"line":345,"column":51}},"123":{"start":{"line":345,"column":38},"end":{"line":345,"column":51}},"124":{"start":{"line":346,"column":27},"end":{"line":346,"column":49}},"125":{"start":{"line":347,"column":16},"end":{"line":347,"column":24}},"126":{"start":{"line":348,"column":4},"end":{"line":348,"column":62}},"127":{"start":{"line":351,"column":2},"end":{"line":367,"column":49}},"128":{"start":{"line":352,"column":34},"end":{"line":361,"column":5}},"129":{"start":{"line":353,"column":6},"end":{"line":353,"column":47}},"130":{"start":{"line":353,"column":40},"end":{"line":353,"column":47}},"131":{"start":{"line":354,"column":29},"end":{"line":354,"column":51}},"132":{"start":{"line":355,"column":18},"end":{"line":355,"column":26}},"133":{"start":{"line":356,"column":23},"end":{"line":356,"column":73}},"134":{"start":{"line":358,"column":6},"end":{"line":360,"column":7}},"135":{"start":{"line":359,"column":8},"end":{"line":359,"column":31}},"136":{"start":{"line":363,"column":4},"end":{"line":363,"column":56}},"137":{"start":{"line":364,"column":4},"end":{"line":366,"column":6}},"138":{"start":{"line":365,"column":6},"end":{"line":365,"column":59}},"139":{"start":{"line":369,"column":2},"end":{"line":390,"column":4}},"140":{"start":{"line":393,"column":36},"end":{"line":393,"column":67}},"141":{"start":{"line":395,"column":25},"end":{"line":399,"column":2}},"142":{"start":{"line":397,"column":4},"end":{"line":397,"column":62}},"143":{"start":{"line":401,"column":30},"end":{"line":753,"column":2}},"144":{"start":{"line":404,"column":4},"end":{"line":680,"column":6}},"145":{"start":{"line":410,"column":14},"end":{"line":410,"column":53}},"146":{"start":{"line":411,"column":14},"end":{"line":411,"column":27}},"147":{"start":{"line":414,"column":14},"end":{"line":414,"column":54}},"148":{"start":{"line":415,"column":14},"end":{"line":419,"column":21}},"149":{"start":{"line":416,"column":16},"end":{"line":418,"column":17}},"150":{"start":{"line":417,"column":18},"end":{"line":417,"column":77}},"151":{"start":{"line":420,"column":14},"end":{"line":420,"column":27}},"152":{"start":{"line":425,"column":10},"end":{"line":425,"column":74}},"153":{"start":{"line":425,"column":38},"end":{"line":425,"column":64}},"154":{"start":{"line":425,"column":67},"end":{"line":425,"column":74}},"155":{"start":{"line":426,"column":10},"end":{"line":426,"column":81}},"156":{"start":{"line":426,"column":39},"end":{"line":426,"column":71}},"157":{"start":{"line":426,"column":74},"end":{"line":426,"column":81}},"158":{"start":{"line":428,"column":19},"end":{"line":428,"column":30}},"159":{"start":{"line":429,"column":10},"end":{"line":429,"column":43}},"160":{"start":{"line":430,"column":54},"end":{"line":435,"column":11}},"161":{"start":{"line":437,"column":29},"end":{"line":486,"column":11}},"162":{"start":{"line":438,"column":35},"end":{"line":438,"column":53}},"163":{"start":{"line":439,"column":30},"end":{"line":442,"column":67}},"164":{"start":{"line":442,"column":26},"end":{"line":442,"column":66}},"165":{"start":{"line":444,"column":12},"end":{"line":484,"column":13}},"166":{"start":{"line":445,"column":27},"end":{"line":445,"column":52}},"167":{"start":{"line":446,"column":14},"end":{"line":483,"column":15}},"168":{"start":{"line":447,"column":28},"end":{"line":447,"column":55}},"169":{"start":{"line":448,"column":16},"end":{"line":482,"column":17}},"170":{"start":{"line":449,"column":32},"end":{"line":449,"column":61}},"171":{"start":{"line":450,"column":18},"end":{"line":481,"column":19}},"172":{"start":{"line":451,"column":20},"end":{"line":451,"column":67}},"173":{"start":{"line":452,"column":20},"end":{"line":452,"column":49}},"174":{"start":{"line":453,"column":20},"end":{"line":453,"column":51}},"175":{"start":{"line":455,"column":36},"end":{"line":455,"column":59}},"176":{"start":{"line":456,"column":34},"end":{"line":456,"column":55}},"177":{"start":{"line":458,"column":34},"end":{"line":458,"column":41}},"178":{"start":{"line":459,"column":32},"end":{"line":459,"column":37}},"179":{"start":{"line":462,"column":20},"end":{"line":464,"column":75}},"180":{"start":{"line":462,"column":45},"end":{"line":462,"column":71}},"181":{"start":{"line":463,"column":25},"end":{"line":464,"column":75}},"182":{"start":{"line":463,"column":51},"end":{"line":463,"column":73}},"183":{"start":{"line":464,"column":25},"end":{"line":464,"column":75}},"184":{"start":{"line":464,"column":53},"end":{"line":464,"column":75}},"185":{"start":{"line":466,"column":20},"end":{"line":468,"column":71}},"186":{"start":{"line":466,"column":43},"end":{"line":466,"column":67}},"187":{"start":{"line":467,"column":25},"end":{"line":468,"column":71}},"188":{"start":{"line":467,"column":49},"end":{"line":467,"column":69}},"189":{"start":{"line":468,"column":25},"end":{"line":468,"column":71}},"190":{"start":{"line":468,"column":51},"end":{"line":468,"column":71}},"191":{"start":{"line":470,"column":20},"end":{"line":473,"column":21}},"192":{"start":{"line":471,"column":22},"end":{"line":471,"column":42}},"193":{"start":{"line":472,"column":22},"end":{"line":472,"column":38}},"194":{"start":{"line":475,"column":20},"end":{"line":479,"column":23}},"195":{"start":{"line":480,"column":20},"end":{"line":480,"column":32}},"196":{"start":{"line":485,"column":12},"end":{"line":485,"column":25}},"197":{"start":{"line":488,"column":30},"end":{"line":534,"column":11}},"198":{"start":{"line":489,"column":12},"end":{"line":489,"column":62}},"199":{"start":{"line":489,"column":49},"end":{"line":489,"column":62}},"200":{"start":{"line":490,"column":24},"end":{"line":490,"column":29}},"201":{"start":{"line":491,"column":12},"end":{"line":532,"column":15}},"202":{"start":{"line":492,"column":14},"end":{"line":492,"column":38}},"203":{"start":{"line":492,"column":25},"end":{"line":492,"column":38}},"204":{"start":{"line":493,"column":14},"end":{"line":531,"column":15}},"205":{"start":{"line":494,"column":45},"end":{"line":494,"column":81}},"206":{"start":{"line":495,"column":44},"end":{"line":495,"column":96}},"207":{"start":{"line":496,"column":35},"end":{"line":496,"column":113}},"208":{"start":{"line":497,"column":35},"end":{"line":497,"column":92}},"209":{"start":{"line":499,"column":16},"end":{"line":530,"column":17}},"210":{"start":{"line":500,"column":32},"end":{"line":500,"column":34}},"211":{"start":{"line":501,"column":18},"end":{"line":518,"column":19}},"212":{"start":{"line":502,"column":20},"end":{"line":502,"column":71}},"213":{"start":{"line":503,"column":25},"end":{"line":518,"column":19}},"214":{"start":{"line":504,"column":47},"end":{"line":504,"column":57}},"215":{"start":{"line":505,"column":20},"end":{"line":513,"column":21}},"216":{"start":{"line":506,"column":22},"end":{"line":506,"column":60}},"217":{"start":{"line":507,"column":27},"end":{"line":513,"column":21}},"218":{"start":{"line":508,"column":22},"end":{"line":508,"column":59}},"219":{"start":{"line":509,"column":27},"end":{"line":513,"column":21}},"220":{"start":{"line":510,"column":22},"end":{"line":510,"column":60}},"221":{"start":{"line":512,"column":22},"end":{"line":512,"column":36}},"222":{"start":{"line":515,"column":32},"end":{"line":515,"column":52}},"223":{"start":{"line":516,"column":32},"end":{"line":516,"column":52}},"224":{"start":{"line":517,"column":20},"end":{"line":517,"column":52}},"225":{"start":{"line":520,"column":18},"end":{"line":520,"column":54}},"226":{"start":{"line":521,"column":18},"end":{"line":521,"column":46}},"227":{"start":{"line":523,"column":18},"end":{"line":527,"column":19}},"228":{"start":{"line":524,"column":21},"end":{"line":524,"column":89}},"229":{"start":{"line":526,"column":21},"end":{"line":526,"column":72}},"230":{"start":{"line":529,"column":18},"end":{"line":529,"column":31}},"231":{"start":{"line":533,"column":12},"end":{"line":533,"column":25}},"232":{"start":{"line":536,"column":31},"end":{"line":671,"column":11}},"233":{"start":{"line":537,"column":108},"end":{"line":537,"column":110}},"234":{"start":{"line":538,"column":12},"end":{"line":654,"column":15}},"235":{"start":{"line":539,"column":14},"end":{"line":653,"column":15}},"236":{"start":{"line":540,"column":29},"end":{"line":540,"column":45}},"237":{"start":{"line":541,"column":16},"end":{"line":541,"column":196}},"238":{"start":{"line":541,"column":189},"end":{"line":541,"column":196}},"239":{"start":{"line":543,"column":32},"end":{"line":548,"column":17}},"240":{"start":{"line":550,"column":16},"end":{"line":570,"column":17}},"241":{"start":{"line":552,"column":35},"end":{"line":552,"column":62}},"242":{"start":{"line":553,"column":18},"end":{"line":569,"column":19}},"243":{"start":{"line":554,"column":34},"end":{"line":554,"column":91}},"244":{"start":{"line":555,"column":32},"end":{"line":555,"column":91}},"245":{"start":{"line":556,"column":39},"end":{"line":556,"column":195}},"246":{"start":{"line":558,"column":20},"end":{"line":568,"column":21}},"247":{"start":{"line":559,"column":35},"end":{"line":559,"column":62}},"248":{"start":{"line":560,"column":22},"end":{"line":567,"column":23}},"249":{"start":{"line":561,"column":24},"end":{"line":566,"column":27}},"250":{"start":{"line":572,"column":16},"end":{"line":572,"column":66}},"251":{"start":{"line":572,"column":53},"end":{"line":572,"column":66}},"252":{"start":{"line":575,"column":33},"end":{"line":575,"column":74}},"253":{"start":{"line":577,"column":16},"end":{"line":592,"column":17}},"254":{"start":{"line":578,"column":32},"end":{"line":578,"column":56}},"255":{"start":{"line":579,"column":30},"end":{"line":579,"column":56}},"256":{"start":{"line":580,"column":37},"end":{"line":580,"column":193}},"257":{"start":{"line":582,"column":18},"end":{"line":591,"column":19}},"258":{"start":{"line":583,"column":38},"end":{"line":583,"column":102}},"259":{"start":{"line":584,"column":20},"end":{"line":590,"column":21}},"260":{"start":{"line":585,"column":34},"end":{"line":585,"column":60}},"261":{"start":{"line":586,"column":22},"end":{"line":589,"column":25}},"262":{"start":{"line":596,"column":32},"end":{"line":596,"column":87}},"263":{"start":{"line":598,"column":16},"end":{"line":623,"column":17}},"264":{"start":{"line":599,"column":37},"end":{"line":599,"column":50}},"265":{"start":{"line":600,"column":35},"end":{"line":600,"column":65}},"266":{"start":{"line":603,"column":32},"end":{"line":603,"column":52}},"267":{"start":{"line":604,"column":30},"end":{"line":604,"column":48}},"268":{"start":{"line":606,"column":37},"end":{"line":606,"column":193}},"269":{"start":{"line":609,"column":42},"end":{"line":609,"column":47}},"270":{"start":{"line":610,"column":18},"end":{"line":612,"column":21}},"271":{"start":{"line":611,"column":20},"end":{"line":611,"column":80}},"272":{"start":{"line":611,"column":55},"end":{"line":611,"column":80}},"273":{"start":{"line":614,"column":18},"end":{"line":622,"column":19}},"274":{"start":{"line":615,"column":41},"end":{"line":615,"column":71}},"275":{"start":{"line":616,"column":20},"end":{"line":621,"column":21}},"276":{"start":{"line":617,"column":22},"end":{"line":620,"column":25}},"277":{"start":{"line":626,"column":38},"end":{"line":626,"column":62}},"278":{"start":{"line":628,"column":16},"end":{"line":652,"column":17}},"279":{"start":{"line":629,"column":32},"end":{"line":629,"column":58}},"280":{"start":{"line":630,"column":30},"end":{"line":630,"column":58}},"281":{"start":{"line":631,"column":37},"end":{"line":631,"column":193}},"282":{"start":{"line":633,"column":37},"end":{"line":633,"column":68}},"283":{"start":{"line":634,"column":39},"end":{"line":634,"column":108}},"284":{"start":{"line":637,"column":39},"end":{"line":637,"column":65}},"285":{"start":{"line":638,"column":44},"end":{"line":638,"column":97}},"286":{"start":{"line":640,"column":18},"end":{"line":651,"column":19}},"287":{"start":{"line":641,"column":41},"end":{"line":641,"column":71}},"288":{"start":{"line":642,"column":20},"end":{"line":650,"column":21}},"289":{"start":{"line":644,"column":22},"end":{"line":649,"column":23}},"290":{"start":{"line":644,"column":45},"end":{"line":644,"column":115}},"291":{"start":{"line":645,"column":24},"end":{"line":648,"column":27}},"292":{"start":{"line":656,"column":12},"end":{"line":669,"column":13}},"293":{"start":{"line":658,"column":14},"end":{"line":658,"column":56}},"294":{"start":{"line":658,"column":37},"end":{"line":658,"column":54}},"295":{"start":{"line":659,"column":14},"end":{"line":667,"column":17}},"296":{"start":{"line":660,"column":16},"end":{"line":666,"column":17}},"297":{"start":{"line":661,"column":18},"end":{"line":661,"column":72}},"298":{"start":{"line":662,"column":23},"end":{"line":666,"column":17}},"299":{"start":{"line":663,"column":18},"end":{"line":663,"column":119}},"300":{"start":{"line":664,"column":18},"end":{"line":664,"column":71}},"301":{"start":{"line":665,"column":18},"end":{"line":665,"column":75}},"302":{"start":{"line":668,"column":14},"end":{"line":668,"column":26}},"303":{"start":{"line":670,"column":12},"end":{"line":670,"column":25}},"304":{"start":{"line":673,"column":10},"end":{"line":673,"column":38}},"305":{"start":{"line":673,"column":28},"end":{"line":673,"column":38}},"306":{"start":{"line":674,"column":10},"end":{"line":674,"column":39}},"307":{"start":{"line":674,"column":29},"end":{"line":674,"column":39}},"308":{"start":{"line":675,"column":10},"end":{"line":675,"column":40}},"309":{"start":{"line":675,"column":30},"end":{"line":675,"column":40}},"310":{"start":{"line":677,"column":10},"end":{"line":677,"column":22}},"311":{"start":{"line":683,"column":33},"end":{"line":723,"column":5}},"312":{"start":{"line":684,"column":34},"end":{"line":684,"column":50}},"313":{"start":{"line":685,"column":36},"end":{"line":685,"column":51}},"314":{"start":{"line":687,"column":6},"end":{"line":687,"column":30}},"315":{"start":{"line":687,"column":17},"end":{"line":687,"column":30}},"316":{"start":{"line":689,"column":19},"end":{"line":689,"column":66}},"317":{"start":{"line":691,"column":25},"end":{"line":691,"column":100}},"318":{"start":{"line":692,"column":24},"end":{"line":692,"column":116}},"319":{"start":{"line":694,"column":6},"end":{"line":722,"column":7}},"320":{"start":{"line":696,"column":8},"end":{"line":701,"column":9}},"321":{"start":{"line":697,"column":21},"end":{"line":697,"column":29}},"322":{"start":{"line":698,"column":10},"end":{"line":698,"column":51}},"323":{"start":{"line":699,"column":10},"end":{"line":699,"column":55}},"324":{"start":{"line":700,"column":10},"end":{"line":700,"column":23}},"325":{"start":{"line":702,"column":8},"end":{"line":702,"column":20}},"326":{"start":{"line":703,"column":13},"end":{"line":722,"column":7}},"327":{"start":{"line":705,"column":8},"end":{"line":710,"column":9}},"328":{"start":{"line":706,"column":21},"end":{"line":706,"column":29}},"329":{"start":{"line":707,"column":10},"end":{"line":707,"column":51}},"330":{"start":{"line":708,"column":10},"end":{"line":708,"column":55}},"331":{"start":{"line":709,"column":10},"end":{"line":709,"column":23}},"332":{"start":{"line":711,"column":8},"end":{"line":711,"column":20}},"333":{"start":{"line":714,"column":8},"end":{"line":720,"column":9}},"334":{"start":{"line":715,"column":21},"end":{"line":715,"column":29}},"335":{"start":{"line":716,"column":10},"end":{"line":716,"column":38}},"336":{"start":{"line":717,"column":10},"end":{"line":717,"column":40}},"337":{"start":{"line":718,"column":10},"end":{"line":718,"column":102}},"338":{"start":{"line":719,"column":10},"end":{"line":719,"column":23}},"339":{"start":{"line":721,"column":8},"end":{"line":721,"column":20}},"340":{"start":{"line":725,"column":25},"end":{"line":739,"column":5}},"341":{"start":{"line":726,"column":34},"end":{"line":726,"column":50}},"342":{"start":{"line":727,"column":36},"end":{"line":727,"column":51}},"343":{"start":{"line":729,"column":6},"end":{"line":729,"column":30}},"344":{"start":{"line":729,"column":17},"end":{"line":729,"column":30}},"345":{"start":{"line":731,"column":6},"end":{"line":737,"column":7}},"346":{"start":{"line":732,"column":19},"end":{"line":732,"column":27}},"347":{"start":{"line":733,"column":8},"end":{"line":733,"column":38}},"348":{"start":{"line":734,"column":8},"end":{"line":734,"column":39}},"349":{"start":{"line":735,"column":8},"end":{"line":735,"column":102}},"350":{"start":{"line":736,"column":8},"end":{"line":736,"column":21}},"351":{"start":{"line":738,"column":6},"end":{"line":738,"column":18}},"352":{"start":{"line":741,"column":4},"end":{"line":751,"column":6}},"353":{"start":{"line":742,"column":21},"end":{"line":742,"column":47}},"354":{"start":{"line":743,"column":21},"end":{"line":743,"column":46}},"355":{"start":{"line":744,"column":21},"end":{"line":744,"column":46}},"356":{"start":{"line":745,"column":27},"end":{"line":745,"column":53}},"357":{"start":{"line":746,"column":18},"end":{"line":746,"column":42}},"358":{"start":{"line":747,"column":17},"end":{"line":747,"column":39}},"359":{"start":{"line":748,"column":17},"end":{"line":748,"column":39}},"360":{"start":{"line":749,"column":17},"end":{"line":749,"column":39}},"361":{"start":{"line":750,"column":17},"end":{"line":750,"column":39}},"362":{"start":{"line":758,"column":30},"end":{"line":798,"column":2}},"363":{"start":{"line":761,"column":4},"end":{"line":763,"column":6}},"364":{"start":{"line":766,"column":4},"end":{"line":796,"column":6}},"365":{"start":{"line":771,"column":37},"end":{"line":771,"column":49}},"366":{"start":{"line":772,"column":12},"end":{"line":772,"column":44}},"367":{"start":{"line":772,"column":31},"end":{"line":772,"column":44}},"368":{"start":{"line":774,"column":26},"end":{"line":774,"column":70}},"369":{"start":{"line":775,"column":30},"end":{"line":775,"column":80}},"370":{"start":{"line":775,"column":49},"end":{"line":775,"column":79}},"371":{"start":{"line":777,"column":12},"end":{"line":791,"column":13}},"372":{"start":{"line":778,"column":27},"end":{"line":778,"column":48}},"373":{"start":{"line":779,"column":14},"end":{"line":790,"column":15}},"374":{"start":{"line":780,"column":16},"end":{"line":780,"column":39}},"375":{"start":{"line":781,"column":16},"end":{"line":788,"column":19}},"376":{"start":{"line":782,"column":18},"end":{"line":787,"column":19}},"377":{"start":{"line":783,"column":48},"end":{"line":783,"column":52}},"378":{"start":{"line":784,"column":33},"end":{"line":784,"column":103}},"379":{"start":{"line":785,"column":31},"end":{"line":785,"column":66}},"380":{"start":{"line":786,"column":20},"end":{"line":786,"column":33}},"381":{"start":{"line":789,"column":16},"end":{"line":789,"column":28}},"382":{"start":{"line":792,"column":12},"end":{"line":792,"column":25}},"383":{"start":{"line":800,"column":20},"end":{"line":1066,"column":2}},"384":{"start":{"line":802,"column":4},"end":{"line":806,"column":6}},"385":{"start":{"line":809,"column":4},"end":{"line":1064,"column":6}},"386":{"start":{"line":810,"column":24},"end":{"line":810,"column":54}},"387":{"start":{"line":811,"column":6},"end":{"line":811,"column":44}},"388":{"start":{"line":812,"column":6},"end":{"line":812,"column":40}},"389":{"start":{"line":813,"column":6},"end":{"line":813,"column":40}},"390":{"start":{"line":814,"column":6},"end":{"line":814,"column":40}},"391":{"start":{"line":816,"column":18},"end":{"line":816,"column":47}},"392":{"start":{"line":817,"column":27},"end":{"line":817,"column":37}},"393":{"start":{"line":819,"column":20},"end":{"line":819,"column":29}},"394":{"start":{"line":820,"column":23},"end":{"line":820,"column":29}},"395":{"start":{"line":821,"column":6},"end":{"line":825,"column":7}},"396":{"start":{"line":822,"column":22},"end":{"line":822,"column":46}},"397":{"start":{"line":823,"column":8},"end":{"line":823,"column":27}},"398":{"start":{"line":824,"column":8},"end":{"line":824,"column":30}},"399":{"start":{"line":827,"column":6},"end":{"line":827,"column":39}},"400":{"start":{"line":828,"column":6},"end":{"line":828,"column":34}},"401":{"start":{"line":829,"column":6},"end":{"line":829,"column":35}},"402":{"start":{"line":830,"column":6},"end":{"line":830,"column":37}},"403":{"start":{"line":831,"column":6},"end":{"line":831,"column":35}},"404":{"start":{"line":832,"column":6},"end":{"line":832,"column":34}},"405":{"start":{"line":834,"column":6},"end":{"line":840,"column":7}},"406":{"start":{"line":835,"column":8},"end":{"line":837,"column":11}},"407":{"start":{"line":836,"column":10},"end":{"line":836,"column":48}},"408":{"start":{"line":836,"column":19},"end":{"line":836,"column":48}},"409":{"start":{"line":838,"column":13},"end":{"line":840,"column":7}},"410":{"start":{"line":839,"column":8},"end":{"line":839,"column":37}},"411":{"start":{"line":842,"column":28},"end":{"line":842,"column":57}},"412":{"start":{"line":843,"column":6},"end":{"line":843,"column":43}},"413":{"start":{"line":844,"column":6},"end":{"line":844,"column":48}},"414":{"start":{"line":845,"column":6},"end":{"line":845,"column":44}},"415":{"start":{"line":846,"column":6},"end":{"line":846,"column":38}},"416":{"start":{"line":848,"column":19},"end":{"line":848,"column":48}},"417":{"start":{"line":849,"column":6},"end":{"line":849,"column":61}},"418":{"start":{"line":850,"column":6},"end":{"line":850,"column":35}},"419":{"start":{"line":851,"column":6},"end":{"line":851,"column":35}},"420":{"start":{"line":852,"column":6},"end":{"line":852,"column":41}},"421":{"start":{"line":853,"column":6},"end":{"line":853,"column":39}},"422":{"start":{"line":854,"column":6},"end":{"line":854,"column":37}},"423":{"start":{"line":855,"column":6},"end":{"line":855,"column":43}},"424":{"start":{"line":856,"column":6},"end":{"line":856,"column":28}},"425":{"start":{"line":858,"column":6},"end":{"line":861,"column":9}},"426":{"start":{"line":859,"column":8},"end":{"line":859,"column":27}},"427":{"start":{"line":860,"column":8},"end":{"line":860,"column":28}},"428":{"start":{"line":863,"column":25},"end":{"line":863,"column":54}},"429":{"start":{"line":864,"column":6},"end":{"line":864,"column":40}},"430":{"start":{"line":865,"column":6},"end":{"line":865,"column":45}},"431":{"start":{"line":866,"column":6},"end":{"line":866,"column":35}},"432":{"start":{"line":868,"column":25},"end":{"line":868,"column":55}},"433":{"start":{"line":869,"column":6},"end":{"line":869,"column":38}},"434":{"start":{"line":870,"column":6},"end":{"line":870,"column":41}},"435":{"start":{"line":871,"column":6},"end":{"line":871,"column":41}},"436":{"start":{"line":873,"column":25},"end":{"line":873,"column":56}},"437":{"start":{"line":874,"column":6},"end":{"line":874,"column":65}},"438":{"start":{"line":875,"column":6},"end":{"line":875,"column":38}},"439":{"start":{"line":876,"column":6},"end":{"line":876,"column":38}},"440":{"start":{"line":877,"column":6},"end":{"line":877,"column":41}},"441":{"start":{"line":878,"column":6},"end":{"line":878,"column":43}},"442":{"start":{"line":879,"column":6},"end":{"line":879,"column":52}},"443":{"start":{"line":880,"column":6},"end":{"line":880,"column":44}},"444":{"start":{"line":881,"column":6},"end":{"line":881,"column":50}},"445":{"start":{"line":882,"column":6},"end":{"line":882,"column":41}},"446":{"start":{"line":883,"column":6},"end":{"line":883,"column":40}},"447":{"start":{"line":885,"column":24},"end":{"line":885,"column":56}},"448":{"start":{"line":886,"column":6},"end":{"line":886,"column":37}},"449":{"start":{"line":887,"column":6},"end":{"line":887,"column":40}},"450":{"start":{"line":888,"column":6},"end":{"line":888,"column":42}},"451":{"start":{"line":889,"column":6},"end":{"line":889,"column":41}},"452":{"start":{"line":890,"column":6},"end":{"line":890,"column":45}},"453":{"start":{"line":891,"column":6},"end":{"line":891,"column":51}},"454":{"start":{"line":892,"column":6},"end":{"line":892,"column":43}},"455":{"start":{"line":893,"column":6},"end":{"line":893,"column":40}},"456":{"start":{"line":895,"column":6},"end":{"line":895,"column":41}},"457":{"start":{"line":896,"column":6},"end":{"line":896,"column":41}},"458":{"start":{"line":897,"column":6},"end":{"line":897,"column":40}},"459":{"start":{"line":899,"column":22},"end":{"line":899,"column":51}},"460":{"start":{"line":900,"column":6},"end":{"line":900,"column":37}},"461":{"start":{"line":901,"column":6},"end":{"line":901,"column":42}},"462":{"start":{"line":902,"column":6},"end":{"line":902,"column":32}},"463":{"start":{"line":904,"column":26},"end":{"line":904,"column":57}},"464":{"start":{"line":905,"column":6},"end":{"line":905,"column":40}},"465":{"start":{"line":906,"column":6},"end":{"line":906,"column":42}},"466":{"start":{"line":907,"column":6},"end":{"line":907,"column":44}},"467":{"start":{"line":908,"column":6},"end":{"line":908,"column":53}},"468":{"start":{"line":909,"column":6},"end":{"line":909,"column":45}},"469":{"start":{"line":910,"column":6},"end":{"line":910,"column":51}},"470":{"start":{"line":911,"column":6},"end":{"line":911,"column":42}},"471":{"start":{"line":912,"column":6},"end":{"line":912,"column":41}},"472":{"start":{"line":914,"column":22},"end":{"line":914,"column":54}},"473":{"start":{"line":915,"column":6},"end":{"line":915,"column":30}},"474":{"start":{"line":916,"column":6},"end":{"line":916,"column":39}},"475":{"start":{"line":917,"column":6},"end":{"line":917,"column":38}},"476":{"start":{"line":918,"column":6},"end":{"line":918,"column":40}},"477":{"start":{"line":919,"column":6},"end":{"line":919,"column":43}},"478":{"start":{"line":920,"column":6},"end":{"line":920,"column":36}},"479":{"start":{"line":921,"column":6},"end":{"line":921,"column":36}},"480":{"start":{"line":922,"column":6},"end":{"line":922,"column":41}},"481":{"start":{"line":923,"column":6},"end":{"line":923,"column":30}},"482":{"start":{"line":925,"column":24},"end":{"line":925,"column":56}},"483":{"start":{"line":926,"column":6},"end":{"line":926,"column":32}},"484":{"start":{"line":927,"column":6},"end":{"line":927,"column":41}},"485":{"start":{"line":928,"column":6},"end":{"line":928,"column":40}},"486":{"start":{"line":929,"column":6},"end":{"line":929,"column":42}},"487":{"start":{"line":930,"column":6},"end":{"line":930,"column":45}},"488":{"start":{"line":931,"column":6},"end":{"line":931,"column":38}},"489":{"start":{"line":932,"column":6},"end":{"line":932,"column":38}},"490":{"start":{"line":933,"column":6},"end":{"line":933,"column":43}},"491":{"start":{"line":934,"column":6},"end":{"line":934,"column":33}},"492":{"start":{"line":936,"column":6},"end":{"line":936,"column":39}},"493":{"start":{"line":937,"column":6},"end":{"line":937,"column":35}},"494":{"start":{"line":938,"column":6},"end":{"line":938,"column":37}},"495":{"start":{"line":940,"column":6},"end":{"line":940,"column":38}},"496":{"start":{"line":941,"column":6},"end":{"line":941,"column":44}},"497":{"start":{"line":942,"column":6},"end":{"line":942,"column":41}},"498":{"start":{"line":944,"column":6},"end":{"line":944,"column":33}},"499":{"start":{"line":945,"column":6},"end":{"line":945,"column":43}},"500":{"start":{"line":947,"column":24},"end":{"line":947,"column":29}},"501":{"start":{"line":949,"column":27},"end":{"line":970,"column":8}},"502":{"start":{"line":950,"column":9},"end":{"line":950,"column":33}},"503":{"start":{"line":950,"column":26},"end":{"line":950,"column":33}},"504":{"start":{"line":951,"column":9},"end":{"line":969,"column":10}},"505":{"start":{"line":952,"column":12},"end":{"line":968,"column":13}},"506":{"start":{"line":953,"column":26},"end":{"line":953,"column":34}},"507":{"start":{"line":954,"column":14},"end":{"line":954,"column":44}},"508":{"start":{"line":954,"column":37},"end":{"line":954,"column":44}},"509":{"start":{"line":956,"column":31},"end":{"line":956,"column":54}},"510":{"start":{"line":957,"column":14},"end":{"line":960,"column":15}},"511":{"start":{"line":958,"column":16},"end":{"line":958,"column":34}},"512":{"start":{"line":959,"column":16},"end":{"line":959,"column":46}},"513":{"start":{"line":962,"column":14},"end":{"line":962,"column":64}},"514":{"start":{"line":962,"column":57},"end":{"line":962,"column":64}},"515":{"start":{"line":963,"column":29},"end":{"line":963,"column":84}},"516":{"start":{"line":964,"column":25},"end":{"line":964,"column":102}},"517":{"start":{"line":965,"column":14},"end":{"line":965,"column":39}},"518":{"start":{"line":967,"column":14},"end":{"line":967,"column":53}},"519":{"start":{"line":972,"column":6},"end":{"line":978,"column":9}},"520":{"start":{"line":973,"column":8},"end":{"line":973,"column":28}},"521":{"start":{"line":974,"column":8},"end":{"line":977,"column":9}},"522":{"start":{"line":975,"column":10},"end":{"line":975,"column":29}},"523":{"start":{"line":976,"column":10},"end":{"line":976,"column":28}},"524":{"start":{"line":979,"column":6},"end":{"line":979,"column":55}},"525":{"start":{"line":981,"column":6},"end":{"line":987,"column":9}},"526":{"start":{"line":982,"column":8},"end":{"line":982,"column":27}},"527":{"start":{"line":983,"column":8},"end":{"line":983,"column":42}},"528":{"start":{"line":984,"column":8},"end":{"line":984,"column":39}},"529":{"start":{"line":985,"column":8},"end":{"line":985,"column":55}},"530":{"start":{"line":986,"column":8},"end":{"line":986,"column":49}},"531":{"start":{"line":986,"column":25},"end":{"line":986,"column":44}},"532":{"start":{"line":989,"column":6},"end":{"line":993,"column":9}},"533":{"start":{"line":990,"column":8},"end":{"line":990,"column":27}},"534":{"start":{"line":991,"column":8},"end":{"line":991,"column":39}},"535":{"start":{"line":992,"column":8},"end":{"line":992,"column":42}},"536":{"start":{"line":995,"column":28},"end":{"line":1026,"column":7}},"537":{"start":{"line":996,"column":8},"end":{"line":996,"column":32}},"538":{"start":{"line":996,"column":25},"end":{"line":996,"column":32}},"539":{"start":{"line":997,"column":24},"end":{"line":997,"column":50}},"540":{"start":{"line":998,"column":24},"end":{"line":998,"column":48}},"541":{"start":{"line":999,"column":8},"end":{"line":1025,"column":9}},"542":{"start":{"line":1000,"column":11},"end":{"line":1000,"column":39}},"543":{"start":{"line":1001,"column":11},"end":{"line":1001,"column":35}},"544":{"start":{"line":1002,"column":11},"end":{"line":1002,"column":37}},"545":{"start":{"line":1003,"column":11},"end":{"line":1021,"column":14}},"546":{"start":{"line":1004,"column":14},"end":{"line":1020,"column":15}},"547":{"start":{"line":1005,"column":17},"end":{"line":1011,"column":48}},"548":{"start":{"line":1006,"column":31},"end":{"line":1006,"column":39}},"549":{"start":{"line":1007,"column":19},"end":{"line":1010,"column":20}},"550":{"start":{"line":1008,"column":32},"end":{"line":1008,"column":179}},"551":{"start":{"line":1009,"column":21},"end":{"line":1009,"column":46}},"552":{"start":{"line":1011,"column":30},"end":{"line":1011,"column":46}},"553":{"start":{"line":1013,"column":17},"end":{"line":1019,"column":18}},"554":{"start":{"line":1014,"column":19},"end":{"line":1014,"column":48}},"555":{"start":{"line":1015,"column":19},"end":{"line":1015,"column":44}},"556":{"start":{"line":1016,"column":19},"end":{"line":1016,"column":43}},"557":{"start":{"line":1017,"column":19},"end":{"line":1017,"column":50}},"558":{"start":{"line":1018,"column":19},"end":{"line":1018,"column":53}},"559":{"start":{"line":1023,"column":11},"end":{"line":1023,"column":42}},"560":{"start":{"line":1024,"column":11},"end":{"line":1024,"column":45}},"561":{"start":{"line":1028,"column":6},"end":{"line":1031,"column":9}},"562":{"start":{"line":1029,"column":8},"end":{"line":1029,"column":27}},"563":{"start":{"line":1030,"column":8},"end":{"line":1030,"column":24}},"564":{"start":{"line":1033,"column":6},"end":{"line":1042,"column":9}},"565":{"start":{"line":1034,"column":8},"end":{"line":1034,"column":28}},"566":{"start":{"line":1035,"column":8},"end":{"line":1041,"column":9}},"567":{"start":{"line":1036,"column":10},"end":{"line":1036,"column":29}},"568":{"start":{"line":1037,"column":10},"end":{"line":1037,"column":26}},"569":{"start":{"line":1038,"column":15},"end":{"line":1041,"column":9}},"570":{"start":{"line":1039,"column":10},"end":{"line":1039,"column":41}},"571":{"start":{"line":1040,"column":10},"end":{"line":1040,"column":44}},"572":{"start":{"line":1044,"column":6},"end":{"line":1046,"column":9}},"573":{"start":{"line":1045,"column":8},"end":{"line":1045,"column":69}},"574":{"start":{"line":1045,"column":48},"end":{"line":1045,"column":67}},"575":{"start":{"line":1048,"column":6},"end":{"line":1056,"column":9}},"576":{"start":{"line":1049,"column":8},"end":{"line":1049,"column":27}},"577":{"start":{"line":1050,"column":8},"end":{"line":1055,"column":9}},"578":{"start":{"line":1051,"column":10},"end":{"line":1054,"column":22}},"579":{"start":{"line":1052,"column":24},"end":{"line":1052,"column":32}},"580":{"start":{"line":1053,"column":12},"end":{"line":1053,"column":73}},"581":{"start":{"line":1053,"column":35},"end":{"line":1053,"column":73}},"582":{"start":{"line":1058,"column":6},"end":{"line":1063,"column":8}},"583":{"start":{"line":1061,"column":10},"end":{"line":1061,"column":29}},"584":{"start":{"line":1068,"column":21},"end":{"line":1086,"column":2}},"585":{"start":{"line":1071,"column":4},"end":{"line":1079,"column":6}},"586":{"start":{"line":1073,"column":8},"end":{"line":1076,"column":9}},"587":{"start":{"line":1074,"column":27},"end":{"line":1074,"column":99}},"588":{"start":{"line":1075,"column":10},"end":{"line":1075,"column":40}},"589":{"start":{"line":1077,"column":8},"end":{"line":1077,"column":20}},"590":{"start":{"line":1082,"column":4},"end":{"line":1084,"column":6}},"591":{"start":{"line":1089,"column":21},"end":{"line":1089,"column":55}},"592":{"start":{"line":1092,"column":21},"end":{"line":1104,"column":76}},"593":{"start":{"line":1092,"column":41},"end":{"line":1104,"column":3}},"594":{"start":{"line":1106,"column":27},"end":{"line":1106,"column":46}},"595":{"start":{"line":1108,"column":17},"end":{"line":1137,"column":4}},"596":{"start":{"line":1112,"column":6},"end":{"line":1114,"column":7}},"597":{"start":{"line":1113,"column":8},"end":{"line":1113,"column":52}},"598":{"start":{"line":1116,"column":6},"end":{"line":1121,"column":14}},"599":{"start":{"line":1117,"column":8},"end":{"line":1117,"column":39}},"600":{"start":{"line":1117,"column":32},"end":{"line":1117,"column":39}},"601":{"start":{"line":1118,"column":25},"end":{"line":1118,"column":92}},"602":{"start":{"line":1119,"column":8},"end":{"line":1119,"column":44}},"603":{"start":{"line":1120,"column":8},"end":{"line":1120,"column":27}},"604":{"start":{"line":1124,"column":6},"end":{"line":1129,"column":7}},"605":{"start":{"line":1125,"column":8},"end":{"line":1128,"column":11}},"606":{"start":{"line":1139,"column":2},"end":{"line":1154,"column":22}},"607":{"start":{"line":1140,"column":4},"end":{"line":1153,"column":5}},"608":{"start":{"line":1142,"column":6},"end":{"line":1142,"column":53}},"609":{"start":{"line":1142,"column":46},"end":{"line":1142,"column":53}},"610":{"start":{"line":1144,"column":30},"end":{"line":1144,"column":76}},"611":{"start":{"line":1145,"column":6},"end":{"line":1152,"column":7}},"612":{"start":{"line":1146,"column":29},"end":{"line":1146,"column":54}},"613":{"start":{"line":1147,"column":33},"end":{"line":1147,"column":68}},"614":{"start":{"line":1148,"column":8},"end":{"line":1151,"column":9}},"615":{"start":{"line":1149,"column":10},"end":{"line":1149,"column":58}},"616":{"start":{"line":1150,"column":10},"end":{"line":1150,"column":43}},"617":{"start":{"line":1156,"column":2},"end":{"line":1207,"column":33}},"618":{"start":{"line":1157,"column":4},"end":{"line":1157,"column":68}},"619":{"start":{"line":1157,"column":61},"end":{"line":1157,"column":68}},"620":{"start":{"line":1159,"column":22},"end":{"line":1159,"column":40}},"621":{"start":{"line":1160,"column":21},"end":{"line":1187,"column":5}},"622":{"start":{"line":1162,"column":28},"end":{"line":1162,"column":92}},"623":{"start":{"line":1163,"column":8},"end":{"line":1163,"column":45}},"624":{"start":{"line":1163,"column":38},"end":{"line":1163,"column":45}},"625":{"start":{"line":1165,"column":30},"end":{"line":1165,"column":63}},"626":{"start":{"line":1166,"column":24},"end":{"line":1166,"column":26}},"627":{"start":{"line":1168,"column":8},"end":{"line":1176,"column":9}},"628":{"start":{"line":1168,"column":21},"end":{"line":1168,"column":22}},"629":{"start":{"line":1169,"column":23},"end":{"line":1169,"column":61}},"630":{"start":{"line":1170,"column":30},"end":{"line":1170,"column":58}},"631":{"start":{"line":1171,"column":10},"end":{"line":1175,"column":11}},"632":{"start":{"line":1172,"column":12},"end":{"line":1172,"column":26}},"633":{"start":{"line":1174,"column":12},"end":{"line":1174,"column":18}},"634":{"start":{"line":1178,"column":8},"end":{"line":1180,"column":9}},"635":{"start":{"line":1179,"column":10},"end":{"line":1179,"column":38}},"636":{"start":{"line":1189,"column":31},"end":{"line":1194,"column":5}},"637":{"start":{"line":1190,"column":6},"end":{"line":1190,"column":37}},"638":{"start":{"line":1190,"column":30},"end":{"line":1190,"column":37}},"639":{"start":{"line":1191,"column":6},"end":{"line":1191,"column":28}},"640":{"start":{"line":1192,"column":23},"end":{"line":1192,"column":75}},"641":{"start":{"line":1193,"column":6},"end":{"line":1193,"column":49}},"642":{"start":{"line":1193,"column":28},"end":{"line":1193,"column":47}},"643":{"start":{"line":1196,"column":4},"end":{"line":1196,"column":25}},"644":{"start":{"line":1197,"column":4},"end":{"line":1197,"column":53}},"645":{"start":{"line":1198,"column":4},"end":{"line":1198,"column":44}},"646":{"start":{"line":1200,"column":4},"end":{"line":1206,"column":6}},"647":{"start":{"line":1201,"column":6},"end":{"line":1201,"column":28}},"648":{"start":{"line":1202,"column":6},"end":{"line":1205,"column":7}},"649":{"start":{"line":1203,"column":8},"end":{"line":1203,"column":58}},"650":{"start":{"line":1204,"column":8},"end":{"line":1204,"column":49}},"651":{"start":{"line":1209,"column":2},"end":{"line":1268,"column":6}},"652":{"start":{"line":1209,"column":34},"end":{"line":1268,"column":3}},"653":{"start":{"line":1211,"column":6},"end":{"line":1211,"column":48}},"654":{"start":{"line":1211,"column":41},"end":{"line":1211,"column":48}},"655":{"start":{"line":1213,"column":22},"end":{"line":1213,"column":24}},"656":{"start":{"line":1214,"column":25},"end":{"line":1214,"column":26}},"657":{"start":{"line":1216,"column":56},"end":{"line":1216,"column":58}},"658":{"start":{"line":1218,"column":6},"end":{"line":1233,"column":9}},"659":{"start":{"line":1219,"column":8},"end":{"line":1231,"column":9}},"660":{"start":{"line":1220,"column":30},"end":{"line":1220,"column":53}},"661":{"start":{"line":1222,"column":10},"end":{"line":1224,"column":11}},"662":{"start":{"line":1223,"column":12},"end":{"line":1223,"column":55}},"663":{"start":{"line":1226,"column":10},"end":{"line":1228,"column":11}},"664":{"start":{"line":1227,"column":12},"end":{"line":1227,"column":28}},"665":{"start":{"line":1230,"column":10},"end":{"line":1230,"column":25}},"666":{"start":{"line":1232,"column":8},"end":{"line":1232,"column":20}},"667":{"start":{"line":1235,"column":24},"end":{"line":1235,"column":60}},"668":{"start":{"line":1236,"column":21},"end":{"line":1236,"column":58}},"669":{"start":{"line":1238,"column":6},"end":{"line":1261,"column":7}},"670":{"start":{"line":1239,"column":8},"end":{"line":1239,"column":51}},"671":{"start":{"line":1241,"column":8},"end":{"line":1258,"column":16}},"672":{"start":{"line":1242,"column":28},"end":{"line":1242,"column":46}},"673":{"start":{"line":1243,"column":10},"end":{"line":1257,"column":11}},"674":{"start":{"line":1244,"column":27},"end":{"line":1244,"column":60}},"675":{"start":{"line":1245,"column":12},"end":{"line":1256,"column":13}},"676":{"start":{"line":1246,"column":36},"end":{"line":1246,"column":69}},"677":{"start":{"line":1247,"column":34},"end":{"line":1247,"column":64}},"678":{"start":{"line":1248,"column":38},"end":{"line":1248,"column":71}},"679":{"start":{"line":1250,"column":14},"end":{"line":1253,"column":17}},"680":{"start":{"line":1255,"column":14},"end":{"line":1255,"column":47}},"681":{"start":{"line":1260,"column":8},"end":{"line":1260,"column":32}},"682":{"start":{"line":1264,"column":6},"end":{"line":1264,"column":48}},"683":{"start":{"line":1264,"column":41},"end":{"line":1264,"column":48}},"684":{"start":{"line":1265,"column":6},"end":{"line":1265,"column":42}},"685":{"start":{"line":1266,"column":6},"end":{"line":1266,"column":30}},"686":{"start":{"line":1270,"column":20},"end":{"line":1270,"column":50}},"687":{"start":{"line":1271,"column":18},"end":{"line":1271,"column":48}},"688":{"start":{"line":1273,"column":15},"end":{"line":1273,"column":45}},"689":{"start":{"line":1274,"column":21},"end":{"line":1274,"column":51}},"690":{"start":{"line":1275,"column":19},"end":{"line":1275,"column":49}},"691":{"start":{"line":1276,"column":17},"end":{"line":1276,"column":47}},"692":{"start":{"line":1277,"column":17},"end":{"line":1277,"column":47}},"693":{"start":{"line":1279,"column":2},"end":{"line":1345,"column":4}}},"fnMap":{"0":{"name":"Mermaid","decl":{"start":{"line":25,"column":9},"end":{"line":25,"column":16}},"loc":{"start":{"line":25,"column":72},"end":{"line":50,"column":1}},"line":25},"1":{"name":"(anonymous_1)","decl":{"start":{"line":29,"column":12},"end":{"line":29,"column":13}},"loc":{"start":{"line":29,"column":18},"end":{"line":43,"column":3}},"line":29},"2":{"name":"(anonymous_2)","decl":{"start":{"line":32,"column":24},"end":{"line":32,"column":25}},"loc":{"start":{"line":32,"column":36},"end":{"line":41,"column":5}},"line":32},"3":{"name":"(anonymous_3)","decl":{"start":{"line":52,"column":27},"end":{"line":52,"column":28}},"loc":{"start":{"line":52,"column":91},"end":{"line":209,"column":1}},"line":52},"4":{"name":"(anonymous_4)","decl":{"start":{"line":54,"column":45},"end":{"line":54,"column":46}},"loc":{"start":{"line":54,"column":51},"end":{"line":59,"column":3}},"line":54},"5":{"name":"(anonymous_5)","decl":{"start":{"line":66,"column":12},"end":{"line":66,"column":13}},"loc":{"start":{"line":66,"column":18},"end":{"line":95,"column":3}},"line":66},"6":{"name":"(anonymous_6)","decl":{"start":{"line":67,"column":34},"end":{"line":67,"column":35}},"loc":{"start":{"line":67,"column":40},"end":{"line":88,"column":5}},"line":67},"7":{"name":"(anonymous_7)","decl":{"start":{"line":94,"column":11},"end":{"line":94,"column":12}},"loc":{"start":{"line":94,"column":17},"end":{"line":94,"column":69}},"line":94},"8":{"name":"(anonymous_8)","decl":{"start":{"line":97,"column":21},"end":{"line":97,"column":22}},"loc":{"start":{"line":97,"column":27},"end":{"line":103,"column":3}},"line":97},"9":{"name":"(anonymous_9)","decl":{"start":{"line":100,"column":14},"end":{"line":100,"column":15}},"loc":{"start":{"line":100,"column":20},"end":{"line":100,"column":54}},"line":100},"10":{"name":"(anonymous_10)","decl":{"start":{"line":101,"column":15},"end":{"line":101,"column":16}},"loc":{"start":{"line":101,"column":22},"end":{"line":101,"column":40}},"line":101},"11":{"name":"(anonymous_11)","decl":{"start":{"line":105,"column":26},"end":{"line":105,"column":27}},"loc":{"start":{"line":105,"column":51},"end":{"line":114,"column":3}},"line":105},"12":{"name":"(anonymous_12)","decl":{"start":{"line":109,"column":17},"end":{"line":109,"column":18}},"loc":{"start":{"line":109,"column":23},"end":{"line":112,"column":7}},"line":109},"13":{"name":"(anonymous_13)","decl":{"start":{"line":214,"column":2},"end":{"line":214,"column":3}},"loc":{"start":{"line":214,"column":16},"end":{"line":216,"column":3}},"line":214},"14":{"name":"(anonymous_14)","decl":{"start":{"line":219,"column":25},"end":{"line":219,"column":26}},"loc":{"start":{"line":219,"column":78},"end":{"line":290,"column":1}},"line":219},"15":{"name":"(anonymous_15)","decl":{"start":{"line":222,"column":45},"end":{"line":222,"column":46}},"loc":{"start":{"line":222,"column":51},"end":{"line":227,"column":3}},"line":222},"16":{"name":"(anonymous_16)","decl":{"start":{"line":229,"column":12},"end":{"line":229,"column":13}},"loc":{"start":{"line":229,"column":18},"end":{"line":247,"column":3}},"line":229},"17":{"name":"(anonymous_17)","decl":{"start":{"line":230,"column":34},"end":{"line":230,"column":35}},"loc":{"start":{"line":230,"column":40},"end":{"line":241,"column":5}},"line":230},"18":{"name":"(anonymous_18)","decl":{"start":{"line":244,"column":11},"end":{"line":244,"column":12}},"loc":{"start":{"line":244,"column":17},"end":{"line":246,"column":5}},"line":244},"19":{"name":"(anonymous_19)","decl":{"start":{"line":253,"column":22},"end":{"line":253,"column":23}},"loc":{"start":{"line":253,"column":47},"end":{"line":259,"column":3}},"line":253},"20":{"name":"(anonymous_20)","decl":{"start":{"line":264,"column":20},"end":{"line":264,"column":21}},"loc":{"start":{"line":264,"column":26},"end":{"line":264,"column":44}},"line":264},"21":{"name":"(anonymous_21)","decl":{"start":{"line":265,"column":20},"end":{"line":265,"column":21}},"loc":{"start":{"line":265,"column":26},"end":{"line":265,"column":45}},"line":265},"22":{"name":"(anonymous_22)","decl":{"start":{"line":295,"column":2},"end":{"line":295,"column":3}},"loc":{"start":{"line":295,"column":25},"end":{"line":336,"column":3}},"line":295},"23":{"name":"(anonymous_23)","decl":{"start":{"line":298,"column":13},"end":{"line":298,"column":14}},"loc":{"start":{"line":298,"column":19},"end":{"line":307,"column":7}},"line":298},"24":{"name":"(anonymous_24)","decl":{"start":{"line":308,"column":17},"end":{"line":308,"column":18}},"loc":{"start":{"line":308,"column":23},"end":{"line":320,"column":7}},"line":308},"25":{"name":"(anonymous_25)","decl":{"start":{"line":321,"column":11},"end":{"line":321,"column":12}},"loc":{"start":{"line":321,"column":17},"end":{"line":334,"column":7}},"line":321},"26":{"name":"(anonymous_26)","decl":{"start":{"line":337,"column":2},"end":{"line":337,"column":3}},"loc":{"start":{"line":337,"column":16},"end":{"line":339,"column":3}},"line":337},"27":{"name":"(anonymous_27)","decl":{"start":{"line":342,"column":28},"end":{"line":342,"column":29}},"loc":{"start":{"line":342,"column":63},"end":{"line":391,"column":1}},"line":342},"28":{"name":"(anonymous_28)","decl":{"start":{"line":344,"column":45},"end":{"line":344,"column":46}},"loc":{"start":{"line":344,"column":51},"end":{"line":349,"column":3}},"line":344},"29":{"name":"(anonymous_29)","decl":{"start":{"line":351,"column":12},"end":{"line":351,"column":13}},"loc":{"start":{"line":351,"column":18},"end":{"line":367,"column":3}},"line":351},"30":{"name":"(anonymous_30)","decl":{"start":{"line":352,"column":34},"end":{"line":352,"column":35}},"loc":{"start":{"line":352,"column":40},"end":{"line":361,"column":5}},"line":352},"31":{"name":"(anonymous_31)","decl":{"start":{"line":364,"column":11},"end":{"line":364,"column":12}},"loc":{"start":{"line":364,"column":17},"end":{"line":366,"column":5}},"line":364},"32":{"name":"(anonymous_32)","decl":{"start":{"line":396,"column":2},"end":{"line":396,"column":3}},"loc":{"start":{"line":396,"column":16},"end":{"line":398,"column":3}},"line":396},"33":{"name":"(anonymous_33)","decl":{"start":{"line":403,"column":2},"end":{"line":403,"column":3}},"loc":{"start":{"line":403,"column":26},"end":{"line":681,"column":3}},"line":403},"34":{"name":"(anonymous_34)","decl":{"start":{"line":409,"column":23},"end":{"line":409,"column":24}},"loc":{"start":{"line":409,"column":29},"end":{"line":412,"column":13}},"line":409},"35":{"name":"(anonymous_35)","decl":{"start":{"line":413,"column":21},"end":{"line":413,"column":22}},"loc":{"start":{"line":413,"column":31},"end":{"line":421,"column":13}},"line":413},"36":{"name":"(anonymous_36)","decl":{"start":{"line":415,"column":25},"end":{"line":415,"column":26}},"loc":{"start":{"line":415,"column":31},"end":{"line":419,"column":15}},"line":415},"37":{"name":"(anonymous_37)","decl":{"start":{"line":424,"column":8},"end":{"line":424,"column":9}},"loc":{"start":{"line":424,"column":60},"end":{"line":678,"column":9}},"line":424},"38":{"name":"(anonymous_38)","decl":{"start":{"line":425,"column":32},"end":{"line":425,"column":33}},"loc":{"start":{"line":425,"column":38},"end":{"line":425,"column":64}},"line":425},"39":{"name":"(anonymous_39)","decl":{"start":{"line":426,"column":33},"end":{"line":426,"column":34}},"loc":{"start":{"line":426,"column":39},"end":{"line":426,"column":71}},"line":426},"40":{"name":"(anonymous_40)","decl":{"start":{"line":437,"column":29},"end":{"line":437,"column":30}},"loc":{"start":{"line":437,"column":35},"end":{"line":486,"column":11}},"line":437},"41":{"name":"(anonymous_41)","decl":{"start":{"line":442,"column":21},"end":{"line":442,"column":22}},"loc":{"start":{"line":442,"column":26},"end":{"line":442,"column":66}},"line":442},"42":{"name":"(anonymous_42)","decl":{"start":{"line":488,"column":30},"end":{"line":488,"column":31}},"loc":{"start":{"line":488,"column":36},"end":{"line":534,"column":11}},"line":488},"43":{"name":"(anonymous_43)","decl":{"start":{"line":491,"column":37},"end":{"line":491,"column":38}},"loc":{"start":{"line":491,"column":52},"end":{"line":532,"column":13}},"line":491},"44":{"name":"(anonymous_44)","decl":{"start":{"line":536,"column":31},"end":{"line":536,"column":32}},"loc":{"start":{"line":536,"column":37},"end":{"line":671,"column":11}},"line":536},"45":{"name":"(anonymous_45)","decl":{"start":{"line":538,"column":37},"end":{"line":538,"column":38}},"loc":{"start":{"line":538,"column":52},"end":{"line":654,"column":13}},"line":538},"46":{"name":"(anonymous_46)","decl":{"start":{"line":610,"column":56},"end":{"line":610,"column":57}},"loc":{"start":{"line":610,"column":66},"end":{"line":612,"column":19}},"line":610},"47":{"name":"(anonymous_47)","decl":{"start":{"line":644,"column":40},"end":{"line":644,"column":41}},"loc":{"start":{"line":644,"column":45},"end":{"line":644,"column":115}},"line":644},"48":{"name":"(anonymous_48)","decl":{"start":{"line":658,"column":27},"end":{"line":658,"column":28}},"loc":{"start":{"line":658,"column":37},"end":{"line":658,"column":54}},"line":658},"49":{"name":"(anonymous_49)","decl":{"start":{"line":659,"column":30},"end":{"line":659,"column":31}},"loc":{"start":{"line":659,"column":40},"end":{"line":667,"column":15}},"line":659},"50":{"name":"(anonymous_50)","decl":{"start":{"line":682,"column":2},"end":{"line":682,"column":3}},"loc":{"start":{"line":682,"column":25},"end":{"line":752,"column":3}},"line":682},"51":{"name":"(anonymous_51)","decl":{"start":{"line":683,"column":33},"end":{"line":683,"column":34}},"loc":{"start":{"line":683,"column":50},"end":{"line":723,"column":5}},"line":683},"52":{"name":"(anonymous_52)","decl":{"start":{"line":725,"column":25},"end":{"line":725,"column":26}},"loc":{"start":{"line":725,"column":58},"end":{"line":739,"column":5}},"line":725},"53":{"name":"(anonymous_53)","decl":{"start":{"line":742,"column":15},"end":{"line":742,"column":16}},"loc":{"start":{"line":742,"column":21},"end":{"line":742,"column":47}},"line":742},"54":{"name":"(anonymous_54)","decl":{"start":{"line":743,"column":15},"end":{"line":743,"column":16}},"loc":{"start":{"line":743,"column":21},"end":{"line":743,"column":46}},"line":743},"55":{"name":"(anonymous_55)","decl":{"start":{"line":744,"column":15},"end":{"line":744,"column":16}},"loc":{"start":{"line":744,"column":21},"end":{"line":744,"column":46}},"line":744},"56":{"name":"(anonymous_56)","decl":{"start":{"line":745,"column":21},"end":{"line":745,"column":22}},"loc":{"start":{"line":745,"column":27},"end":{"line":745,"column":53}},"line":745},"57":{"name":"(anonymous_57)","decl":{"start":{"line":746,"column":12},"end":{"line":746,"column":13}},"loc":{"start":{"line":746,"column":18},"end":{"line":746,"column":42}},"line":746},"58":{"name":"(anonymous_58)","decl":{"start":{"line":747,"column":11},"end":{"line":747,"column":12}},"loc":{"start":{"line":747,"column":17},"end":{"line":747,"column":39}},"line":747},"59":{"name":"(anonymous_59)","decl":{"start":{"line":748,"column":11},"end":{"line":748,"column":12}},"loc":{"start":{"line":748,"column":17},"end":{"line":748,"column":39}},"line":748},"60":{"name":"(anonymous_60)","decl":{"start":{"line":749,"column":11},"end":{"line":749,"column":12}},"loc":{"start":{"line":749,"column":17},"end":{"line":749,"column":39}},"line":749},"61":{"name":"(anonymous_61)","decl":{"start":{"line":750,"column":11},"end":{"line":750,"column":12}},"loc":{"start":{"line":750,"column":17},"end":{"line":750,"column":39}},"line":750},"62":{"name":"(anonymous_62)","decl":{"start":{"line":760,"column":2},"end":{"line":760,"column":3}},"loc":{"start":{"line":760,"column":15},"end":{"line":764,"column":3}},"line":760},"63":{"name":"(anonymous_63)","decl":{"start":{"line":765,"column":2},"end":{"line":765,"column":3}},"loc":{"start":{"line":765,"column":26},"end":{"line":797,"column":3}},"line":765},"64":{"name":"(anonymous_64)","decl":{"start":{"line":770,"column":23},"end":{"line":770,"column":24}},"loc":{"start":{"line":770,"column":40},"end":{"line":793,"column":11}},"line":770},"65":{"name":"(anonymous_65)","decl":{"start":{"line":775,"column":41},"end":{"line":775,"column":42}},"loc":{"start":{"line":775,"column":49},"end":{"line":775,"column":79}},"line":775},"66":{"name":"(anonymous_66)","decl":{"start":{"line":781,"column":40},"end":{"line":781,"column":41}},"loc":{"start":{"line":781,"column":66},"end":{"line":788,"column":17}},"line":781},"67":{"name":"(anonymous_67)","decl":{"start":{"line":801,"column":2},"end":{"line":801,"column":3}},"loc":{"start":{"line":801,"column":15},"end":{"line":807,"column":3}},"line":801},"68":{"name":"(anonymous_68)","decl":{"start":{"line":808,"column":2},"end":{"line":808,"column":3}},"loc":{"start":{"line":808,"column":16},"end":{"line":1065,"column":3}},"line":808},"69":{"name":"(anonymous_69)","decl":{"start":{"line":809,"column":11},"end":{"line":809,"column":12}},"loc":{"start":{"line":809,"column":57},"end":{"line":1064,"column":5}},"line":809},"70":{"name":"(anonymous_70)","decl":{"start":{"line":835,"column":49},"end":{"line":835,"column":50}},"loc":{"start":{"line":835,"column":66},"end":{"line":837,"column":9}},"line":835},"71":{"name":"(anonymous_71)","decl":{"start":{"line":858,"column":41},"end":{"line":858,"column":42}},"loc":{"start":{"line":858,"column":48},"end":{"line":861,"column":7}},"line":858},"72":{"name":"(anonymous_72)","decl":{"start":{"line":949,"column":27},"end":{"line":949,"column":28}},"loc":{"start":{"line":949,"column":33},"end":{"line":970,"column":8}},"line":949},"73":{"name":"(anonymous_73)","decl":{"start":{"line":972,"column":45},"end":{"line":972,"column":46}},"loc":{"start":{"line":972,"column":52},"end":{"line":978,"column":7}},"line":972},"74":{"name":"(anonymous_74)","decl":{"start":{"line":981,"column":42},"end":{"line":981,"column":43}},"loc":{"start":{"line":981,"column":49},"end":{"line":987,"column":7}},"line":981},"75":{"name":"(anonymous_75)","decl":{"start":{"line":986,"column":19},"end":{"line":986,"column":20}},"loc":{"start":{"line":986,"column":25},"end":{"line":986,"column":44}},"line":986},"76":{"name":"(anonymous_76)","decl":{"start":{"line":989,"column":42},"end":{"line":989,"column":43}},"loc":{"start":{"line":989,"column":49},"end":{"line":993,"column":7}},"line":989},"77":{"name":"(anonymous_77)","decl":{"start":{"line":995,"column":28},"end":{"line":995,"column":29}},"loc":{"start":{"line":99
[...]
line":15,"column":29}},"loc":{"start":{"line":15,"column":60},"end":{"line":20,"column":1}},"line":15},"2":{"name":"(anonymous_2)","decl":{"start":{"line":35,"column":30},"end":{"line":35,"column":31}},"loc":{"start":{"line":39,"column":19},"end":{"line":70,"column":1}},"line":39}},"branchMap":{"0":{"loc":{"start":{"line":16,"column":2},"end":{"line":16,"column":24}},"type":"if","locations":[{"start":{"line":16,"column":2},"end":{"line":16,"column":24}},{"start":{},"end":{}}],"line":16},"1":{"loc":{"start":{"line":19,"column":9},"end":{"line":19,"column":60}},"type":"cond-expr","locations":[{"start":{"line":19,"column":45},"end":{"line":19,"column":53}},{"start":{"line":19,"column":56},"end":{"line":19,"column":60}}],"line":19},"2":{"loc":{"start":{"line":19,"column":10},"end":{"line":19,"column":41}},"type":"binary-expr","locations":[{"start":{"line":19,"column":10},"end":{"line":19,"column":15}},{"start":{"line":19,"column":19},"end":{"line":19,"column":41}}],"line":19},"3":{"loc":{"start":{"line":40,"column":2},"end":{"line":40,"column":47}},"type":"if","locations":[{"start":{"line":40,"column":2},"end":{"line":40,"column":47}},{"start":{},"end":{}}],"line":40},"4":{"loc":{"start":{"line":43,"column":2},"end":{"line":45,"column":3}},"type":"if","locations":[{"start":{"line":43,"column":2},"end":{"line":45,"column":3}},{"start":{},"end":{}}],"line":43},"5":{"loc":{"start":{"line":49,"column":11},"end":{"line":49,"column":20}},"type":"binary-expr","locations":[{"start":{"line":49,"column":11},"end":{"line":49,"column":14}},{"start":{"line":49,"column":18},"end":{"line":49,"column":20}}],"line":49},"6":{"loc":{"start":{"line":53,"column":2},"end":{"line":66,"column":3}},"type":"if","locations":[{"start":{"line":53,"column":2},"end":{"line":66,"column":3}},{"start":{},"end":{}}],"line":53},"7":{"loc":{"start":{"line":53,"column":6},"end":{"line":53,"column":42}},"type":"binary-expr","locations":[{"start":{"line":53,"column":6},"end":{"line":53,"column":22}},{"start":{"line":53,"column":26},"end":{"line":53,"column":42}}],"line":53},"8":{"loc":{"start":{"line":54,"column":4},"end":{"line":65,"column":5}},"type":"if","locations":[{"start":{"line":54,"column":4},"end":{"line":65,"column":5}},{"start":{"line":57,"column":11},"end":{"line":65,"column":5}}],"line":54},"9":{"loc":{"start":{"line":60,"column":23},"end":{"line":60,"column":62}},"type":"binary-expr","locations":[{"start":{"line":60,"column":23},"end":{"line":60,"column":56}},{"start":{"line":60,"column":60},"end":{"line":60,"column":62}}],"line":60}},"s":{"0":2,"1":2,"2":11,"3":2,"4":11,"5":1,"6":10,"7":10,"8":10,"9":2,"10":7,"11":0,"12":7,"13":7,"14":1,"15":6,"16":6,"17":6,"18":5,"19":2,"20":2,"21":3,"22":3,"23":3,"24":0,"25":6,"26":6,"27":2},"f":{"0":11,"1":11,"2":7},"b":{"0":[1,10],"1":[5,5],"2":[10,5],"3":[0,7],"4":[1,6],"5":[6,0],"6":[5,1],"7":[6,2],"8":[2,3],"9":[3,1]},"_coverageSchema":"1a1c01bbd47fc00a2c39e90264f33305004495a9","hash":"4c511f48b8a3a3f6b0c70d2d1298167e80394a3f"}
,"/Users/alpha300uk/workspace/alpha300uk/0.toy-project/markdown-explorer/project/markdown-explorer-v1/utils/MarkdownUtils.ts": {"path":"/Users/alpha300uk/workspace/alpha300uk/0.toy-project/markdown-explorer/project/markdown-explorer-v1/utils/MarkdownUtils.ts","statementMap":{"0":{"start":{"line":16,"column":2},"end":{"line":16,"column":26}},"1":{"start":{"line":16,"column":16},"end":{"line":16,"column":26}},"2":{"start":{"line":18,"column":16},"end":{"line":18,"column":35}},"3":{"start":{"line":19,"column":25},"end":{"line":19,"column":27}},"4":{"start":{"line":20,"column":20},"end":{"line":20,"column":25}},"5":{"start":{"line":24,"column":23},"end":{"line":24,"column":44}},"6":{"start":{"line":26,"column":2},"end":{"line":55,"column":3}},"7":{"start":{"line":26,"column":15},"end":{"line":26,"column":16}},"8":{"start":{"line":27,"column":17},"end":{"line":27,"column":25}},"9":{"start":{"line":30,"column":4},"end":{"line":33,"column":5}},"10":{"start":{"line":31,"column":6},"end":{"line":31,"column":33}},"11":{"start":{"line":32,"column":6},"end":{"line":32,"column":15}},"12":{"start":{"line":34,"column":4},"end":{"line":34,"column":30}},"13":{"start":{"line":34,"column":21},"end":{"line":34,"column":30}},"14":{"start":{"line":36,"column":18},"end":{"line":36,"column":42}},"15":{"start":{"line":37,"column":4},"end":{"line":54,"column":5}},"16":{"start":{"line":38,"column":20},"end":{"line":38,"column":35}},"17":{"start":{"line":39,"column":22},"end":{"line":39,"column":56}},"18":{"start":{"line":42,"column":24},"end":{"line":45,"column":15}},"19":{"start":{"line":47,"column":6},"end":{"line":53,"column":7}},"20":{"start":{"line":48,"column":8},"end":{"line":52,"column":11}},"21":{"start":{"line":57,"column":2},"end":{"line":57,"column":101}},"22":{"start":{"line":58,"column":2},"end":{"line":58,"column":13}},"23":{"start":{"line":68,"column":2},"end":{"line":68,"column":40}},"24":{"start":{"line":68,"column":28},"end":{"line":68,"column":40}},"25":{"start":{"line":70,"column":20},"end":{"line":70,"column":28}},"26":{"start":{"line":71,"column":18},"end":{"line":71,"column":28}},"27":{"start":{"line":73,"column":2},"end":{"line":79,"column":3}},"28":{"start":{"line":74,"column":17},"end":{"line":74,"column":48}},"29":{"start":{"line":75,"column":4},"end":{"line":78,"column":5}},"30":{"start":{"line":76,"column":6},"end":{"line":76,"column":25}},"31":{"start":{"line":77,"column":6},"end":{"line":77,"column":20}},"32":{"start":{"line":81,"column":2},"end":{"line":81,"column":19}},"33":{"start":{"line":89,"column":2},"end":{"line":89,"column":21}},"34":{"start":{"line":89,"column":11},"end":{"line":89,"column":21}},"35":{"start":{"line":91,"column":18},"end":{"line":95,"column":26}},"36":{"start":{"line":98,"column":2},"end":{"line":100,"column":5}},"37":{"start":{"line":99,"column":4},"end":{"line":99,"column":108}},"38":{"start":{"line":102,"column":2},"end":{"line":102,"column":19}},"39":{"start":{"line":110,"column":2},"end":{"line":110,"column":21}},"40":{"start":{"line":110,"column":11},"end":{"line":110,"column":21}},"41":{"start":{"line":111,"column":18},"end":{"line":119,"column":25}},"42":{"start":{"line":123,"column":2},"end":{"line":123,"column":93}},"43":{"start":{"line":126,"column":2},"end":{"line":136,"column":5}},"44":{"start":{"line":127,"column":16},"end":{"line":127,"column":60}},"45":{"start":{"line":128,"column":16},"end":{"line":128,"column":60}},"46":{"start":{"line":129,"column":17},"end":{"line":129,"column":67}},"47":{"start":{"line":131,"column":4},"end":{"line":131,"column":61}},"48":{"start":{"line":131,"column":26},"end":{"line":131,"column":61}},"49":{"start":{"line":132,"column":4},"end":{"line":132,"column":59}},"50":{"start":{"line":132,"column":25},"end":{"line":132,"column":59}},"51":{"start":{"line":133,"column":4},"end":{"line":133,"column":61}},"52":{"start":{"line":133,"column":26},"end":{"line":133,"column":61}},"53":{"start":{"line":134,"column":4},"end":{"line":134,"column":61}},"54":{"start":{"line":134,"column":26},"end":{"line":134,"column":61}},"55":{"start":{"line":135,"column":4},"end":{"line":135,"column":15}},"56":{"start":{"line":138,"column":2},"end":{"line":138,"column":19}},"57":{"start":{"line":148,"column":15},"end":{"line":148,"column":22}},"58":{"start":{"line":149,"column":2},"end":{"line":152,"column":3}},"59":{"start":{"line":150,"column":18},"end":{"line":150,"column":47}},"60":{"start":{"line":151,"column":4},"end":{"line":151,"column":42}},"61":{"start":{"line":153,"column":2},"end":{"line":153,"column":16}}},"fnMap":{"0":{"name":"extractTOC","decl":{"start":{"line":15,"column":16},"end":{"line":15,"column":26}},"loc":{"start":{"line":15,"column":55},"end":{"line":59,"column":1}},"line":15},"1":{"name":"findBestHeadingMatch","decl":{"start":{"line":64,"column":16},"end":{"line":64,"column":36}},"loc":{"start":{"line":67,"column":12},"end":{"line":82,"column":1}},"line":67},"2":{"name":"preprocessMarkdown","decl":{"start":{"line":88,"column":16},"end":{"line":88,"column":34}},"loc":{"start":{"line":88,"column":55},"end":{"line":103,"column":1}},"line":88},"3":{"name":"(anonymous_3)","decl":{"start":{"line":98,"column":89},"end":{"line":98,"column":90}},"loc":{"start":{"line":98,"column":116},"end":{"line":100,"column":3}},"line":98},"4":{"name":"postprocessMarkdown","decl":{"start":{"line":109,"column":16},"end":{"line":109,"column":35}},"loc":{"start":{"line":109,"column":56},"end":{"line":139,"column":1}},"line":109},"5":{"name":"(anonymous_5)","decl":{"start":{"line":126,"column":91},"end":{"line":126,"column":92}},"loc":{"start":{"line":126,"column":102},"end":{"line":136,"column":3}},"line":126},"6":{"name":"processTemplateVariables","decl":{"start":{"line":144,"column":16},"end":{"line":144,"column":40}},"loc":{"start":{"line":147,"column":10},"end":{"line":154,"column":1}},"line":147}},"branchMap":{"0":{"loc":{"start":{"line":16,"column":2},"end":{"line":16,"column":26}},"type":"if","locations":[{"start":{"line":16,"column":2},"end":{"line":16,"column":26}},{"start":{},"end":{}}],"line":16},"1":{"loc":{"start":{"line":30,"column":4},"end":{"line":33,"column":5}},"type":"if","locations":[{"start":{"line":30,"column":4},"end":{"line":33,"column":5}},{"start":{},"end":{}}],"line":30},"2":{"loc":{"start":{"line":34,"column":4},"end":{"line":34,"column":30}},"type":"if","locations":[{"start":{"line":34,"column":4},"end":{"line":34,"column":30}},{"start":{},"end":{}}],"line":34},"3":{"loc":{"start":{"line":37,"column":4},"end":{"line":54,"column":5}},"type":"if","locations":[{"start":{"line":37,"column":4},"end":{"line":54,"column":5}},{"start":{},"end":{}}],"line":37},"4":{"loc":{"start":{"line":47,"column":6},"end":{"line":53,"column":7}},"type":"if","locations":[{"start":{"line":47,"column":6},"end":{"line":53,"column":7}},{"start":{},"end":{}}],"line":47},"5":{"loc":{"start":{"line":68,"column":2},"end":{"line":68,"column":40}},"type":"if","locations":[{"start":{"line":68,"column":2},"end":{"line":68,"column":40}},{"start":{},"end":{}}],"line":68},"6":{"loc":{"start":{"line":75,"column":4},"end":{"line":78,"column":5}},"type":"if","locations":[{"start":{"line":75,"column":4},"end":{"line":78,"column":5}},{"start":{},"end":{}}],"line":75},"7":{"loc":{"start":{"line":89,"column":2},"end":{"line":89,"column":21}},"type":"if","locations":[{"start":{"line":89,"column":2},"end":{"line":89,"column":21}},{"start":{},"end":{}}],"line":89},"8":{"loc":{"start":{"line":110,"column":2},"end":{"line":110,"column":21}},"type":"if","locations":[{"start":{"line":110,"column":2},"end":{"line":110,"column":21}},{"start":{},"end":{}}],"line":110},"9":{"loc":{"start":{"line":127,"column":16},"end":{"line":127,"column":60}},"type":"binary-expr","locations":[{"start":{"line":127,"column":16},"end":{"line":127,"column":54}},{"start":{"line":127,"column":58},"end":{"line":127,"column":60}}],"line":127},"10":{"loc":{"start":{"line":128,"column":16},"end":{"line":128,"column":60}},"type":"binary-expr","locations":[{"start":{"line":128,"column":16},"end":{"line":128,"column":54}},{"start":{"line":128,"column":58},"end":{"line":128,"column":60}}],"line":128},"11":{"loc":{"start":{"line":129,"column":17},"end":{"line":129,"column":67}},"type":"binary-expr","locations":[{"start":{"line":129,"column":17},"end":{"line":129,"column":56}},{"start":{"line":129,"column":60},"end":{"line":129,"column":67}}],"line":129},"12":{"loc":{"start":{"line":131,"column":4},"end":{"line":131,"column":61}},"type":"if","locations":[{"start":{"line":131,"column":4},"end":{"line":131,"column":61}},{"start":{},"end":{}}],"line":131},"13":{"loc":{"start":{"line":132,"column":4},"end":{"line":132,"column":59}},"type":"if","locations":[{"start":{"line":132,"column":4},"end":{"line":132,"column":59}},{"start":{},"end":{}}],"line":132},"14":{"loc":{"start":{"line":133,"column":4},"end":{"line":133,"column":61}},"type":"if","locations":[{"start":{"line":133,"column":4},"end":{"line":133,"column":61}},{"start":{},"end":{}}],"line":133},"15":{"loc":{"start":{"line":134,"column":4},"end":{"line":134,"column":61}},"type":"if","locations":[{"start":{"line":134,"column":4},"end":{"line":134,"column":61}},{"start":{},"end":{}}],"line":134}},"s":{"0":0,"1":0,"2":0,"3":0,"4":0,"5":0,"6":0,"7":0,"8":0,"9":0,"10":0,"11":0,"12":0,"13":0,"14":0,"15":0,"16":0,"17":0,"18":0,"19":0,"20":0,"21":0,"22":0,"23":0,"24":0,"25":0,"26":0,"27":0,"28":0,"29":0,"30":0,"31":0,"32":0,"33":6,"34":0,"35":6,"36":6,"37":2,"38":6,"39":4,"40":0,"41":4,"42":4,"43":4,"44":3,"45":3,"46":3,"47":3,"48":1,"49":2,"50":1,"51":1,"52":1,"53":0,"54":0,"55":0,"56":4,"57":4,"58":4,"59":9,"60":9,"61":4},"f":{"0":0,"1":0,"2":6,"3":2,"4":4,"5":3,"6":4},"b":{"0":[0,0],"1":[0,0],"2":[0,0],"3":[0,0],"4":[0,0],"5":[0,0],"6":[0,0],"7":[0,6],"8":[0,4],"9":[3,0],"10":[3,0],"11":[3,0],"12":[1,2],"13":[1,1],"14":[1,0],"15":[0,0]},"_coverageSchema":"1a1c01bbd47fc00a2c39e90264f33305004495a9","hash":"2a3739056d91693155ec0e12a6e2e70371c266c3"}
,"/Users/alpha300uk/workspace/alpha300uk/0.toy-project/markdown-explorer/project/markdown-explorer-v1/utils/TabUtils.ts": {"path":"/Users/alpha300uk/workspace/alpha300uk/0.toy-project/markdown-explorer/project/markdown-explorer-v1/utils/TabUtils.ts","statementMap":{"0":{"start":{"line":18,"column":2},"end":{"line":18,"column":81}},"1":{"start":{"line":18,"column":20},"end":{"line":18,"column":81}},"2":{"start":{"line":20,"column":25},"end":{"line":22,"column":35}},"3":{"start":{"line":24,"column":2},"end":{"line":27,"column":4}},"4":{"start":{"line":34,"column":2},"end":{"line":34,"column":51}},"5":{"start":{"line":34,"column":33},"end":{"line":34,"column":49}},"6":{"start":{"line":41,"column":2},"end":{"line":41,"column":12}},"7":{"start":{"line":57,"column":2},"end":{"line":67,"column":3}},"8":{"start":{"line":59,"column":27},"end":{"line":61,"column":40}},"9":{"start":{"line":63,"column":4},"end":{"line":66,"column":6}},"10":{"start":{"line":70,"column":2},"end":{"line":75,"column":3}},"11":{"start":{"line":71,"column":4},"end":{"line":74,"column":6}},"12":{"start":{"line":78,"column":2},"end":{"line":81,"column":4}},"13":{"start":{"line":87,"column":2},"end":{"line":91,"column":3}},"14":{"start":{"line":88,"column":4},"end":{"line":88,"column":36}},"15":{"start":{"line":90,"column":4},"end":{"line":90,"column":16}},"16":{"start":{"line":98,"column":22},"end":{"line":98,"column":44}},"17":{"start":{"line":99,"column":19},"end":{"line":99,"column":62}},"18":{"start":{"line":102,"column":23},"end":{"line":107,"column":4}},"19":{"start":{"line":103,"column":4},"end":{"line":103,"column":39}},"20":{"start":{"line":103,"column":26},"end":{"line":103,"column":39}},"21":{"start":{"line":104,"column":14},"end":{"line":104,"column":27}},"22":{"start":{"line":105,"column":26},"end":{"line":105,"column":49}},"23":{"start":{"line":106,"column":4},"end":{"line":106,"column":38}},"24":{"start":{"line":109,"column":2},"end":{"line":111,"column":3}},"25":{"start":{"line":110,"column":4},"end":{"line":110,"column":20}},"26":{"start":{"line":114,"column":16},"end":{"line":114,"column":38}},"27":{"start":{"line":115,"column":2},"end":{"line":119,"column":3}},"28":{"start":{"line":116,"column":19},"end":{"line":116,"column":42}},"29":{"start":{"line":118,"column":4},"end":{"line":118,"column":37}},"30":{"start":{"line":121,"column":2},"end":{"line":121,"column":21}}},"fnMap":{"0":{"name":"pinTab","decl":{"start":{"line":14,"column":16},"end":{"line":14,"column":22}},"loc":{"start":{"line":17,"column":2},"end":{"line":28,"column":1}},"line":17},"1":{"name":"closeOthers","decl":{"start":{"line":33,"column":16},"end":{"line":33,"column":27}},"loc":{"start":{"line":33,"column":81},"end":{"line":35,"column":1}},"line":33},"2":{"name":"(anonymous_2)","decl":{"start":{"line":34,"column":28},"end":{"line":34,"column":29}},"loc":{"start":{"line":34,"column":33},"end":{"line":34,"column":49}},"line":34},"3":{"name":"closeAll","decl":{"start":{"line":40,"column":16},"end":{"line":40,"column":24}},"loc":{"start":{"line":40,"column":37},"end":{"line":42,"column":1}},"line":40},"4":{"name":"handleTabSelection","decl":{"start":{"line":47,"column":16},"end":{"line":47,"column":34}},"loc":{"start":{"line":55,"column":2},"end":{"line":82,"column":1}},"line":55},"5":{"name":"decodePath","decl":{"start":{"line":86,"column":16},"end":{"line":86,"column":26}},"loc":{"start":{"line":86,"column":49},"end":{"line":92,"column":1}},"line":86},"6":{"name":"getTabTitle","decl":{"start":{"line":97,"column":16},"end":{"line":97,"column":27}},"loc":{"start":{"line":97,"column":82},"end":{"line":122,"column":1}},"line":97},"7":{"name":"(anonymous_7)","decl":{"start":{"line":102,"column":43},"end":{"line":102,"column":44}},"loc":{"start":{"line":102,"column":48},"end":{"line":107,"column":3}},"line":102}},"branchMap":{"0":{"loc":{"start":{"line":18,"column":2},"end":{"line":18,"column":81}},"type":"if","locations":[{"start":{"line":18,"column":2},"end":{"line":18,"column":81}},{"start":{},"end":{}}],"line":18},"1":{"loc":{"start":{"line":20,"column":25},"end":{"line":22,"column":35}},"type":"cond-expr","locations":[{"start":{"line":21,"column":6},"end":{"line":21,"column":17}},{"start":{"line":22,"column":6},"end":{"line":22,"column":35}}],"line":20},"2":{"loc":{"start":{"line":57,"column":2},"end":{"line":67,"column":3}},"type":"if","locations":[{"start":{"line":57,"column":2},"end":{"line":67,"column":3}},{"start":{},"end":{}}],"line":57},"3":{"loc":{"start":{"line":59,"column":27},"end":{"line":61,"column":40}},"type":"cond-expr","locations":[{"start":{"line":60,"column":8},"end":{"line":60,"column":26}},{"start":{"line":61,"column":8},"end":{"line":61,"column":40}}],"line":59},"4":{"loc":{"start":{"line":65,"column":22},"end":{"line":65,"column":80}},"type":"cond-expr","locations":[{"start":{"line":65,"column":55},"end":{"line":65,"column":59}},{"start":{"line":65,"column":62},"end":{"line":65,"column":80}}],"line":65},"5":{"loc":{"start":{"line":70,"column":2},"end":{"line":75,"column":3}},"type":"if","locations":[{"start":{"line":70,"column":2},"end":{"line":75,"column":3}},{"start":{},"end":{}}],"line":70},"6":{"loc":{"start":{"line":73,"column":22},"end":{"line":73,"column":80}},"type":"cond-expr","locations":[{"start":{"line":73,"column":55},"end":{"line":73,"column":59}},{"start":{"line":73,"column":62},"end":{"line":73,"column":80}}],"line":73},"7":{"loc":{"start":{"line":99,"column":19},"end":{"line":99,"column":62}},"type":"binary-expr","locations":[{"start":{"line":99,"column":19},"end":{"line":99,"column":47}},{"start":{"line":99,"column":51},"end":{"line":99,"column":62}}],"line":99},"8":{"loc":{"start":{"line":103,"column":4},"end":{"line":103,"column":39}},"type":"if","locations":[{"start":{"line":103,"column":4},"end":{"line":103,"column":39}},{"start":{},"end":{}}],"line":103},"9":{"loc":{"start":{"line":105,"column":26},"end":{"line":105,"column":49}},"type":"binary-expr","locations":[{"start":{"line":105,"column":26},"end":{"line":105,"column":44}},{"start":{"line":105,"column":48},"end":{"line":105,"column":49}}],"line":105},"10":{"loc":{"start":{"line":109,"column":2},"end":{"line":111,"column":3}},"type":"if","locations":[{"start":{"line":109,"column":2},"end":{"line":111,"column":3}},{"start":{},"end":{}}],"line":109},"11":{"loc":{"start":{"line":115,"column":2},"end":{"line":119,"column":3}},"type":"if","locations":[{"start":{"line":115,"column":2},"end":{"line":119,"column":3}},{"start":{},"end":{}}],"line":115}},"s":{"0":1,"1":0,"2":1,"3":1,"4":1,"5":3,"6":1,"7":4,"8":1,"9":1,"10":3,"11":1,"12":2,"13":12,"14":12,"15":0,"16":6,"17":6,"18":6,"19":12,"20":6,"21":6,"22":6,"23":6,"24":6,"25":6,"26":0,"27":0,"28":0,"29":0,"30":0},"f":{"0":1,"1":1,"2":3,"3":1,"4":4,"5":12,"6":6,"7":12},"b":{"0":[0,1],"1":[0,1],"2":[1,3],"3":[0,1],"4":[1,0],"5":[1,2],"6":[0,1],"7":[6,0],"8":[6,6],"9":[6,0],"10":[6,0],"11":[0,0]},"_coverageSchema":"1a1c01bbd47fc00a2c39e90264f33305004495a9","hash":"ad2ac1b66772668c0f2aea557fdf5f92dfaf7ad4"}
}
