TN:
SF:components/Editor.tsx
FN:4,Editor
FNF:1
FNH:0
FNDA:0,Editor
DA:5,0
LF:1
LH:0
BRDA:13,0,0,0
BRDA:13,0,1,0
BRF:2
BRH:0
end_of_record
TN:
SF:components/Editor.web.tsx
FN:23,Mermaid
FN:27,(anonymous_1)
FN:30,(anonymous_2)
FN:50,(anonymous_3)
FN:52,(anonymous_4)
FN:64,(anonymous_5)
FN:65,(anonymous_6)
FN:91,(anonymous_7)
FN:94,(anonymous_8)
FN:97,(anonymous_9)
FN:98,(anonymous_10)
FN:102,(anonymous_11)
FN:106,(anonymous_12)
FN:178,(anonymous_13)
FN:214,(anonymous_14)
FN:219,(anonymous_15)
FN:222,(anonymous_16)
FN:229,(anonymous_17)
FN:230,(anonymous_18)
FN:244,(anonymous_19)
FN:253,(anonymous_20)
FN:264,(anonymous_21)
FN:265,(anonymous_22)
FN:295,(anonymous_23)
FN:298,(anonymous_24)
FN:308,(anonymous_25)
FN:321,(anonymous_26)
FN:337,(anonymous_27)
FN:342,(anonymous_28)
FN:344,(anonymous_29)
FN:351,(anonymous_30)
FN:352,(anonymous_31)
FN:364,(anonymous_32)
FN:396,(anonymous_33)
FN:403,(anonymous_34)
FN:409,(anonymous_35)
FN:413,(anonymous_36)
FN:415,(anonymous_37)
FN:424,(anonymous_38)
FN:425,(anonymous_39)
FN:435,(anonymous_40)
FN:440,(anonymous_41)
FN:486,(anonymous_42)
FN:489,(anonymous_43)
FN:523,(anonymous_44)
FN:525,(anonymous_45)
FN:629,(anonymous_46)
FN:630,(anonymous_47)
FN:672,(anonymous_48)
FN:689,(anonymous_49)
FN:690,(anonymous_50)
FN:691,(anonymous_51)
FN:692,(anonymous_52)
FN:693,(anonymous_53)
FN:694,(anonymous_54)
FN:695,(anonymous_55)
FN:696,(anonymous_56)
FN:697,(anonymous_57)
FN:702,(anonymous_58)
FN:712,(anonymous_59)
FN:717,(anonymous_60)
FN:722,(anonymous_61)
FN:727,(anonymous_62)
FN:733,(anonymous_63)
FN:753,(anonymous_64)
FN:760,(anonymous_65)
FN:761,(anonymous_66)
FN:787,(anonymous_67)
FN:810,(anonymous_68)
FN:901,(anonymous_69)
FN:924,(anonymous_70)
FN:933,(anonymous_71)
FN:938,(anonymous_72)
FN:941,(anonymous_73)
FN:947,(anonymous_74)
FN:955,(anonymous_75)
FN:980,(anonymous_76)
FN:985,(anonymous_77)
FN:996,(anonymous_78)
FN:997,(anonymous_79)
FN:1000,(anonymous_80)
FN:1012,(anonymous_81)
FN:1025,(anonymous_82)
FN:1031,(anonymous_83)
FN:1034,(anonymous_84)
FN:1037,(anonymous_85)
FN:1038,(anonymous_86)
FN:1091,(anonymous_87)
FN:1094,(anonymous_88)
FN:1097,(anonymous_89)
FN:1115,(anonymous_90)
FN:1118,(anonymous_91)
FN:1121,(anonymous_92)
FN:1126,(anonymous_93)
FN:1131,(anonymous_94)
FN:1134,(anonymous_95)
FN:1145,(anonymous_96)
FN:1158,Editor
FN:1163,(anonymous_98)
FN:1165,(anonymous_99)
FN:1191,(anonymous_100)
FN:1204,(anonymous_101)
FN:1205,(anonymous_102)
FN:1214,(anonymous_103)
FN:1238,(anonymous_104)
FNF:105
FNH:2
FNDA:0,Mermaid
FNDA:0,(anonymous_1)
FNDA:0,(anonymous_2)
FNDA:0,(anonymous_3)
FNDA:0,(anonymous_4)
FNDA:0,(anonymous_5)
FNDA:0,(anonymous_6)
FNDA:0,(anonymous_7)
FNDA:0,(anonymous_8)
FNDA:0,(anonymous_9)
FNDA:0,(anonymous_10)
FNDA:0,(anonymous_11)
FNDA:0,(anonymous_12)
FNDA:0,(anonymous_13)
FNDA:0,(anonymous_14)
FNDA:0,(anonymous_15)
FNDA:0,(anonymous_16)
FNDA:0,(anonymous_17)
FNDA:0,(anonymous_18)
FNDA:0,(anonymous_19)
FNDA:0,(anonymous_20)
FNDA:0,(anonymous_21)
FNDA:0,(anonymous_22)
FNDA:0,(anonymous_23)
FNDA:0,(anonymous_24)
FNDA:0,(anonymous_25)
FNDA:0,(anonymous_26)
FNDA:0,(anonymous_27)
FNDA:0,(anonymous_28)
FNDA:0,(anonymous_29)
FNDA:0,(anonymous_30)
FNDA:0,(anonymous_31)
FNDA:0,(anonymous_32)
FNDA:0,(anonymous_33)
FNDA:0,(anonymous_34)
FNDA:0,(anonymous_35)
FNDA:0,(anonymous_36)
FNDA:0,(anonymous_37)
FNDA:0,(anonymous_38)
FNDA:0,(anonymous_39)
FNDA:0,(anonymous_40)
FNDA:0,(anonymous_41)
FNDA:0,(anonymous_42)
FNDA:0,(anonymous_43)
FNDA:0,(anonymous_44)
FNDA:0,(anonymous_45)
FNDA:0,(anonymous_46)
FNDA:0,(anonymous_47)
FNDA:0,(anonymous_48)
FNDA:0,(anonymous_49)
FNDA:0,(anonymous_50)
FNDA:0,(anonymous_51)
FNDA:0,(anonymous_52)
FNDA:0,(anonymous_53)
FNDA:0,(anonymous_54)
FNDA:0,(anonymous_55)
FNDA:0,(anonymous_56)
FNDA:0,(anonymous_57)
FNDA:0,(anonymous_58)
FNDA:0,(anonymous_59)
FNDA:0,(anonymous_60)
FNDA:0,(anonymous_61)
FNDA:0,(anonymous_62)
FNDA:0,(anonymous_63)
FNDA:0,(anonymous_64)
FNDA:0,(anonymous_65)
FNDA:0,(anonymous_66)
FNDA:0,(anonymous_67)
FNDA:0,(anonymous_68)
FNDA:0,(anonymous_69)
FNDA:0,(anonymous_70)
FNDA:0,(anonymous_71)
FNDA:0,(anonymous_72)
FNDA:0,(anonymous_73)
FNDA:0,(anonymous_74)
FNDA:0,(anonymous_75)
FNDA:0,(anonymous_76)
FNDA:0,(anonymous_77)
FNDA:0,(anonymous_78)
FNDA:0,(anonymous_79)
FNDA:0,(anonymous_80)
FNDA:0,(anonymous_81)
FNDA:0,(anonymous_82)
FNDA:0,(anonymous_83)
FNDA:0,(anonymous_84)
FNDA:0,(anonymous_85)
FNDA:0,(anonymous_86)
FNDA:0,(anonymous_87)
FNDA:0,(anonymous_88)
FNDA:0,(anonymous_89)
FNDA:0,(anonymous_90)
FNDA:0,(anonymous_91)
FNDA:0,(anonymous_92)
FNDA:0,(anonymous_93)
FNDA:0,(anonymous_94)
FNDA:0,(anonymous_95)
FNDA:0,(anonymous_96)
FNDA:1,Editor
FNDA:0,(anonymous_98)
FNDA:0,(anonymous_99)
FNDA:0,(anonymous_100)
FNDA:1,(anonymous_101)
FNDA:0,(anonymous_102)
FNDA:0,(anonymous_103)
FNDA:0,(anonymous_104)
DA:19,1
DA:21,1
DA:24,0
DA:25,0
DA:27,0
DA:29,0
DA:30,0
DA:31,0
DA:32,0
DA:33,0
DA:34,0
DA:35,0
DA:37,0
DA:40,0
DA:43,0
DA:44,0
DA:47,0
DA:50,1
DA:51,0
DA:52,0
DA:53,0
DA:54,0
DA:55,0
DA:56,0
DA:59,0
DA:60,0
DA:62,0
DA:64,0
DA:65,0
DA:66,0
DA:68,0
DA:79,0
DA:80,0
DA:82,0
DA:83,0
DA:88,0
DA:90,0
DA:91,0
DA:94,0
DA:95,0
DA:96,0
DA:97,0
DA:98,0
DA:102,0
DA:103,0
DA:104,0
DA:105,0
DA:106,0
DA:107,0
DA:108,0
DA:113,0
DA:115,0
DA:178,0
DA:211,1
DA:213,1
DA:215,0
DA:219,1
DA:220,0
DA:221,0
DA:222,0
DA:223,0
DA:224,0
DA:225,0
DA:226,0
DA:229,0
DA:230,0
DA:231,0
DA:233,0
DA:234,0
DA:236,0
DA:238,0
DA:239,0
DA:243,0
DA:244,0
DA:245,0
DA:249,0
DA:250,0
DA:251,0
DA:253,0
DA:254,0
DA:255,0
DA:256,0
DA:257,0
DA:258,0
DA:261,0
DA:264,0
DA:265,0
DA:292,1
DA:294,1
DA:296,0
DA:299,0
DA:300,0
DA:301,0
DA:303,0
DA:309,0
DA:310,0
DA:311,0
DA:313,0
DA:314,0
DA:315,0
DA:316,0
DA:319,0
DA:322,0
DA:323,0
DA:324,0
DA:326,0
DA:327,0
DA:328,0
DA:329,0
DA:331,0
DA:333,0
DA:338,0
DA:342,1
DA:343,0
DA:344,0
DA:345,0
DA:346,0
DA:347,0
DA:348,0
DA:351,0
DA:352,0
DA:353,0
DA:354,0
DA:355,0
DA:356,0
DA:358,0
DA:359,0
DA:363,0
DA:364,0
DA:365,0
DA:369,0
DA:393,1
DA:395,1
DA:397,0
DA:401,1
DA:404,0
DA:410,0
DA:411,0
DA:414,0
DA:415,0
DA:416,0
DA:417,0
DA:420,0
DA:425,0
DA:427,0
DA:428,0
DA:435,0
DA:436,0
DA:437,0
DA:440,0
DA:442,0
DA:443,0
DA:444,0
DA:445,0
DA:446,0
DA:447,0
DA:448,0
DA:449,0
DA:450,0
DA:451,0
DA:453,0
DA:454,0
DA:456,0
DA:457,0
DA:460,0
DA:461,0
DA:462,0
DA:464,0
DA:465,0
DA:466,0
DA:468,0
DA:469,0
DA:470,0
DA:473,0
DA:478,0
DA:483,0
DA:486,0
DA:487,0
DA:488,0
DA:489,0
DA:490,0
DA:491,0
DA:492,0
DA:493,0
DA:494,0
DA:495,0
DA:497,0
DA:498,0
DA:499,0
DA:500,0
DA:502,0
DA:503,0
DA:504,0
DA:507,0
DA:508,0
DA:510,0
DA:511,0
DA:513,0
DA:516,0
DA:520,0
DA:523,0
DA:524,0
DA:525,0
DA:526,0
DA:527,0
DA:528,0
DA:529,0
DA:531,0
DA:538,0
DA:540,0
DA:541,0
DA:543,0
DA:544,0
DA:545,0
DA:546,0
DA:547,0
DA:550,0
DA:553,0
DA:554,0
DA:555,0
DA:556,0
DA:557,0
DA:558,0
DA:561,0
DA:564,0
DA:565,0
DA:568,0
DA:570,0
DA:571,0
DA:572,0
DA:575,0
DA:578,0
DA:579,0
DA:580,0
DA:581,0
DA:582,0
DA:583,0
DA:585,0
DA:586,0
DA:590,0
DA:593,0
DA:595,0
DA:596,0
DA:597,0
DA:600,0
DA:603,0
DA:604,0
DA:605,0
DA:606,0
DA:607,0
DA:608,0
DA:610,0
DA:611,0
DA:617,0
DA:620,0
DA:621,0
DA:622,0
DA:624,0
DA:630,0
DA:631,0
DA:632,0
DA:634,0
DA:636,0
DA:638,0
DA:639,0
DA:641,0
DA:643,0
DA:644,0
DA:645,0
DA:646,0
DA:647,0
DA:649,0
DA:650,0
DA:652,0
DA:653,0
DA:654,0
DA:655,0
DA:656,0
DA:658,0
DA:661,0
DA:662,0
DA:663,0
DA:664,0
DA:665,0
DA:666,0
DA:668,0
DA:672,0
DA:673,0
DA:674,0
DA:676,0
DA:678,0
DA:679,0
DA:680,0
DA:681,0
DA:682,0
DA:683,0
DA:685,0
DA:688,0
DA:689,0
DA:690,0
DA:691,0
DA:692,0
DA:693,0
DA:694,0
DA:695,0
DA:696,0
DA:697,0
DA:702,1
DA:703,0
DA:706,0
DA:707,0
DA:710,1
DA:713,0
DA:718,0
DA:723,0
DA:724,0
DA:726,0
DA:727,0
DA:729,0
DA:730,0
DA:731,0
DA:732,0
DA:733,0
DA:734,0
DA:735,0
DA:736,0
DA:737,0
DA:738,0
DA:741,0
DA:744,0
DA:752,1
DA:754,0
DA:761,0
DA:762,0
DA:763,0
DA:764,0
DA:765,0
DA:766,0
DA:768,0
DA:769,0
DA:771,0
DA:772,0
DA:773,0
DA:774,0
DA:775,0
DA:776,0
DA:779,0
DA:780,0
DA:781,0
DA:782,0
DA:783,0
DA:784,0
DA:786,0
DA:787,0
DA:788,0
DA:790,0
DA:791,0
DA:794,0
DA:795,0
DA:796,0
DA:797,0
DA:798,0
DA:800,0
DA:801,0
DA:802,0
DA:803,0
DA:804,0
DA:805,0
DA:806,0
DA:807,0
DA:808,0
DA:810,0
DA:811,0
DA:812,0
DA:815,0
DA:816,0
DA:817,0
DA:818,0
DA:820,0
DA:821,0
DA:822,0
DA:823,0
DA:825,0
DA:826,0
DA:827,0
DA:828,0
DA:829,0
DA:830,0
DA:831,0
DA:832,0
DA:833,0
DA:834,0
DA:835,0
DA:837,0
DA:838,0
DA:839,0
DA:840,0
DA:841,0
DA:842,0
DA:843,0
DA:844,0
DA:845,0
DA:847,0
DA:848,0
DA:849,0
DA:851,0
DA:852,0
DA:853,0
DA:854,0
DA:856,0
DA:857,0
DA:858,0
DA:859,0
DA:860,0
DA:861,0
DA:862,0
DA:863,0
DA:864,0
DA:866,0
DA:867,0
DA:868,0
DA:869,0
DA:870,0
DA:871,0
DA:872,0
DA:873,0
DA:874,0
DA:875,0
DA:877,0
DA:878,0
DA:879,0
DA:880,0
DA:881,0
DA:882,0
DA:883,0
DA:884,0
DA:885,0
DA:886,0
DA:888,0
DA:889,0
DA:890,0
DA:892,0
DA:893,0
DA:894,0
DA:896,0
DA:897,0
DA:899,0
DA:901,0
DA:902,0
DA:903,0
DA:904,0
DA:905,0
DA:906,0
DA:908,0
DA:909,0
DA:910,0
DA:911,0
DA:914,0
DA:915,0
DA:916,0
DA:917,0
DA:919,0
DA:924,0
DA:925,0
DA:926,0
DA:927,0
DA:928,0
DA:931,0
DA:933,0
DA:934,0
DA:935,0
DA:936,0
DA:937,0
DA:938,0
DA:941,0
DA:942,0
DA:943,0
DA:944,0
DA:947,0
DA:948,0
DA:949,0
DA:950,0
DA:951,0
DA:952,0
DA:953,0
DA:954,0
DA:955,0
DA:956,0
DA:957,0
DA:958,0
DA:959,0
DA:960,0
DA:961,0
DA:963,0
DA:965,0
DA:966,0
DA:967,0
DA:968,0
DA:969,0
DA:970,0
DA:975,0
DA:976,0
DA:980,0
DA:981,0
DA:982,0
DA:985,0
DA:986,0
DA:987,0
DA:988,0
DA:989,0
DA:990,0
DA:991,0
DA:992,0
DA:996,0
DA:997,0
DA:1000,0
DA:1001,0
DA:1002,0
DA:1003,0
DA:1004,0
DA:1005,0
DA:1010,0
DA:1013,0
DA:1020,1
DA:1026,0
DA:1032,0
DA:1035,0
DA:1038,0
DA:1039,0
DA:1040,0
DA:1041,0
DA:1042,0
DA:1043,0
DA:1044,0
DA:1046,0
DA:1047,0
DA:1048,0
DA:1049,0
DA:1050,0
DA:1051,0
DA:1052,0
DA:1055,0
DA:1056,0
DA:1057,0
DA:1058,0
DA:1059,0
DA:1060,0
DA:1061,0
DA:1062,0
DA:1063,0
DA:1064,0
DA:1065,0
DA:1066,0
DA:1068,0
DA:1069,0
DA:1071,0
DA:1072,0
DA:1073,0
DA:1074,0
DA:1075,0
DA:1077,0
DA:1078,0
DA:1079,0
DA:1080,0
DA:1081,0
DA:1082,0
DA:1083,0
DA:1084,0
DA:1085,0
DA:1086,0
DA:1087,0
DA:1088,0
DA:1089,0
DA:1091,0
DA:1092,0
DA:1094,0
DA:1095,0
DA:1097,0
DA:1098,0
DA:1099,0
DA:1102,0
DA:1103,0
DA:1104,0
DA:1105,0
DA:1106,0
DA:1107,0
DA:1108,0
DA:1109,0
DA:1110,0
DA:1111,0
DA:1112,0
DA:1113,0
DA:1115,0
DA:1116,0
DA:1118,0
DA:1119,0
DA:1121,0
DA:1122,0
DA:1123,0
DA:1126,0
DA:1127,0
DA:1128,0
DA:1129,0
DA:1130,0
DA:1132,0
DA:1133,0
DA:1134,0
DA:1135,0
DA:1141,0
DA:1142,0
DA:1143,0
DA:1145,0
DA:1146,0
DA:1147,0
DA:1148,0
DA:1149,0
DA:1153,0
DA:1159,1
DA:1161,1
DA:1164,0
DA:1166,0
DA:1167,0
DA:1168,0
DA:1170,0
DA:1176,1
DA:1193,0
DA:1194,0
DA:1204,1
DA:1206,0
DA:1208,0
DA:1209,0
DA:1212,0
DA:1214,0
DA:1215,0
DA:1216,0
DA:1218,0
DA:1219,0
DA:1222,0
DA:1223,0
DA:1226,0
DA:1228,0
DA:1232,0
DA:1233,0
DA:1235,0
DA:1236,0
DA:1238,0
DA:1239,0
DA:1240,0
DA:1241,0
DA:1242,0
DA:1243,0
DA:1244,0
DA:1245,0
DA:1247,0
DA:1252,0
DA:1257,0
DA:1262,1
DA:1263,1
DA:1265,1
DA:1266,1
DA:1267,1
DA:1268,1
DA:1269,1
DA:1271,1
LF:664
LH:28
BRDA:29,0,0,0
BRDA:29,0,1,0
BRDA:37,1,0,0
BRDA:37,1,1,0
BRDA:40,2,0,0
BRDA:40,2,1,0
BRDA:43,3,0,0
BRDA:43,3,1,0
BRDA:44,4,0,0
BRDA:44,4,1,0
BRDA:44,5,0,0
BRDA:44,5,1,0
BRDA:53,6,0,0
BRDA:53,6,1,0
BRDA:56,7,0,0
BRDA:56,7,1,0
BRDA:59,8,0,0
BRDA:59,8,1,0
BRDA:66,9,0,0
BRDA:66,9,1,0
BRDA:80,10,0,0
BRDA:80,10,1,0
BRDA:82,11,0,0
BRDA:82,11,1,0
BRDA:95,12,0,0
BRDA:95,12,1,0
BRDA:105,13,0,0
BRDA:105,13,1,0
BRDA:117,14,0,0
BRDA:117,14,1,0
BRDA:119,15,0,0
BRDA:119,15,1,0
BRDA:120,16,0,0
BRDA:120,16,1,0
BRDA:125,17,0,0
BRDA:125,17,1,0
BRDA:127,18,0,0
BRDA:127,18,1,0
BRDA:133,19,0,0
BRDA:133,19,1,0
BRDA:140,20,0,0
BRDA:140,20,1,0
BRDA:141,21,0,0
BRDA:141,21,1,0
BRDA:141,22,0,0
BRDA:141,22,1,0
BRDA:144,23,0,0
BRDA:144,23,1,0
BRDA:147,24,0,0
BRDA:147,24,1,0
BRDA:148,25,0,0
BRDA:148,25,1,0
BRDA:153,26,0,0
BRDA:153,26,1,0
BRDA:154,27,0,0
BRDA:154,27,1,0
BRDA:162,28,0,0
BRDA:162,28,1,0
BRDA:163,29,0,0
BRDA:163,29,1,0
BRDA:172,30,0,0
BRDA:172,30,1,0
BRDA:173,31,0,0
BRDA:173,31,1,0
BRDA:175,32,0,0
BRDA:175,32,1,0
BRDA:176,33,0,0
BRDA:176,33,1,0
BRDA:179,34,0,0
BRDA:179,34,1,0
BRDA:180,35,0,0
BRDA:180,35,1,0
BRDA:186,36,0,0
BRDA:186,36,1,0
BRDA:191,37,0,0
BRDA:191,37,1,0
BRDA:194,38,0,0
BRDA:194,38,1,0
BRDA:223,39,0,0
BRDA:223,39,1,0
BRDA:226,40,0,0
BRDA:226,40,1,0
BRDA:231,41,0,0
BRDA:231,41,1,0
BRDA:236,42,0,0
BRDA:236,42,1,0
BRDA:238,43,0,0
BRDA:238,43,1,0
BRDA:251,44,0,0
BRDA:251,44,1,0
BRDA:256,45,0,0
BRDA:256,45,1,0
BRDA:268,46,0,0
BRDA:268,46,1,0
BRDA:273,47,0,0
BRDA:273,47,1,0
BRDA:301,48,0,0
BRDA:301,48,1,0
BRDA:301,49,0,0
BRDA:301,49,1,0
BRDA:311,50,0,0
BRDA:311,50,1,0
BRDA:311,51,0,0
BRDA:311,51,1,0
BRDA:313,52,0,0
BRDA:313,52,1,0
BRDA:315,53,0,0
BRDA:315,53,1,0
BRDA:324,54,0,0
BRDA:324,54,1,0
BRDA:324,55,0,0
BRDA:324,55,1,0
BRDA:326,56,0,0
BRDA:326,56,1,0
BRDA:328,57,0,0
BRDA:328,57,1,0
BRDA:345,58,0,0
BRDA:345,58,1,0
BRDA:348,59,0,0
BRDA:348,59,1,0
BRDA:353,60,0,0
BRDA:353,60,1,0
BRDA:356,61,0,0
BRDA:356,61,1,0
BRDA:358,62,0,0
BRDA:358,62,1,0
BRDA:370,63,0,0
BRDA:370,63,1,0
BRDA:370,64,0,0
BRDA:370,64,1,0
BRDA:371,65,0,0
BRDA:371,65,1,0
BRDA:378,66,0,0
BRDA:378,66,1,0
BRDA:416,67,0,0
BRDA:416,67,1,0
BRDA:425,68,0,0
BRDA:425,68,1,0
BRDA:425,69,0,0
BRDA:425,69,1,0
BRDA:425,69,2,0
BRDA:440,70,0,0
BRDA:440,70,1,0
BRDA:446,71,0,0
BRDA:446,71,1,0
BRDA:448,72,0,0
BRDA:448,72,1,0
BRDA:460,73,0,0
BRDA:460,73,1,0
BRDA:461,74,0,0
BRDA:461,74,1,0
BRDA:462,75,0,0
BRDA:462,75,1,0
BRDA:464,76,0,0
BRDA:464,76,1,0
BRDA:465,77,0,0
BRDA:465,77,1,0
BRDA:466,78,0,0
BRDA:466,78,1,0
BRDA:468,79,0,0
BRDA:468,79,1,0
BRDA:468,80,0,0
BRDA:468,80,1,0
BRDA:487,81,0,0
BRDA:487,81,1,0
BRDA:490,82,0,0
BRDA:490,82,1,0
BRDA:491,83,0,0
BRDA:491,83,1,0
BRDA:491,84,0,0
BRDA:491,84,1,0
BRDA:491,84,2,0
BRDA:494,85,0,0
BRDA:494,85,1,0
BRDA:495,86,0,0
BRDA:495,86,1,0
BRDA:495,86,2,0
BRDA:497,87,0,0
BRDA:497,87,1,0
BRDA:499,88,0,0
BRDA:499,88,1,0
BRDA:500,89,0,0
BRDA:500,89,1,0
BRDA:502,90,0,0
BRDA:502,90,1,0
BRDA:503,91,0,0
BRDA:503,91,1,0
BRDA:510,92,0,0
BRDA:510,92,1,0
BRDA:526,93,0,0
BRDA:526,93,1,0
BRDA:527,94,0,0
BRDA:527,94,1,0
BRDA:529,95,0,0
BRDA:529,95,1,0
BRDA:529,96,0,0
BRDA:529,96,1,0
BRDA:529,96,2,0
BRDA:529,96,3,0
BRDA:529,96,4,0
BRDA:541,97,0,0
BRDA:541,97,1,0
BRDA:544,98,0,0
BRDA:544,98,1,0
BRDA:545,99,0,0
BRDA:545,99,1,0
BRDA:550,100,0,0
BRDA:550,100,1,0
BRDA:550,100,2,0
BRDA:550,100,3,0
BRDA:553,101,0,0
BRDA:553,101,1,0
BRDA:561,102,0,0
BRDA:561,102,1,0
BRDA:564,103,0,0
BRDA:564,103,1,0
BRDA:565,104,0,0
BRDA:565,104,1,0
BRDA:575,105,0,0
BRDA:575,105,1,0
BRDA:575,105,2,0
BRDA:575,105,3,0
BRDA:578,106,0,0
BRDA:578,106,1,0
BRDA:579,107,0,0
BRDA:579,107,1,0
BRDA:580,108,0,0
BRDA:580,108,1,0
BRDA:581,109,0,0
BRDA:581,109,1,0
BRDA:590,110,0,0
BRDA:590,110,1,0
BRDA:600,111,0,0
BRDA:600,111,1,0
BRDA:600,111,2,0
BRDA:600,111,3,0
BRDA:603,112,0,0
BRDA:603,112,1,0
BRDA:605,113,0,0
BRDA:605,113,1,0
BRDA:620,114,0,0
BRDA:620,114,1,0
BRDA:621,115,0,0
BRDA:621,115,1,0
BRDA:622,116,0,0
BRDA:622,116,1,0
BRDA:634,117,0,0
BRDA:634,117,1,0
BRDA:641,118,0,0
BRDA:641,118,1,0
BRDA:641,119,0,0
BRDA:641,119,1,0
BRDA:643,120,0,0
BRDA:643,120,1,0
BRDA:650,121,0,0
BRDA:650,121,1,0
BRDA:650,122,0,0
BRDA:650,122,1,0
BRDA:650,122,2,0
BRDA:652,123,0,0
BRDA:652,123,1,0
BRDA:661,124,0,0
BRDA:661,124,1,0
BRDA:676,125,0,0
BRDA:676,125,1,0
BRDA:678,126,0,0
BRDA:678,126,1,0
BRDA:724,127,0,0
BRDA:724,127,1,0
BRDA:726,128,0,0
BRDA:726,128,1,0
BRDA:729,129,0,0
BRDA:729,129,1,0
BRDA:731,130,0,0
BRDA:731,130,1,0
BRDA:734,131,0,0
BRDA:734,131,1,0
BRDA:771,132,0,0
BRDA:771,132,1,0
BRDA:773,133,0,0
BRDA:773,133,1,0
BRDA:786,134,0,0
BRDA:786,134,1,0
BRDA:786,135,0,0
BRDA:786,135,1,0
BRDA:788,136,0,0
BRDA:788,136,1,0
BRDA:790,137,0,0
BRDA:790,137,1,0
BRDA:801,138,0,0
BRDA:801,138,1,0
BRDA:801,138,2,0
BRDA:826,139,0,0
BRDA:826,139,1,0
BRDA:902,140,0,0
BRDA:902,140,1,0
BRDA:903,141,0,0
BRDA:903,141,1,0
BRDA:906,142,0,0
BRDA:906,142,1,0
BRDA:909,143,0,0
BRDA:909,143,1,0
BRDA:914,144,0,0
BRDA:914,144,1,0
BRDA:914,145,0,0
BRDA:914,145,1,0
BRDA:915,146,0,0
BRDA:915,146,1,0
BRDA:926,147,0,0
BRDA:926,147,1,0
BRDA:937,148,0,0
BRDA:937,148,1,0
BRDA:948,149,0,0
BRDA:948,149,1,0
BRDA:949,150,0,0
BRDA:949,150,1,0
BRDA:951,151,0,0
BRDA:951,151,1,0
BRDA:951,152,0,0
BRDA:951,152,1,0
BRDA:951,152,2,0
BRDA:956,153,0,0
BRDA:956,153,1,0
BRDA:956,154,0,0
BRDA:956,154,1,0
BRDA:956,154,2,0
BRDA:959,155,0,0
BRDA:959,155,1,0
BRDA:960,156,0,0
BRDA:960,156,1,0
BRDA:965,157,0,0
BRDA:965,157,1,0
BRDA:987,158,0,0
BRDA:987,158,1,0
BRDA:990,159,0,0
BRDA:990,159,1,0
BRDA:1002,160,0,0
BRDA:1002,160,1,0
BRDA:1005,161,0,0
BRDA:1005,161,1,0
BRDA:1078,162,0,0
BRDA:1078,162,1,0
BRDA:1081,163,0,0
BRDA:1081,163,1,0
BRDA:1129,164,0,0
BRDA:1129,164,1,0
BRDA:1130,165,0,0
BRDA:1130,165,1,0
BRDA:1148,166,0,0
BRDA:1148,166,1,0
BRDA:1166,167,0,0
BRDA:1166,167,1,0
BRDA:1206,168,0,0
BRDA:1206,168,1,0
BRDA:1215,169,0,0
BRDA:1215,169,1,0
BRDA:1218,170,0,0
BRDA:1218,170,1,0
BRDA:1218,171,0,0
BRDA:1218,171,1,0
BRDA:1222,172,0,0
BRDA:1222,172,1,0
BRDA:1233,173,0,0
BRDA:1233,173,1,0
BRDA:1235,174,0,0
BRDA:1235,174,1,0
BRDA:1240,175,0,0
BRDA:1240,175,1,0
BRDA:1242,176,0,0
BRDA:1242,176,1,0
BRDA:1262,177,0,0
BRDA:1262,177,1,1
BRDA:1263,178,0,0
BRDA:1263,178,1,1
BRDA:1265,179,0,0
BRDA:1265,179,1,1
BRDA:1266,180,0,0
BRDA:1266,180,1,1
BRDA:1267,181,0,0
BRDA:1267,181,1,1
BRDA:1268,182,0,0
BRDA:1268,182,1,1
BRDA:1269,183,0,0
BRDA:1269,183,1,1
BRDA:1292,184,0,0
BRDA:1292,184,1,1
BRDA:1293,185,0,0
BRDA:1293,185,1,1
BRDA:1313,186,0,0
BRDA:1313,186,1,1
BRDA:1317,187,0,0
BRDA:1317,187,1,1
BRDA:1321,188,0,0
BRDA:1321,188,1,1
BRF:394
BRH:12
end_of_record
TN:
SF:components/ExternalLink.tsx
FN:7,ExternalLink
FN:13,(anonymous_1)
FNF:2
FNH:0
FNDA:0,ExternalLink
FNDA:0,(anonymous_1)
DA:8,0
DA:14,0
DA:16,0
DA:18,0
LF:4
LH:0
BRDA:14,0,0,0
BRDA:14,0,1,0
BRF:2
BRH:0
end_of_record
TN:
SF:components/GeminiChat.tsx
FN:22,GeminiChat
FN:33,(anonymous_1)
FN:46,(anonymous_2)
FN:47,(anonymous_3)
FN:50,(anonymous_4)
FN:105,(anonymous_5)
FN:111,(anonymous_6)
FN:118,(anonymous_7)
FN:130,(anonymous_8)
FN:133,(anonymous_9)
FN:143,(anonymous_10)
FN:157,(anonymous_11)
FN:163,(anonymous_12)
FN:173,(anonymous_13)
FN:187,(anonymous_14)
FN:216,(anonymous_15)
FN:218,(anonymous_16)
FN:225,(anonymous_17)
FN:227,(anonymous_18)
FN:234,(anonymous_19)
FN:237,(anonymous_20)
FN:238,(anonymous_21)
FN:258,(anonymous_22)
FN:276,(anonymous_23)
FNF:24
FNH:0
FNDA:0,GeminiChat
FNDA:0,(anonymous_1)
FNDA:0,(anonymous_2)
FNDA:0,(anonymous_3)
FNDA:0,(anonymous_4)
FNDA:0,(anonymous_5)
FNDA:0,(anonymous_6)
FNDA:0,(anonymous_7)
FNDA:0,(anonymous_8)
FNDA:0,(anonymous_9)
FNDA:0,(anonymous_10)
FNDA:0,(anonymous_11)
FNDA:0,(anonymous_12)
FNDA:0,(anonymous_13)
FNDA:0,(anonymous_14)
FNDA:0,(anonymous_15)
FNDA:0,(anonymous_16)
FNDA:0,(anonymous_17)
FNDA:0,(anonymous_18)
FNDA:0,(anonymous_19)
FNDA:0,(anonymous_20)
FNDA:0,(anonymous_21)
FNDA:0,(anonymous_22)
FNDA:0,(anonymous_23)
DA:23,0
DA:30,0
DA:32,0
DA:33,0
DA:35,0
DA:36,0
DA:37,0
DA:38,0
DA:39,0
DA:40,0
DA:41,0
DA:42,0
DA:44,0
DA:46,0
DA:47,0
DA:50,0
DA:51,0
DA:53,0
DA:54,0
DA:55,0
DA:56,0
DA:57,0
DA:59,0
DA:60,0
DA:62,0
DA:72,0
DA:74,0
DA:75,0
DA:85,0
DA:86,0
DA:87,0
DA:89,0
DA:90,0
DA:91,0
DA:92,0
DA:93,0
DA:96,0
DA:97,0
DA:100,0
DA:101,0
DA:104,0
DA:105,0
DA:107,0
DA:111,0
DA:112,0
DA:113,0
DA:114,0
DA:115,0
DA:118,0
DA:120,0
DA:121,0
DA:123,0
DA:125,0
DA:126,0
DA:130,0
DA:131,0
DA:132,0
DA:133,0
DA:134,0
DA:136,0
DA:137,0
DA:139,0
DA:143,0
DA:144,0
DA:145,0
DA:148,0
DA:157,0
DA:163,0
DA:173,0
DA:188,0
DA:217,0
DA:218,0
DA:219,0
DA:220,0
DA:221,0
DA:227,0
DA:235,0
DA:237,0
DA:238,0
DA:258,0
DA:277,0
DA:323,0
LF:82
LH:0
BRDA:22,0,0,0
BRDA:22,1,0,0
BRDA:44,2,0,0
BRDA:44,2,1,0
BRDA:47,3,0,0
BRDA:47,3,1,0
BRDA:51,4,0,0
BRDA:51,4,1,0
BRDA:51,5,0,0
BRDA:51,5,1,0
BRDA:51,5,2,0
BRDA:65,6,0,0
BRDA:65,6,1,0
BRDA:74,7,0,0
BRDA:74,7,1,0
BRDA:86,8,0,0
BRDA:86,8,1,0
BRDA:100,9,0,0
BRDA:100,9,1,0
BRDA:100,10,0,0
BRDA:100,10,1,0
BRDA:100,10,2,0
BRDA:105,11,0,0
BRDA:105,11,1,0
BRDA:112,12,0,0
BRDA:112,12,1,0
BRDA:115,13,0,0
BRDA:115,13,1,0
BRDA:121,14,0,0
BRDA:121,14,1,0
BRDA:123,15,0,0
BRDA:123,15,1,0
BRDA:123,16,0,0
BRDA:123,16,1,0
BRDA:125,17,0,0
BRDA:125,17,1,0
BRDA:132,18,0,0
BRDA:132,18,1,0
BRDA:134,19,0,0
BRDA:134,19,1,0
BRDA:150,20,0,0
BRDA:150,20,1,0
BRDA:158,21,0,0
BRDA:158,21,1,0
BRDA:160,22,0,0
BRDA:160,22,1,0
BRDA:164,23,0,0
BRDA:164,23,1,0
BRDA:166,24,0,0
BRDA:166,24,1,0
BRDA:180,25,0,0
BRDA:180,25,1,0
BRDA:195,26,0,0
BRDA:195,26,1,0
BRDA:195,26,2,0
BRDA:208,27,0,0
BRDA:208,27,1,0
BRDA:217,28,0,0
BRDA:217,28,1,0
BRDA:218,29,0,0
BRDA:218,29,1,0
BRDA:219,30,0,0
BRDA:219,30,1,0
BRDA:232,31,0,0
BRDA:232,31,1,0
BRDA:232,31,2,0
BRDA:240,32,0,0
BRDA:240,32,1,0
BRDA:240,33,0,0
BRDA:240,33,1,0
BRDA:260,34,0,0
BRDA:260,34,1,0
BRDA:268,35,0,0
BRDA:268,35,1,0
BRDA:268,35,2,0
BRDA:279,36,0,0
BRDA:279,36,1,0
BRDA:281,37,0,0
BRDA:281,37,1,0
BRDA:283,38,0,0
BRDA:283,38,1,0
BRDA:287,39,0,0
BRDA:287,39,1,0
BRDA:292,40,0,0
BRDA:292,40,1,0
BRDA:302,41,0,0
BRDA:302,41,1,0
BRDA:303,42,0,0
BRDA:303,42,1,0
BRDA:307,43,0,0
BRDA:307,43,1,0
BRDA:313,44,0,0
BRDA:313,44,1,0
BRDA:313,44,2,0
BRDA:314,45,0,0
BRDA:314,45,1,0
BRDA:314,45,2,0
BRDA:314,45,3,0
BRF:98
BRH:0
end_of_record
TN:
SF:components/HapticTab.tsx
FN:5,HapticTab
FN:9,(anonymous_1)
FNF:2
FNH:0
FNDA:0,HapticTab
FNDA:0,(anonymous_1)
DA:6,0
DA:10,0
DA:12,0
DA:14,0
LF:4
LH:0
BRDA:10,0,0,0
BRDA:10,0,1,0
BRF:2
BRH:0
end_of_record
TN:
SF:components/HelloWave.tsx
FN:3,HelloWave
FNF:1
FNH:0
FNDA:0,HelloWave
DA:4,0
LF:1
LH:0
BRF:0
BRH:0
end_of_record
TN:
SF:components/ParallaxScrollView.tsx
FN:21,ParallaxScrollView
FN:30,(anonymous_1)
FNF:2
FNH:0
FNDA:0,ParallaxScrollView
FNDA:0,(anonymous_1)
DA:14,0
DA:26,0
DA:27,0
DA:28,0
DA:29,0
DA:30,0
DA:31,0
DA:47,0
DA:65,0
LF:9
LH:0
BRDA:27,0,0,0
BRDA:27,0,1,0
BRF:2
BRH:0
end_of_record
TN:
SF:components/Preview.tsx
FN:5,Preview
FNF:1
FNH:0
FNDA:0,Preview
DA:6,0
DA:16,0
LF:2
LH:0
BRDA:7,0,0,0
BRDA:7,0,1,0
BRDA:8,1,0,0
BRDA:8,1,1,0
BRDA:9,2,0,0
BRDA:9,2,1,0
BRDA:10,3,0,0
BRDA:10,3,1,0
BRDA:11,4,0,0
BRDA:11,4,1,0
BRDA:11,5,0,0
BRDA:11,5,1,0
BRDA:12,6,0,0
BRDA:12,6,1,0
BRDA:12,7,0,0
BRDA:12,7,1,0
BRDA:13,8,0,0
BRDA:13,8,1,0
BRDA:13,9,0,0
BRDA:13,9,1,0
BRF:20
BRH:0
end_of_record
TN:
SF:components/Preview.web.tsx
FN:18,(anonymous_0)
FN:22,(anonymous_1)
FN:24,(anonymous_2)
FN:43,(anonymous_3)
FN:48,(anonymous_4)
FN:62,(anonymous_5)
FN:91,(anonymous_6)
FN:103,(anonymous_7)
FN:122,(anonymous_8)
FN:131,(anonymous_9)
FN:142,(anonymous_10)
FN:146,(anonymous_11)
FN:147,(anonymous_12)
FN:153,(anonymous_13)
FN:181,(anonymous_14)
FN:182,(anonymous_15)
FN:213,(anonymous_16)
FN:225,(anonymous_17)
FN:227,(anonymous_18)
FN:242,(anonymous_19)
FN:302,(anonymous_20)
FNF:21
FNH:3
FNDA:0,(anonymous_0)
FNDA:0,(anonymous_1)
FNDA:0,(anonymous_2)
FNDA:0,(anonymous_3)
FNDA:0,(anonymous_4)
FNDA:0,(anonymous_5)
FNDA:0,(anonymous_6)
FNDA:0,(anonymous_7)
FNDA:0,(anonymous_8)
FNDA:0,(anonymous_9)
FNDA:2,(anonymous_10)
FNDA:1,(anonymous_11)
FNDA:0,(anonymous_12)
FNDA:0,(anonymous_13)
FNDA:2,(anonymous_14)
FNDA:0,(anonymous_15)
FNDA:0,(anonymous_16)
FNDA:0,(anonymous_17)
FNDA:0,(anonymous_18)
FNDA:0,(anonymous_19)
FNDA:0,(anonymous_20)
DA:13,1
DA:18,1
DA:19,0
DA:20,0
DA:22,0
DA:23,0
DA:24,0
DA:25,0
DA:26,0
DA:27,0
DA:28,0
DA:29,0
DA:31,0
DA:32,0
DA:35,0
DA:38,0
DA:39,0
DA:42,0
DA:43,0
DA:48,1
DA:49,0
DA:51,0
DA:53,0
DA:56,0
DA:57,0
DA:61,0
DA:62,0
DA:63,0
DA:64,0
DA:66,0
DA:69,0
DA:72,0
DA:73,0
DA:74,0
DA:75,0
DA:80,0
DA:81,0
DA:82,0
DA:83,0
DA:84,0
DA:85,0
DA:87,0
DA:90,0
DA:91,0
DA:92,0
DA:95,0
DA:96,0
DA:97,0
DA:98,0
DA:101,0
DA:104,0
DA:116,0
DA:122,1
DA:123,0
DA:132,0
DA:142,1
DA:143,2
DA:144,2
DA:146,2
DA:148,0
DA:149,0
DA:152,0
DA:153,0
DA:154,0
DA:155,0
DA:160,0
DA:161,0
DA:163,0
DA:164,0
DA:165,0
DA:166,0
DA:167,0
DA:168,0
DA:170,0
DA:178,2
DA:181,2
DA:183,0
DA:184,0
DA:185,0
DA:187,0
DA:188,0
DA:190,0
DA:211,0
DA:214,0
DA:215,0
DA:216,0
DA:217,0
DA:219,0
DA:220,0
DA:221,0
DA:222,0
DA:225,0
DA:226,0
DA:227,0
DA:228,0
DA:233,0
DA:243,0
DA:244,0
DA:245,0
DA:247,0
DA:248,0
DA:252,0
DA:275,2
DA:303,0
LF:104
LH:11
BRDA:23,0,0,0
BRDA:23,0,1,0
BRDA:32,1,0,0
BRDA:32,1,1,0
BRDA:35,2,0,0
BRDA:35,2,1,0
BRDA:38,3,0,0
BRDA:38,3,1,0
BRDA:39,4,0,0
BRDA:39,4,1,0
BRDA:39,5,0,0
BRDA:39,5,1,0
BRDA:43,6,0,0
BRDA:43,6,1,0
BRDA:49,7,0,0
BRDA:49,7,1,0
BRDA:51,8,0,0
BRDA:51,8,1,0
BRDA:56,9,0,0
BRDA:56,9,1,0
BRDA:63,10,0,0
BRDA:63,10,1,0
BRDA:63,11,0,0
BRDA:63,11,1,0
BRDA:63,11,2,0
BRDA:69,12,0,0
BRDA:69,12,1,0
BRDA:73,13,0,0
BRDA:73,13,1,0
BRDA:81,14,0,0
BRDA:81,14,1,0
BRDA:83,15,0,0
BRDA:83,15,1,0
BRDA:90,16,0,0
BRDA:90,16,1,0
BRDA:91,17,0,0
BRDA:91,17,1,0
BRDA:91,18,0,0
BRDA:91,18,1,0
BRDA:96,19,0,0
BRDA:96,19,1,0
BRDA:96,20,0,0
BRDA:96,20,1,0
BRDA:133,21,0,0
BRDA:133,21,1,0
BRDA:133,21,2,0
BRDA:148,22,0,0
BRDA:148,22,1,0
BRDA:154,23,0,0
BRDA:154,23,1,0
BRDA:154,24,0,0
BRDA:154,24,1,0
BRDA:161,25,0,0
BRDA:161,25,1,0
BRDA:161,26,0,0
BRDA:161,26,1,0
BRDA:163,27,0,0
BRDA:163,27,1,0
BRDA:178,28,0,0
BRDA:178,28,1,2
BRDA:185,29,0,0
BRDA:185,29,1,0
BRDA:187,30,0,0
BRDA:187,30,1,0
BRDA:216,31,0,0
BRDA:216,31,1,0
BRDA:219,32,0,0
BRDA:219,32,1,0
BRDA:226,33,0,0
BRDA:226,33,1,0
BRDA:226,34,0,0
BRDA:226,34,1,0
BRDA:228,35,0,0
BRDA:228,35,1,0
BRDA:244,36,0,0
BRDA:244,36,1,0
BRDA:247,37,0,0
BRDA:247,37,1,0
BRDA:247,38,0,0
BRDA:247,38,1,0
BRDA:258,39,0,0
BRDA:258,39,1,0
BRDA:259,40,0,0
BRDA:259,40,1,0
BRDA:266,41,0,0
BRDA:266,41,1,0
BRDA:267,42,0,0
BRDA:267,42,1,0
BRDA:286,43,0,0
BRDA:286,43,1,2
BRDA:289,44,0,0
BRDA:289,44,1,2
BRDA:294,45,0,0
BRDA:294,45,1,2
BRDA:294,46,0,2
BRDA:294,46,1,0
BRDA:301,47,0,2
BRDA:301,47,1,0
BRDA:301,48,0,2
BRDA:301,48,1,2
BRF:100
BRH:8
end_of_record
TN:
SF:components/Terminal.tsx
FN:4,Terminal
FNF:1
FNH:0
FNDA:0,Terminal
DA:5,0
DA:12,0
LF:2
LH:0
BRF:0
BRH:0
end_of_record
TN:
SF:components/Terminal.web.tsx
FN:6,Terminal
FN:9,(anonymous_1)
FN:25,(anonymous_2)
FN:31,(anonymous_3)
FN:41,(anonymous_4)
FN:46,(anonymous_5)
FNF:6
FNH:0
FNDA:0,Terminal
FNDA:0,(anonymous_1)
FNDA:0,(anonymous_2)
FNDA:0,(anonymous_3)
FNDA:0,(anonymous_4)
FNDA:0,(anonymous_5)
DA:7,0
DA:9,0
DA:10,0
DA:12,0
DA:19,0
DA:20,0
DA:22,0
DA:25,0
DA:26,0
DA:27,0
DA:28,0
DA:31,0
DA:32,0
DA:33,0
DA:34,0
DA:35,0
DA:37,0
DA:41,0
DA:42,0
DA:44,0
DA:46,0
DA:47,0
DA:48,0
DA:52,0
LF:24
LH:0
BRDA:10,0,0,0
BRDA:10,0,1,0
BRDA:13,1,0,0
BRDA:13,1,1,0
BRDA:32,2,0,0
BRDA:32,2,1,0
BRDA:34,3,0,0
BRDA:34,3,1,0
BRF:8
BRH:0
end_of_record
TN:
SF:components/ThemedText.tsx
FN:11,ThemedText
FNF:1
FNH:0
FNDA:0,ThemedText
DA:18,0
DA:20,0
DA:36,0
LF:3
LH:0
BRDA:15,0,0,0
BRDA:24,1,0,0
BRDA:24,1,1,0
BRDA:25,2,0,0
BRDA:25,2,1,0
BRDA:26,3,0,0
BRDA:26,3,1,0
BRDA:27,4,0,0
BRDA:27,4,1,0
BRDA:28,5,0,0
BRDA:28,5,1,0
BRF:11
BRH:0
end_of_record
TN:
SF:components/ThemedView.tsx
FN:10,ThemedView
FNF:1
FNH:0
FNDA:0,ThemedView
DA:11,0
DA:13,0
LF:2
LH:0
BRF:0
BRH:0
end_of_record
TN:
SF:components/editor/EditorWorkspace.tsx
FN:47,EditorWorkspace
FN:60,(anonymous_1)
FN:83,(anonymous_2)
FN:94,(anonymous_3)
FN:97,(anonymous_4)
FN:103,(anonymous_5)
FN:119,(anonymous_6)
FN:120,(anonymous_7)
FN:126,(anonymous_8)
FN:127,(anonymous_9)
FN:128,(anonymous_10)
FNF:11
FNH:3
FNDA:2,EditorWorkspace
FNDA:2,(anonymous_1)
FNDA:0,(anonymous_2)
FNDA:0,(anonymous_3)
FNDA:0,(anonymous_4)
FNDA:2,(anonymous_5)
FNDA:0,(anonymous_6)
FNDA:0,(anonymous_7)
FNDA:0,(anonymous_8)
FNDA:0,(anonymous_9)
FNDA:0,(anonymous_10)
DA:58,2
DA:60,2
DA:61,2
DA:62,2
DA:63,2
DA:65,2
DA:66,0
DA:73,2
DA:74,0
DA:77,2
DA:78,1
DA:83,0
DA:88,1
DA:94,0
DA:97,0
DA:103,2
DA:104,2
DA:105,2
DA:106,2
DA:108,2
DA:109,2
DA:111,2
DA:112,0
DA:115,2
DA:119,0
DA:120,0
DA:126,0
DA:127,0
DA:128,0
DA:140,2
LF:30
LH:19
BRDA:61,0,0,2
BRDA:61,0,1,0
BRDA:62,1,0,2
BRDA:62,1,1,0
BRDA:63,2,0,2
BRDA:63,2,1,0
BRDA:65,3,0,0
BRDA:65,3,1,2
BRDA:73,4,0,0
BRDA:73,4,1,2
BRDA:77,5,0,1
BRDA:77,5,1,1
BRDA:80,6,0,1
BRDA:80,6,1,0
BRDA:90,7,0,1
BRDA:90,7,1,0
BRDA:105,8,0,0
BRDA:105,8,1,2
BRDA:105,9,0,2
BRDA:105,9,1,2
BRDA:106,10,0,2
BRDA:106,10,1,0
BRDA:106,11,0,2
BRDA:106,11,1,2
BRDA:106,12,0,0
BRDA:106,12,1,0
BRDA:108,13,0,2
BRDA:108,13,1,0
BRDA:109,14,0,2
BRDA:109,14,1,0
BRDA:111,15,0,0
BRDA:111,15,1,2
BRDA:111,16,0,2
BRDA:111,16,1,0
BRDA:124,17,0,2
BRDA:124,17,1,0
BRDA:125,18,0,2
BRDA:125,18,1,0
BRDA:145,19,0,2
BRDA:145,19,1,0
BRF:40
BRH:22
end_of_record
TN:
SF:components/explorer/ContextMenu.tsx
FN:18,ContextMenu
FN:36,(anonymous_1)
FN:37,(anonymous_2)
FN:43,(anonymous_3)
FN:44,(anonymous_4)
FN:53,(anonymous_5)
FN:54,(anonymous_6)
FN:60,(anonymous_7)
FN:61,(anonymous_8)
FNF:9
FNH:0
FNDA:0,ContextMenu
FNDA:0,(anonymous_1)
FNDA:0,(anonymous_2)
FNDA:0,(anonymous_3)
FNDA:0,(anonymous_4)
FNDA:0,(anonymous_5)
FNDA:0,(anonymous_6)
FNDA:0,(anonymous_7)
FNDA:0,(anonymous_8)
DA:21,0
DA:22,0
DA:24,0
DA:36,0
DA:37,0
DA:43,0
DA:44,0
DA:53,0
DA:54,0
DA:60,0
DA:61,0
DA:71,0
LF:12
LH:0
BRDA:22,0,0,0
BRDA:22,0,1,0
BRDA:22,1,0,0
BRDA:22,1,1,0
BRDA:33,2,0,0
BRDA:33,2,1,0
BRDA:37,3,0,0
BRDA:37,3,1,0
BRDA:37,4,0,0
BRDA:37,4,1,0
BRDA:44,5,0,0
BRDA:44,5,1,0
BRDA:44,6,0,0
BRDA:44,6,1,0
BRDA:54,7,0,0
BRDA:54,7,1,0
BRDA:54,8,0,0
BRDA:54,8,1,0
BRDA:61,9,0,0
BRDA:61,9,1,0
BRDA:61,10,0,0
BRDA:61,10,1,0
BRF:22
BRH:0
end_of_record
TN:
SF:components/explorer/FileExplorer.tsx
FN:34,FileExplorer
FN:73,(anonymous_1)
FN:102,(anonymous_2)
FN:105,(anonymous_3)
FN:106,(anonymous_4)
FNF:5
FNH:0
FNDA:0,FileExplorer
FNDA:0,(anonymous_1)
FNDA:0,(anonymous_2)
FNDA:0,(anonymous_3)
FNDA:0,(anonymous_4)
DA:42,0
DA:44,0
DA:74,0
DA:75,0
DA:76,0
DA:102,0
DA:105,0
DA:106,0
DA:112,0
LF:9
LH:0
BRDA:53,0,0,0
BRDA:53,0,1,0
BRDA:74,1,0,0
BRDA:74,1,1,0
BRDA:93,2,0,0
BRDA:93,2,1,0
BRF:6
BRH:0
end_of_record
TN:
SF:components/explorer/FileItem.tsx
FN:22,FileItem
FN:36,(anonymous_1)
FN:56,(anonymous_2)
FN:63,(anonymous_3)
FN:103,(anonymous_4)
FN:115,(anonymous_5)
FN:116,(anonymous_6)
FN:124,(anonymous_7)
FN:131,(anonymous_8)
FNF:9
FNH:0
FNDA:0,FileItem
FNDA:0,(anonymous_1)
FNDA:0,(anonymous_2)
FNDA:0,(anonymous_3)
FNDA:0,(anonymous_4)
FNDA:0,(anonymous_5)
FNDA:0,(anonymous_6)
FNDA:0,(anonymous_7)
FNDA:0,(anonymous_8)
DA:27,0
DA:28,0
DA:29,0
DA:30,0
DA:31,0
DA:33,0
DA:34,0
DA:36,0
DA:37,0
DA:38,0
DA:39,0
DA:42,0
DA:43,0
DA:45,0
DA:47,0
DA:48,0
DA:49,0
DA:51,0
DA:52,0
DA:55,0
DA:56,0
DA:57,0
DA:58,0
DA:63,0
DA:64,0
DA:65,0
DA:66,0
DA:67,0
DA:71,0
DA:103,0
DA:113,0
DA:115,0
DA:116,0
DA:120,0
DA:121,0
DA:125,0
DA:126,0
DA:127,0
DA:128,0
DA:131,0
DA:140,0
DA:147,0
LF:42
LH:0
BRDA:37,0,0,0
BRDA:37,0,1,0
BRDA:45,1,0,0
BRDA:45,1,1,0
BRDA:47,2,0,0
BRDA:47,2,1,0
BRDA:67,3,0,0
BRDA:67,3,1,0
BRDA:73,4,0,0
BRDA:73,4,1,0
BRDA:74,5,0,0
BRDA:74,5,1,0
BRDA:74,6,0,0
BRDA:74,6,1,0
BRDA:74,7,0,0
BRDA:74,7,1,0
BRDA:75,8,0,0
BRDA:75,8,1,0
BRDA:75,8,2,0
BRDA:75,9,0,0
BRDA:75,9,1,0
BRDA:77,10,0,0
BRDA:77,10,1,0
BRDA:79,11,0,0
BRDA:79,11,1,0
BRDA:89,12,0,0
BRDA:89,12,1,0
BRDA:89,13,0,0
BRDA:89,13,1,0
BRDA:90,14,0,0
BRDA:90,14,1,0
BRDA:91,15,0,0
BRDA:91,15,1,0
BRDA:94,16,0,0
BRDA:94,16,1,0
BRDA:94,17,0,0
BRDA:94,17,1,0
BRDA:97,18,0,0
BRDA:97,18,1,0
BRDA:120,19,0,0
BRDA:120,19,1,0
BRDA:125,20,0,0
BRDA:125,20,1,0
BRDA:125,21,0,0
BRDA:125,21,1,0
BRF:45
BRH:0
end_of_record
TN:
SF:components/explorer/FileTree.tsx
FN:28,FileTree
FN:37,(anonymous_1)
FN:38,(anonymous_2)
FN:93,(anonymous_3)
FN:94,(anonymous_4)
FN:99,(anonymous_5)
FNF:6
FNH:0
FNDA:0,FileTree
FNDA:0,(anonymous_1)
FNDA:0,(anonymous_2)
FNDA:0,(anonymous_3)
FNDA:0,(anonymous_4)
FNDA:0,(anonymous_5)
DA:35,0
DA:37,0
DA:38,0
DA:39,0
DA:40,0
DA:42,0
DA:85,0
DA:86,0
DA:93,0
DA:95,0
DA:96,0
DA:97,0
DA:100,0
DA:117,0
DA:120,0
DA:123,0
LF:16
LH:0
BRDA:29,0,0,0
BRDA:29,1,0,0
BRDA:39,2,0,0
BRDA:39,2,1,0
BRDA:58,3,0,0
BRDA:58,3,1,0
BRDA:58,3,2,0
BRDA:85,4,0,0
BRDA:85,4,1,0
BRDA:85,5,0,0
BRDA:85,5,1,0
BRDA:88,6,0,0
BRDA:88,6,1,0
BRDA:95,7,0,0
BRDA:95,7,1,0
BRDA:96,8,0,0
BRDA:96,8,1,0
BRDA:97,9,0,0
BRDA:97,9,1,0
BRDA:100,10,0,0
BRDA:100,10,1,0
BRDA:107,11,0,0
BRDA:107,11,1,0
BRDA:108,12,0,0
BRDA:108,12,1,0
BRF:25
BRH:0
end_of_record
TN:
SF:components/explorer/RenameModal.tsx
FN:14,RenameModal
FN:27,(anonymous_1)
FN:28,(anonymous_2)
FNF:3
FNH:0
FNDA:0,RenameModal
FNDA:0,(anonymous_1)
FNDA:0,(anonymous_2)
DA:15,0
DA:16,0
DA:18,0
DA:27,0
DA:29,0
DA:30,0
DA:31,0
DA:63,0
LF:8
LH:0
BRDA:16,0,0,0
BRDA:16,0,1,0
BRDA:29,1,0,0
BRDA:29,1,1,0
BRDA:30,2,0,0
BRDA:30,2,1,0
BRDA:31,3,0,0
BRDA:31,3,1,0
BRDA:38,4,0,0
BRDA:38,4,1,0
BRDA:39,5,0,0
BRDA:39,5,1,0
BRF:12
BRH:0
end_of_record
TN:
SF:components/gemini/GeminiSettingsModal.tsx
FN:14,(anonymous_0)
FN:77,(anonymous_1)
FN:88,(anonymous_2)
FN:91,(anonymous_3)
FNF:4
FNH:0
FNDA:0,(anonymous_0)
FNDA:0,(anonymous_1)
FNDA:0,(anonymous_2)
FNDA:0,(anonymous_3)
DA:14,0
DA:15,0
DA:23,0
DA:25,0
DA:27,0
DA:77,0
DA:89,0
DA:91,0
DA:141,0
LF:9
LH:0
BRDA:66,0,0,0
BRDA:66,0,1,0
BRDA:95,1,0,0
BRDA:95,1,1,0
BRDA:95,2,0,0
BRDA:95,2,1,0
BRDA:101,3,0,0
BRDA:101,3,1,0
BRDA:105,4,0,0
BRDA:105,4,1,0
BRF:10
BRH:0
end_of_record
TN:
SF:components/layout/Footer.tsx
FN:16,(anonymous_0)
FNF:1
FNH:0
FNDA:0,(anonymous_0)
DA:16,0
DA:17,0
DA:18,0
DA:54,0
LF:4
LH:0
BRDA:26,0,0,0
BRDA:26,0,1,0
BRDA:43,1,0,0
BRDA:43,1,1,0
BRF:4
BRH:0
end_of_record
TN:
SF:components/layout/Header.tsx
FN:12,(anonymous_0)
FN:34,(anonymous_1)
FN:40,(anonymous_2)
FNF:3
FNH:2
FNDA:2,(anonymous_0)
FNDA:0,(anonymous_1)
FNDA:1,(anonymous_2)
DA:12,1
DA:15,2
DA:17,2
DA:34,0
DA:40,1
DA:58,1
LF:6
LH:5
BRDA:26,0,0,2
BRDA:26,0,1,0
BRDA:35,1,0,2
BRDA:35,1,1,2
BRDA:36,2,0,2
BRDA:36,2,1,0
BRDA:37,3,0,2
BRDA:37,3,1,0
BRDA:41,4,0,2
BRDA:41,4,1,0
BRDA:42,5,0,0
BRDA:42,5,1,2
BRDA:43,6,0,0
BRDA:43,6,1,2
BRDA:48,7,0,0
BRDA:48,7,1,2
BRF:16
BRH:9
end_of_record
TN:
SF:components/layout/TabBar.tsx
FN:17,(anonymous_0)
FN:23,(anonymous_1)
FN:51,(anonymous_2)
FN:65,(anonymous_3)
FN:66,(anonymous_4)
FN:80,(anonymous_5)
FN:97,(anonymous_6)
FN:104,(anonymous_7)
FNF:8
FNH:0
FNDA:0,(anonymous_0)
FNDA:0,(anonymous_1)
FNDA:0,(anonymous_2)
FNDA:0,(anonymous_3)
FNDA:0,(anonymous_4)
FNDA:0,(anonymous_5)
FNDA:0,(anonymous_6)
FNDA:0,(anonymous_7)
DA:17,0
DA:20,0
DA:21,0
DA:23,0
DA:24,0
DA:25,0
DA:27,0
DA:29,0
DA:30,0
DA:32,0
DA:33,0
DA:37,0
DA:38,0
DA:45,0
DA:52,0
DA:53,0
DA:54,0
DA:57,0
DA:65,0
DA:66,0
DA:81,0
DA:82,0
DA:83,0
DA:92,0
DA:93,0
DA:98,0
DA:99,0
DA:100,0
DA:102,0
DA:105,0
DA:114,0
DA:125,0
LF:32
LH:0
BRDA:27,0,0,0
BRDA:27,0,1,0
BRDA:27,1,0,0
BRDA:27,1,1,0
BRDA:27,1,2,0
BRDA:29,2,0,0
BRDA:29,2,1,0
BRDA:37,3,0,0
BRDA:37,3,1,0
BRDA:54,4,0,0
BRDA:54,4,1,0
BRDA:63,5,0,0
BRDA:63,5,1,0
BRDA:66,6,0,0
BRDA:66,6,1,0
BRDA:73,7,0,0
BRDA:73,7,1,0
BRDA:74,8,0,0
BRDA:74,8,1,0
BRDA:81,9,0,0
BRDA:81,9,1,0
BRDA:92,10,0,0
BRDA:92,10,1,0
BRDA:98,11,0,0
BRDA:98,11,1,0
BRF:25
BRH:0
end_of_record
TN:
SF:components/preview/ImageViewer.tsx
FN:11,ImageViewer
FN:18,(anonymous_1)
FN:25,(anonymous_2)
FN:33,(anonymous_3)
FN:37,(anonymous_4)
FN:46,(anonymous_5)
FN:46,(anonymous_6)
FN:52,(anonymous_7)
FN:52,(anonymous_8)
FNF:9
FNH:0
FNDA:0,ImageViewer
FNDA:0,(anonymous_1)
FNDA:0,(anonymous_2)
FNDA:0,(anonymous_3)
FNDA:0,(anonymous_4)
FNDA:0,(anonymous_5)
FNDA:0,(anonymous_6)
FNDA:0,(anonymous_7)
FNDA:0,(anonymous_8)
DA:12,0
DA:13,0
DA:14,0
DA:15,0
DA:16,0
DA:18,0
DA:19,0
DA:20,0
DA:21,0
DA:22,0
DA:25,0
DA:26,0
DA:27,0
DA:33,0
DA:34,0
DA:37,0
DA:38,0
DA:39,0
DA:42,0
DA:46,0
DA:52,0
DA:104,0
LF:22
LH:0
BRDA:19,0,0,0
BRDA:19,0,1,0
BRDA:26,1,0,0
BRDA:26,1,1,0
BRDA:26,2,0,0
BRDA:26,2,1,0
BRDA:43,3,0,0
BRDA:43,3,1,0
BRDA:59,4,0,0
BRDA:59,4,1,0
BRDA:75,5,0,0
BRDA:75,5,1,0
BRDA:75,6,0,0
BRDA:75,6,1,0
BRDA:87,7,0,0
BRDA:87,7,1,0
BRF:16
BRH:0
end_of_record
TN:
SF:components/toc/TOCPane.tsx
FN:19,(anonymous_0)
FN:21,(anonymous_1)
FN:41,(anonymous_2)
FN:42,(anonymous_3)
FNF:4
FNH:0
FNDA:0,(anonymous_0)
FNDA:0,(anonymous_1)
FNDA:0,(anonymous_2)
FNDA:0,(anonymous_3)
DA:19,0
DA:20,0
DA:21,0
DA:23,0
DA:42,0
DA:70,0
LF:6
LH:0
BRDA:26,0,0,0
BRDA:26,0,1,0
BRDA:36,1,0,0
BRDA:36,1,1,0
BRDA:48,2,0,0
BRDA:48,2,1,0
BRDA:54,3,0,0
BRDA:54,3,1,0
BRDA:55,4,0,0
BRDA:55,4,1,0
BRDA:56,5,0,0
BRDA:56,5,1,0
BRF:12
BRH:0
end_of_record
TN:
SF:components/ui/Button.tsx
FN:15,(anonymous_0)
FN:20,(anonymous_1)
FN:30,(anonymous_2)
FN:39,(anonymous_3)
FNF:4
FNH:4
FNDA:3,(anonymous_0)
FNDA:3,(anonymous_1)
FNDA:3,(anonymous_2)
FNDA:3,(anonymous_3)
DA:15,1
DA:18,3
DA:20,3
DA:21,3
DA:22,2
DA:23,1
DA:24,0
DA:25,0
DA:26,0
DA:30,3
DA:31,3
DA:32,0
DA:33,3
DA:34,0
DA:35,0
DA:39,3
DA:40,3
DA:41,3
DA:42,2
DA:45,3
DA:68,1
LF:21
LH:15
BRDA:16,0,0,2
BRDA:16,1,0,3
BRDA:21,2,0,2
BRDA:21,2,1,1
BRDA:21,2,2,0
BRDA:21,2,3,0
BRDA:21,2,4,0
BRDA:31,3,0,0
BRDA:31,3,1,3
BRDA:31,3,2,0
BRDA:31,3,3,0
BRDA:40,4,0,0
BRDA:40,4,1,3
BRDA:41,5,0,1
BRDA:41,5,1,2
BRDA:53,6,0,3
BRDA:53,6,1,0
BRDA:59,7,0,0
BRDA:59,7,1,3
BRF:19
BRH:10
end_of_record
TN:
SF:components/ui/Collapsible.tsx
FN:10,Collapsible
FN:18,(anonymous_1)
FN:18,(anonymous_2)
FNF:3
FNH:0
FNDA:0,Collapsible
FNDA:0,(anonymous_1)
FNDA:0,(anonymous_2)
DA:11,0
DA:12,0
DA:14,0
DA:18,0
DA:35,0
LF:5
LH:0
BRDA:12,0,0,0
BRDA:12,0,1,0
BRDA:24,1,0,0
BRDA:24,1,1,0
BRDA:25,2,0,0
BRDA:25,2,1,0
BRDA:30,3,0,0
BRDA:30,3,1,0
BRF:8
BRH:0
end_of_record
TN:
SF:components/ui/ErrorBoundary.tsx
FN:20,(anonymous_0)
FN:24,(anonymous_1)
FN:28,(anonymous_2)
FN:33,(anonymous_3)
FNF:4
FNH:0
FNDA:0,(anonymous_0)
FNDA:0,(anonymous_1)
FNDA:0,(anonymous_2)
FNDA:0,(anonymous_3)
DA:15,0
DA:21,0
DA:25,0
DA:28,0
DA:29,0
DA:34,0
DA:35,0
DA:36,0
DA:39,0
DA:50,0
DA:54,0
LF:11
LH:0
BRDA:34,0,0,0
BRDA:34,0,1,0
BRDA:35,1,0,0
BRDA:35,1,1,0
BRDA:42,2,0,0
BRDA:42,2,1,0
BRF:6
BRH:0
end_of_record
TN:
SF:components/ui/IconSymbol.ios.tsx
FN:4,IconSymbol
FNF:1
FNH:0
FNDA:0,IconSymbol
DA:17,0
LF:1
LH:0
BRDA:6,0,0,0
BRDA:9,1,0,0
BRF:2
BRH:0
end_of_record
TN:
SF:components/ui/IconSymbol.tsx
FN:28,IconSymbol
FNF:1
FNH:0
FNDA:0,IconSymbol
DA:16,0
DA:40,0
LF:2
LH:0
BRDA:30,0,0,0
BRF:1
BRH:0
end_of_record
TN:
SF:hooks/use-color-scheme.ts
FNF:0
FNH:0
LF:0
LH:0
BRF:0
BRH:0
end_of_record
TN:
SF:hooks/use-color-scheme.web.ts
FN:7,useColorScheme
FN:10,(anonymous_1)
FNF:2
FNH:0
FNDA:0,useColorScheme
FNDA:0,(anonymous_1)
DA:8,0
DA:10,0
DA:11,0
DA:14,0
DA:16,0
DA:17,0
DA:20,0
LF:7
LH:0
BRDA:16,0,0,0
BRDA:16,0,1,0
BRF:2
BRH:0
end_of_record
TN:
SF:hooks/use-theme-color.ts
FN:9,useThemeColor
FNF:1
FNH:0
FNDA:0,useThemeColor
DA:13,0
DA:14,0
DA:16,0
DA:17,0
DA:19,0
LF:5
LH:0
BRDA:13,0,0,0
BRDA:13,0,1,0
BRDA:16,1,0,0
BRDA:16,1,1,0
BRF:4
BRH:0
end_of_record
TN:
SF:hooks/useFileSystem.ts
FN:16,useFileSystem
FN:29,(anonymous_1)
FN:43,(anonymous_2)
FN:47,(anonymous_3)
FN:62,(anonymous_4)
FN:75,(anonymous_5)
FN:81,(anonymous_6)
FN:82,(anonymous_7)
FN:107,(anonymous_8)
FN:112,(anonymous_9)
FN:115,(anonymous_10)
FN:130,(anonymous_11)
FN:131,(anonymous_12)
FN:140,(anonymous_13)
FN:141,(anonymous_14)
FN:161,(anonymous_15)
FN:162,(anonymous_16)
FN:162,(anonymous_17)
FN:170,(anonymous_18)
FN:210,(anonymous_19)
FN:223,(anonymous_20)
FN:225,(anonymous_21)
FN:226,(anonymous_22)
FN:226,(anonymous_23)
FN:227,(anonymous_24)
FN:227,(anonymous_25)
FN:229,(anonymous_26)
FN:231,(anonymous_27)
FN:249,(anonymous_28)
FN:285,(anonymous_29)
FN:293,(anonymous_30)
FN:295,(anonymous_31)
FN:297,(anonymous_32)
FN:304,(anonymous_33)
FN:305,(anonymous_34)
FN:306,(anonymous_35)
FN:307,(anonymous_36)
FN:308,(anonymous_37)
FN:309,(anonymous_38)
FN:311,(anonymous_39)
FN:323,(anonymous_40)
FN:350,(anonymous_41)
FN:352,(anonymous_42)
FN:363,(anonymous_43)
FN:370,(anonymous_44)
FN:401,(anonymous_45)
FN:435,(anonymous_46)
FN:473,(anonymous_47)
FN:493,(anonymous_48)
FN:504,getFileExtension
FNF:50
FNH:9
FNDA:8,useFileSystem
FNDA:2,(anonymous_1)
FNDA:5,(anonymous_2)
FNDA:0,(anonymous_3)
FNDA:1,(anonymous_4)
FNDA:4,(anonymous_5)
FNDA:0,(anonymous_6)
FNDA:0,(anonymous_7)
FNDA:0,(anonymous_8)
FNDA:0,(anonymous_9)
FNDA:0,(anonymous_10)
FNDA:0,(anonymous_11)
FNDA:0,(anonymous_12)
FNDA:0,(anonymous_13)
FNDA:0,(anonymous_14)
FNDA:0,(anonymous_15)
FNDA:0,(anonymous_16)
FNDA:0,(anonymous_17)
FNDA:1,(anonymous_18)
FNDA:0,(anonymous_19)
FNDA:0,(anonymous_20)
FNDA:0,(anonymous_21)
FNDA:0,(anonymous_22)
FNDA:0,(anonymous_23)
FNDA:0,(anonymous_24)
FNDA:0,(anonymous_25)
FNDA:0,(anonymous_26)
FNDA:0,(anonymous_27)
FNDA:0,(anonymous_28)
FNDA:0,(anonymous_29)
FNDA:0,(anonymous_30)
FNDA:0,(anonymous_31)
FNDA:0,(anonymous_32)
FNDA:0,(anonymous_33)
FNDA:0,(anonymous_34)
FNDA:0,(anonymous_35)
FNDA:0,(anonymous_36)
FNDA:0,(anonymous_37)
FNDA:0,(anonymous_38)
FNDA:0,(anonymous_39)
FNDA:1,(anonymous_40)
FNDA:1,(anonymous_41)
FNDA:0,(anonymous_42)
FNDA:1,(anonymous_43)
FNDA:0,(anonymous_44)
FNDA:0,(anonymous_45)
FNDA:0,(anonymous_46)
FNDA:0,(anonymous_47)
FNDA:0,(anonymous_48)
FNDA:0,getFileExtension
DA:17,8
DA:18,8
DA:19,8
DA:20,8
DA:21,8
DA:22,8
DA:23,8
DA:24,8
DA:25,8
DA:26,8
DA:27,8
DA:29,8
DA:30,2
DA:31,2
DA:32,2
DA:33,2
DA:34,2
DA:35,2
DA:36,2
DA:38,0
DA:39,0
DA:43,8
DA:44,5
DA:47,8
DA:48,0
DA:49,0
DA:50,0
DA:51,0
DA:52,0
DA:53,0
DA:54,0
DA:56,0
DA:57,0
DA:58,0
DA:62,8
DA:63,1
DA:64,1
DA:65,3
DA:66,3
DA:67,2
DA:68,2
DA:69,2
DA:71,1
DA:72,1
DA:75,1
DA:76,4
DA:77,1
DA:81,8
DA:82,0
DA:83,0
DA:84,0
DA:85,0
DA:87,0
DA:89,0
DA:90,0
DA:91,0
DA:93,0
DA:94,0
DA:95,0
DA:96,0
DA:97,0
DA:100,0
DA:103,0
DA:104,0
DA:107,8
DA:108,0
DA:109,0
DA:110,0
DA:112,0
DA:115,8
DA:116,0
DA:117,0
DA:118,0
DA:119,0
DA:120,0
DA:121,0
DA:122,0
DA:123,0
DA:124,0
DA:125,0
DA:130,8
DA:131,0
DA:132,0
DA:133,0
DA:134,0
DA:136,0
DA:137,0
DA:138,0
DA:139,0
DA:140,0
DA:141,0
DA:142,0
DA:143,0
DA:144,0
DA:145,0
DA:147,0
DA:150,0
DA:152,0
DA:154,0
DA:155,0
DA:157,0
DA:161,8
DA:162,0
DA:163,0
DA:164,0
DA:166,0
DA:170,8
DA:171,1
DA:172,1
DA:173,1
DA:174,1
DA:175,1
DA:176,0
DA:178,1
DA:179,1
DA:180,1
DA:181,1
DA:182,1
DA:184,0
DA:185,0
DA:189,8
DA:211,0
DA:213,0
DA:214,0
DA:215,0
DA:216,0
DA:217,0
DA:218,0
DA:221,0
DA:223,0
DA:225,0
DA:226,0
DA:227,0
DA:229,0
DA:230,0
DA:231,0
DA:232,0
DA:234,0
DA:237,0
DA:238,0
DA:240,0
DA:241,0
DA:243,0
DA:245,0
DA:246,0
DA:250,0
DA:252,0
DA:253,0
DA:254,0
DA:256,0
DA:257,0
DA:258,0
DA:259,0
DA:260,0
DA:263,0
DA:264,0
DA:267,0
DA:269,0
DA:271,0
DA:272,0
DA:273,0
DA:274,0
DA:276,0
DA:277,0
DA:278,0
DA:279,0
DA:280,0
DA:281,0
DA:285,0
DA:286,0
DA:287,0
DA:288,0
DA:290,0
DA:293,0
DA:295,0
DA:296,0
DA:297,0
DA:298,0
DA:299,0
DA:301,0
DA:304,0
DA:305,0
DA:306,0
DA:307,0
DA:308,0
DA:309,0
DA:310,0
DA:311,0
DA:312,0
DA:313,0
DA:315,0
DA:317,0
DA:319,0
DA:320,0
DA:324,1
DA:326,1
DA:327,1
DA:328,1
DA:329,1
DA:330,0
DA:334,1
DA:335,1
DA:337,0
DA:340,1
DA:341,1
DA:350,1
DA:351,1
DA:352,0
DA:353,0
DA:354,0
DA:356,0
DA:357,0
DA:359,0
DA:363,1
DA:364,1
DA:366,0
DA:367,0
DA:371,0
DA:372,0
DA:373,0
DA:374,0
DA:375,0
DA:378,0
DA:379,0
DA:380,0
DA:381,0
DA:383,0
DA:384,0
DA:385,0
DA:386,0
DA:387,0
DA:390,0
DA:391,0
DA:392,0
DA:393,0
DA:395,0
DA:397,0
DA:398,0
DA:402,0
DA:403,0
DA:404,0
DA:405,0
DA:408,0
DA:409,0
DA:410,0
DA:411,0
DA:412,0
DA:413,0
DA:414,0
DA:415,0
DA:416,0
DA:420,0
DA:421,0
DA:423,0
DA:424,0
DA:425,0
DA:426,0
DA:428,0
DA:429,0
DA:430,0
DA:432,0
DA:436,0
DA:437,0
DA:438,0
DA:439,0
DA:440,0
DA:442,0
DA:443,0
DA:445,0
DA:446,0
DA:448,0
DA:449,0
DA:450,0
DA:453,0
DA:454,0
DA:456,0
DA:457,0
DA:458,0
DA:459,0
DA:461,0
DA:462,0
DA:465,0
DA:466,0
DA:467,0
DA:469,0
DA:470,0
DA:474,0
DA:475,0
DA:476,0
DA:477,0
DA:479,0
DA:480,0
DA:481,0
DA:483,0
DA:484,0
DA:487,0
DA:488,0
DA:489,0
DA:490,0
DA:492,0
DA:493,0
DA:495,0
DA:497,0
DA:498,0
DA:505,0
DA:506,0
LF:306
LH:65
BRDA:29,0,0,2
BRDA:30,1,0,0
BRDA:30,1,1,2
BRDA:32,2,0,0
BRDA:32,2,1,2
BRDA:44,3,0,2
BRDA:44,3,1,3
BRDA:48,4,0,0
BRDA:48,4,1,0
BRDA:53,5,0,0
BRDA:53,5,1,0
BRDA:53,6,0,0
BRDA:53,6,1,0
BRDA:57,7,0,0
BRDA:57,7,1,0
BRDA:62,8,0,1
BRDA:65,9,0,0
BRDA:65,9,1,3
BRDA:66,10,0,2
BRDA:66,10,1,1
BRDA:68,11,0,2
BRDA:68,11,1,0
BRDA:71,12,0,1
BRDA:71,12,1,0
BRDA:76,13,0,3
BRDA:76,13,1,1
BRDA:76,14,0,1
BRDA:76,14,1,2
BRDA:84,15,0,0
BRDA:84,15,1,0
BRDA:84,16,0,0
BRDA:84,16,1,0
BRDA:85,17,0,0
BRDA:85,17,1,0
BRDA:93,18,0,0
BRDA:93,18,1,0
BRDA:93,19,0,0
BRDA:93,19,1,0
BRDA:109,20,0,0
BRDA:109,20,1,0
BRDA:117,21,0,0
BRDA:117,21,1,0
BRDA:123,22,0,0
BRDA:123,22,1,0
BRDA:132,23,0,0
BRDA:132,23,1,0
BRDA:134,24,0,0
BRDA:134,24,1,0
BRDA:136,25,0,0
BRDA:136,25,1,0
BRDA:136,26,0,0
BRDA:136,26,1,0
BRDA:136,26,2,0
BRDA:139,27,0,0
BRDA:139,27,1,0
BRDA:144,28,0,0
BRDA:144,28,1,0
BRDA:154,29,0,0
BRDA:154,29,1,0
BRDA:154,30,0,0
BRDA:154,30,1,0
BRDA:163,31,0,0
BRDA:163,31,1,0
BRDA:171,32,0,0
BRDA:171,32,1,1
BRDA:211,33,0,0
BRDA:211,33,1,0
BRDA:216,34,0,0
BRDA:216,34,1,0
BRDA:223,35,0,0
BRDA:223,35,1,0
BRDA:232,36,0,0
BRDA:232,36,1,0
BRDA:237,37,0,0
BRDA:237,37,1,0
BRDA:240,38,0,0
BRDA:240,38,1,0
BRDA:250,39,0,0
BRDA:250,39,1,0
BRDA:250,40,0,0
BRDA:250,40,1,0
BRDA:250,40,2,0
BRDA:257,41,0,0
BRDA:257,41,1,0
BRDA:267,42,0,0
BRDA:267,42,1,0
BRDA:271,43,0,0
BRDA:271,43,1,0
BRDA:286,44,0,0
BRDA:286,44,1,0
BRDA:287,45,0,0
BRDA:287,45,1,0
BRDA:324,46,0,0
BRDA:324,46,1,1
BRDA:324,47,0,1
BRDA:324,47,1,1
BRDA:327,48,0,0
BRDA:327,48,1,1
BRDA:334,49,0,1
BRDA:334,49,1,0
BRDA:346,50,0,0
BRDA:346,50,1,1
BRDA:351,51,0,1
BRDA:351,51,1,0
BRDA:353,52,0,0
BRDA:353,52,1,0
BRDA:354,53,0,0
BRDA:354,53,1,0
BRDA:356,54,0,0
BRDA:356,54,1,0
BRDA:356,55,0,0
BRDA:356,55,1,0
BRDA:371,56,0,0
BRDA:371,56,1,0
BRDA:371,57,0,0
BRDA:371,57,1,0
BRDA:373,58,0,0
BRDA:373,58,1,0
BRDA:375,59,0,0
BRDA:375,59,1,0
BRDA:378,60,0,0
BRDA:378,60,1,0
BRDA:402,61,0,0
BRDA:402,61,1,0
BRDA:404,62,0,0
BRDA:404,62,1,0
BRDA:404,63,0,0
BRDA:404,63,1,0
BRDA:404,63,2,0
BRDA:409,64,0,0
BRDA:409,64,1,0
BRDA:411,65,0,0
BRDA:411,65,1,0
BRDA:413,66,0,0
BRDA:413,66,1,0
BRDA:415,67,0,0
BRDA:415,67,1,0
BRDA:421,68,0,0
BRDA:421,68,1,0
BRDA:436,69,0,0
BRDA:436,69,1,0
BRDA:436,70,0,0
BRDA:436,70,1,0
BRDA:440,71,0,0
BRDA:440,71,1,0
BRDA:443,72,0,0
BRDA:443,72,1,0
BRDA:466,73,0,0
BRDA:466,73,1,0
BRDA:474,74,0,0
BRDA:474,74,1,0
BRDA:477,75,0,0
BRDA:477,75,1,0
BRDA:492,76,0,0
BRDA:492,76,1,0
BRDA:506,77,0,0
BRDA:506,77,1,0
BRDA:506,78,0,0
BRDA:506,78,1,0
BRF:159
BRH:23
end_of_record
TN:
SF:hooks/useGemini.ts
FN:6,useGemini
FN:28,(anonymous_1)
FN:40,(anonymous_2)
FN:56,(anonymous_3)
FN:70,(anonymous_4)
FNF:5
FNH:4
FNDA:4,useGemini
FNDA:2,(anonymous_1)
FNDA:2,(anonymous_2)
FNDA:1,(anonymous_3)
FNDA:0,(anonymous_4)
DA:7,4
DA:8,4
DA:9,4
DA:10,4
DA:12,4
DA:13,4
DA:14,4
DA:15,4
DA:16,4
DA:17,4
DA:19,4
DA:28,4
DA:29,2
DA:30,0
DA:31,0
DA:32,0
DA:33,0
DA:34,0
DA:40,4
DA:41,2
DA:42,2
DA:43,2
DA:44,2
DA:45,2
DA:46,2
DA:48,2
DA:49,2
DA:50,2
DA:51,2
DA:52,2
DA:56,4
DA:57,1
DA:58,1
DA:59,1
DA:60,1
DA:61,1
DA:62,1
DA:63,1
DA:64,1
DA:65,1
DA:67,1
DA:70,4
DA:71,0
DA:72,0
DA:73,0
DA:77,4
LF:46
LH:38
BRDA:29,0,0,0
BRDA:29,0,1,2
BRDA:31,1,0,0
BRDA:31,1,1,0
BRDA:33,2,0,0
BRDA:33,2,1,0
BRDA:41,3,0,2
BRDA:41,3,1,0
BRDA:48,4,0,0
BRDA:48,4,1,2
BRDA:49,5,0,0
BRDA:49,5,1,2
BRDA:50,6,0,0
BRDA:50,6,1,2
BRDA:51,7,0,0
BRDA:51,7,1,2
BRDA:52,8,0,0
BRDA:52,8,1,2
BRDA:61,9,0,1
BRDA:61,9,1,0
BRDA:72,10,0,0
BRDA:72,10,1,0
BRF:22
BRH:8
end_of_record
TN:
SF:hooks/useMarkdownWorker.ts
FN:9,useMarkdownWorker
FN:15,(anonymous_1)
FN:97,(anonymous_2)
FN:109,(anonymous_3)
FN:119,(anonymous_4)
FN:131,(anonymous_5)
FNF:6
FNH:3
FNDA:3,useMarkdownWorker
FNDA:1,(anonymous_1)
FNDA:0,(anonymous_2)
FNDA:0,(anonymous_3)
FNDA:0,(anonymous_4)
FNDA:2,(anonymous_5)
DA:10,3
DA:11,3
DA:12,3
DA:13,3
DA:14,3
DA:15,3
DA:16,1
DA:19,1
DA:20,1
DA:89,1
DA:90,1
DA:92,1
DA:97,1
DA:98,0
DA:99,0
DA:100,0
DA:101,0
DA:103,0
DA:105,0
DA:109,1
DA:110,0
DA:111,0
DA:112,0
DA:115,0
DA:116,0
DA:119,1
DA:120,0
DA:121,0
DA:122,0
DA:124,0
DA:125,0
DA:131,3
DA:132,2
DA:133,0
DA:134,0
DA:137,2
DA:138,2
DA:139,2
DA:140,2
DA:141,2
DA:152,3
LF:41
LH:23
BRDA:99,0,0,0
BRDA:99,0,1,0
BRDA:100,1,0,0
BRDA:100,1,1,0
BRDA:120,2,0,0
BRDA:120,2,1,0
BRDA:124,3,0,0
BRDA:124,3,1,0
BRDA:132,4,0,0
BRDA:132,4,1,2
BRDA:137,5,0,2
BRDA:137,5,1,0
BRDA:137,6,0,2
BRDA:137,6,1,2
BRF:14
BRH:4
end_of_record
TN:
SF:hooks/usePaneResize.ts
FN:5,usePaneResize
FN:28,(anonymous_1)
FN:29,(anonymous_2)
FN:30,(anonymous_3)
FN:31,(anonymous_4)
FN:39,(anonymous_5)
FN:45,(anonymous_6)
FN:52,(anonymous_7)
FN:61,(anonymous_8)
FN:72,(anonymous_9)
FN:73,(anonymous_10)
FN:74,(anonymous_11)
FN:75,(anonymous_12)
FN:83,(anonymous_13)
FN:89,(anonymous_14)
FN:96,(anonymous_15)
FN:105,(anonymous_16)
FN:116,(anonymous_17)
FN:117,(anonymous_18)
FN:118,(anonymous_19)
FN:119,(anonymous_20)
FN:127,(anonymous_21)
FN:133,(anonymous_22)
FN:140,(anonymous_23)
FN:149,(anonymous_24)
FN:160,(anonymous_25)
FN:161,(anonymous_26)
FN:162,(anonymous_27)
FN:163,(anonymous_28)
FN:171,(anonymous_29)
FN:177,(anonymous_30)
FN:184,(anonymous_31)
FN:193,(anonymous_32)
FNF:33
FNH:0
FNDA:0,usePaneResize
FNDA:0,(anonymous_1)
FNDA:0,(anonymous_2)
FNDA:0,(anonymous_3)
FNDA:0,(anonymous_4)
FNDA:0,(anonymous_5)
FNDA:0,(anonymous_6)
FNDA:0,(anonymous_7)
FNDA:0,(anonymous_8)
FNDA:0,(anonymous_9)
FNDA:0,(anonymous_10)
FNDA:0,(anonymous_11)
FNDA:0,(anonymous_12)
FNDA:0,(anonymous_13)
FNDA:0,(anonymous_14)
FNDA:0,(anonymous_15)
FNDA:0,(anonymous_16)
FNDA:0,(anonymous_17)
FNDA:0,(anonymous_18)
FNDA:0,(anonymous_19)
FNDA:0,(anonymous_20)
FNDA:0,(anonymous_21)
FNDA:0,(anonymous_22)
FNDA:0,(anonymous_23)
FNDA:0,(anonymous_24)
FNDA:0,(anonymous_25)
FNDA:0,(anonymous_26)
FNDA:0,(anonymous_27)
FNDA:0,(anonymous_28)
FNDA:0,(anonymous_29)
FNDA:0,(anonymous_30)
FNDA:0,(anonymous_31)
FNDA:0,(anonymous_32)
DA:6,0
DA:7,0
DA:8,0
DA:9,0
DA:10,0
DA:12,0
DA:13,0
DA:14,0
DA:16,0
DA:17,0
DA:18,0
DA:20,0
DA:21,0
DA:22,0
DA:24,0
DA:25,0
DA:26,0
DA:28,0
DA:29,0
DA:30,0
DA:32,0
DA:33,0
DA:34,0
DA:35,0
DA:37,0
DA:40,0
DA:41,0
DA:42,0
DA:43,0
DA:44,0
DA:45,0
DA:46,0
DA:47,0
DA:53,0
DA:54,0
DA:55,0
DA:57,0
DA:58,0
DA:59,0
DA:62,0
DA:63,0
DA:64,0
DA:66,0
DA:67,0
DA:68,0
DA:72,0
DA:73,0
DA:74,0
DA:76,0
DA:77,0
DA:78,0
DA:79,0
DA:81,0
DA:84,0
DA:85,0
DA:86,0
DA:87,0
DA:88,0
DA:89,0
DA:90,0
DA:91,0
DA:97,0
DA:98,0
DA:99,0
DA:101,0
DA:102,0
DA:103,0
DA:106,0
DA:107,0
DA:108,0
DA:110,0
DA:111,0
DA:112,0
DA:116,0
DA:117,0
DA:118,0
DA:120,0
DA:121,0
DA:122,0
DA:123,0
DA:125,0
DA:128,0
DA:129,0
DA:130,0
DA:131,0
DA:132,0
DA:133,0
DA:134,0
DA:135,0
DA:141,0
DA:142,0
DA:143,0
DA:145,0
DA:146,0
DA:147,0
DA:150,0
DA:151,0
DA:152,0
DA:154,0
DA:155,0
DA:156,0
DA:160,0
DA:161,0
DA:162,0
DA:164,0
DA:165,0
DA:166,0
DA:167,0
DA:169,0
DA:172,0
DA:173,0
DA:174,0
DA:175,0
DA:176,0
DA:177,0
DA:178,0
DA:179,0
DA:185,0
DA:186,0
DA:187,0
DA:189,0
DA:190,0
DA:191,0
DA:194,0
DA:195,0
DA:196,0
DA:198,0
DA:199,0
DA:200,0
DA:204,0
LF:130
LH:0
BRDA:33,0,0,0
BRDA:33,0,1,0
BRDA:41,1,0,0
BRDA:41,1,1,0
BRDA:43,2,0,0
BRDA:43,2,1,0
BRDA:44,3,0,0
BRDA:44,3,1,0
BRDA:47,4,0,0
BRDA:47,4,1,0
BRDA:53,5,0,0
BRDA:53,5,1,0
BRDA:59,6,0,0
BRDA:59,6,1,0
BRDA:62,7,0,0
BRDA:62,7,1,0
BRDA:68,8,0,0
BRDA:68,8,1,0
BRDA:77,9,0,0
BRDA:77,9,1,0
BRDA:85,10,0,0
BRDA:85,10,1,0
BRDA:87,11,0,0
BRDA:87,11,1,0
BRDA:88,12,0,0
BRDA:88,12,1,0
BRDA:91,13,0,0
BRDA:91,13,1,0
BRDA:97,14,0,0
BRDA:97,14,1,0
BRDA:103,15,0,0
BRDA:103,15,1,0
BRDA:106,16,0,0
BRDA:106,16,1,0
BRDA:112,17,0,0
BRDA:112,17,1,0
BRDA:121,18,0,0
BRDA:121,18,1,0
BRDA:129,19,0,0
BRDA:129,19,1,0
BRDA:131,20,0,0
BRDA:131,20,1,0
BRDA:132,21,0,0
BRDA:132,21,1,0
BRDA:135,22,0,0
BRDA:135,22,1,0
BRDA:141,23,0,0
BRDA:141,23,1,0
BRDA:147,24,0,0
BRDA:147,24,1,0
BRDA:150,25,0,0
BRDA:150,25,1,0
BRDA:156,26,0,0
BRDA:156,26,1,0
BRDA:165,27,0,0
BRDA:165,27,1,0
BRDA:173,28,0,0
BRDA:173,28,1,0
BRDA:175,29,0,0
BRDA:175,29,1,0
BRDA:176,30,0,0
BRDA:176,30,1,0
BRDA:179,31,0,0
BRDA:179,31,1,0
BRDA:185,32,0,0
BRDA:185,32,1,0
BRDA:191,33,0,0
BRDA:191,33,1,0
BRDA:194,34,0,0
BRDA:194,34,1,0
BRDA:200,35,0,0
BRDA:200,35,1,0
BRF:72
BRH:0
end_of_record
TN:
SF:hooks/useRecentFiles.ts
FN:13,useRecentFiles
FN:16,(anonymous_1)
FN:29,(anonymous_2)
FN:30,(anonymous_3)
FN:38,(anonymous_4)
FN:44,(anonymous_5)
FN:46,(anonymous_6)
FN:47,(anonymous_7)
FN:56,(anonymous_8)
FNF:9
FNH:0
FNDA:0,useRecentFiles
FNDA:0,(anonymous_1)
FNDA:0,(anonymous_2)
FNDA:0,(anonymous_3)
FNDA:0,(anonymous_4)
FNDA:0,(anonymous_5)
FNDA:0,(anonymous_6)
FNDA:0,(anonymous_7)
FNDA:0,(anonymous_8)
DA:4,0
DA:5,0
DA:14,0
DA:16,0
DA:17,0
DA:18,0
DA:20,0
DA:22,0
DA:25,0
DA:26,0
DA:27,0
DA:29,0
DA:30,0
DA:31,0
DA:34,0
DA:38,0
DA:39,0
DA:40,0
DA:41,0
DA:42,0
DA:44,0
DA:45,0
DA:46,0
DA:47,0
DA:50,0
DA:52,0
DA:56,0
DA:57,0
DA:60,0
LF:29
LH:0
BRDA:20,0,0,0
BRDA:20,0,1,0
BRF:2
BRH:0
end_of_record
TN:
SF:utils/FileSystemUtils.ts
FN:1,getFileExtension
FN:6,isImageFile
FN:11,getParentPath
FN:17,joinPaths
FN:21,normalizePath
FNF:5
FNH:5
FNDA:6,getFileExtension
FNDA:3,isImageFile
FNDA:2,getParentPath
FNDA:4,joinPaths
FNDA:3,normalizePath
DA:2,6
DA:3,6
DA:7,3
DA:8,3
DA:12,2
DA:13,2
DA:14,2
DA:18,4
DA:22,3
DA:23,3
DA:24,3
DA:25,13
DA:26,11
DA:27,3
DA:29,8
DA:32,3
LF:16
LH:16
BRDA:3,0,0,5
BRDA:3,0,1,1
BRDA:3,1,0,5
BRDA:3,1,1,0
BRDA:25,2,0,2
BRDA:25,2,1,11
BRDA:26,3,0,3
BRDA:26,3,1,8
BRF:8
BRH:7
end_of_record
TN:
SF:utils/IndexedDBUtils.ts
FN:12,openDB
FN:13,(anonymous_1)
FN:16,(anonymous_2)
FN:17,(anonymous_3)
FN:19,(anonymous_4)
FN:31,setFileCache
FN:33,(anonymous_6)
FN:38,(anonymous_7)
FN:39,(anonymous_8)
FN:43,getFileCache
FN:45,(anonymous_10)
FN:50,(anonymous_11)
FN:51,(anonymous_12)
FN:57,deleteFileCache
FN:59,(anonymous_14)
FN:64,(anonymous_15)
FN:65,(anonymous_16)
FN:69,clearCache
FN:71,(anonymous_18)
FN:76,(anonymous_19)
FN:77,(anonymous_20)
FNF:21
FNH:0
FNDA:0,openDB
FNDA:0,(anonymous_1)
FNDA:0,(anonymous_2)
FNDA:0,(anonymous_3)
FNDA:0,(anonymous_4)
FNDA:0,setFileCache
FNDA:0,(anonymous_6)
FNDA:0,(anonymous_7)
FNDA:0,(anonymous_8)
FNDA:0,getFileCache
FNDA:0,(anonymous_10)
FNDA:0,(anonymous_11)
FNDA:0,(anonymous_12)
FNDA:0,deleteFileCache
FNDA:0,(anonymous_14)
FNDA:0,(anonymous_15)
FNDA:0,(anonymous_16)
FNDA:0,clearCache
FNDA:0,(anonymous_18)
FNDA:0,(anonymous_19)
FNDA:0,(anonymous_20)
DA:8,0
DA:9,0
DA:10,0
DA:13,0
DA:14,0
DA:16,0
DA:17,0
DA:19,0
DA:20,0
DA:21,0
DA:22,0
DA:24,0
DA:25,0
DA:32,0
DA:33,0
DA:34,0
DA:35,0
DA:36,0
DA:38,0
DA:39,0
DA:44,0
DA:45,0
DA:46,0
DA:47,0
DA:48,0
DA:50,0
DA:51,0
DA:52,0
DA:58,0
DA:59,0
DA:60,0
DA:61,0
DA:62,0
DA:64,0
DA:65,0
DA:70,0
DA:71,0
DA:72,0
DA:73,0
DA:74,0
DA:76,0
DA:77,0
LF:42
LH:0
BRDA:21,0,0,0
BRDA:21,0,1,0
BRDA:24,1,0,0
BRDA:24,1,1,0
BRDA:52,2,0,0
BRDA:52,2,1,0
BRF:6
BRH:0
end_of_record
TN:
SF:utils/MarkdownUtils.ts
FN:15,extractTOC
FN:65,findBestHeadingMatch
FNF:2
FNH:2
FNDA:4,extractTOC
FNDA:4,findBestHeadingMatch
DA:16,4
DA:18,4
DA:19,4
DA:20,4
DA:26,4
DA:28,4
DA:29,14
DA:32,14
DA:33,2
DA:34,2
DA:36,12
DA:38,11
DA:39,11
DA:40,9
DA:41,9
DA:44,9
DA:49,9
DA:50,9
DA:59,4
DA:69,4
DA:71,3
DA:72,3
DA:74,3
DA:75,9
DA:76,9
DA:77,6
DA:78,6
DA:82,3
LF:28
LH:28
BRDA:16,0,0,0
BRDA:16,0,1,4
BRDA:32,1,0,2
BRDA:32,1,1,12
BRDA:36,2,0,1
BRDA:36,2,1,11
BRDA:39,3,0,9
BRDA:39,3,1,2
BRDA:49,4,0,9
BRDA:49,4,1,0
BRDA:69,5,0,1
BRDA:69,5,1,3
BRDA:76,6,0,6
BRDA:76,6,1,3
BRF:14
BRH:12
end_of_record
TN:
SF:utils/TabUtils.ts
FN:14,pinTab
FN:33,closeOthers
FN:34,(anonymous_2)
FN:40,closeAll
FN:47,handleTabSelection
FNF:5
FNH:5
FNDA:1,pinTab
FNDA:1,closeOthers
FNDA:3,(anonymous_2)
FNDA:1,closeAll
FNDA:4,handleTabSelection
DA:18,1
DA:20,1
DA:24,1
DA:34,3
DA:41,1
DA:57,4
DA:59,1
DA:63,1
DA:70,3
DA:71,1
DA:78,2
LF:11
LH:11
BRDA:18,0,0,0
BRDA:18,0,1,1
BRDA:20,1,0,0
BRDA:20,1,1,1
BRDA:57,2,0,1
BRDA:57,2,1,3
BRDA:59,3,0,0
BRDA:59,3,1,1
BRDA:65,4,0,1
BRDA:65,4,1,0
BRDA:70,5,0,1
BRDA:70,5,1,2
BRDA:73,6,0,0
BRDA:73,6,1,1
BRF:14
BRH:9
end_of_record
